[0.055s] Invoking command in '/home/open/work/src/build/realsense2_description': AMENT_PREFIX_PATH=/home/open/work/src/install/realsense2_camera_msgs:${AMENT_PREFIX_PATH} CMAKE_PREFIX_PATH=/home/open/work/src/install/realsense2_camera_msgs:/opt/ros/humble LD_LIBRARY_PATH=/home/open/work/src/install/realsense2_camera_msgs/lib:${LD_LIBRARY_PATH} PYTHONPATH=/home/open/work/src/install/realsense2_camera_msgs/local/lib/python3.10/dist-packages:${PYTHONPATH} /usr/bin/cmake /home/open/work/src/realsense-ros/realsense2_description -DCMAKE_INSTALL_PREFIX=/home/open/work/src/install/realsense2_description
[0.278s] -- The C compiler identification is GNU 11.4.0
[0.548s] -- The CXX compiler identification is GNU 11.4.0
[0.578s] -- Detecting C compiler ABI info
[0.880s] -- Detecting C compiler ABI info - done
[0.915s] -- Check for working C compiler: /usr/bin/cc - skipped
[0.916s] -- Detecting C compile features
[0.917s] -- Detecting C compile features - done
[0.930s] -- Detecting CXX compiler ABI info
[1.292s] -- Detecting CXX compiler ABI info - done
[1.332s] -- Check for working CXX compiler: /usr/bin/c++ - skipped
[1.337s] -- Detecting CXX compile features
[1.338s] -- Detecting CXX compile features - done
[1.361s] -- Found ament_cmake: 1.3.9 (/opt/ros/humble/share/ament_cmake/cmake)
[1.895s] -- Found Python3: /usr/bin/python3 (found version "3.10.12") found components: Interpreter 
[2.504s] -- Configuring done
[2.514s] -- Generating done
[2.517s] -- Build files have been written to: /home/open/work/src/build/realsense2_description
[2.544s] Invoked command in '/home/open/work/src/build/realsense2_description' returned '0': AMENT_PREFIX_PATH=/home/open/work/src/install/realsense2_camera_msgs:${AMENT_PREFIX_PATH} CMAKE_PREFIX_PATH=/home/open/work/src/install/realsense2_camera_msgs:/opt/ros/humble LD_LIBRARY_PATH=/home/open/work/src/install/realsense2_camera_msgs/lib:${LD_LIBRARY_PATH} PYTHONPATH=/home/open/work/src/install/realsense2_camera_msgs/local/lib/python3.10/dist-packages:${PYTHONPATH} /usr/bin/cmake /home/open/work/src/realsense-ros/realsense2_description -DCMAKE_INSTALL_PREFIX=/home/open/work/src/install/realsense2_description
[2.546s] Invoking command in '/home/open/work/src/build/realsense2_description': AMENT_PREFIX_PATH=/home/open/work/src/install/realsense2_camera_msgs:${AMENT_PREFIX_PATH} CMAKE_PREFIX_PATH=/home/open/work/src/install/realsense2_camera_msgs:/opt/ros/humble LD_LIBRARY_PATH=/home/open/work/src/install/realsense2_camera_msgs/lib:${LD_LIBRARY_PATH} PYTHONPATH=/home/open/work/src/install/realsense2_camera_msgs/local/lib/python3.10/dist-packages:${PYTHONPATH} /usr/bin/cmake --build /home/open/work/src/build/realsense2_description -- -j16 -l16
[2.723s] Invoked command in '/home/open/work/src/build/realsense2_description' returned '0': AMENT_PREFIX_PATH=/home/open/work/src/install/realsense2_camera_msgs:${AMENT_PREFIX_PATH} CMAKE_PREFIX_PATH=/home/open/work/src/install/realsense2_camera_msgs:/opt/ros/humble LD_LIBRARY_PATH=/home/open/work/src/install/realsense2_camera_msgs/lib:${LD_LIBRARY_PATH} PYTHONPATH=/home/open/work/src/install/realsense2_camera_msgs/local/lib/python3.10/dist-packages:${PYTHONPATH} /usr/bin/cmake --build /home/open/work/src/build/realsense2_description -- -j16 -l16
[2.804s] Invoking command in '/home/open/work/src/build/realsense2_description': AMENT_PREFIX_PATH=/home/open/work/src/install/realsense2_camera_msgs:${AMENT_PREFIX_PATH} CMAKE_PREFIX_PATH=/home/open/work/src/install/realsense2_camera_msgs:/opt/ros/humble LD_LIBRARY_PATH=/home/open/work/src/install/realsense2_camera_msgs/lib:${LD_LIBRARY_PATH} PYTHONPATH=/home/open/work/src/install/realsense2_camera_msgs/local/lib/python3.10/dist-packages:${PYTHONPATH} /usr/bin/cmake --install /home/open/work/src/build/realsense2_description
[2.839s] -- Install configuration: ""
[2.839s] -- Installing: /home/open/work/src/install/realsense2_description/share/realsense2_description/launch
[2.839s] -- Installing: /home/open/work/src/install/realsense2_description/share/realsense2_description/launch/launch_utils.py
[2.840s] -- Installing: /home/open/work/src/install/realsense2_description/share/realsense2_description/launch/view_model.launch.py
[2.840s] -- Installing: /home/open/work/src/install/realsense2_description/share/realsense2_description/meshes
[2.840s] -- Installing: /home/open/work/src/install/realsense2_description/share/realsense2_description/meshes/d435.dae
[2.905s] -- Installing: /home/open/work/src/install/realsense2_description/share/realsense2_description/meshes/d455.stl
[2.918s] -- Installing: /home/open/work/src/install/realsense2_description/share/realsense2_description/meshes/plug.stl
[2.923s] -- Installing: /home/open/work/src/install/realsense2_description/share/realsense2_description/meshes/plug_collision.stl
[2.928s] -- Installing: /home/open/work/src/install/realsense2_description/share/realsense2_description/meshes/d405.stl
[2.931s] -- Installing: /home/open/work/src/install/realsense2_description/share/realsense2_description/meshes/l515.dae
[3.047s] -- Installing: /home/open/work/src/install/realsense2_description/share/realsense2_description/meshes/d415.stl
[3.108s] -- Installing: /home/open/work/src/install/realsense2_description/share/realsense2_description/rviz
[3.111s] -- Installing: /home/open/work/src/install/realsense2_description/share/realsense2_description/rviz/urdf.rviz
[3.111s] -- Installing: /home/open/work/src/install/realsense2_description/share/realsense2_description/urdf
[3.112s] -- Installing: /home/open/work/src/install/realsense2_description/share/realsense2_description/urdf/test_d435_camera.urdf.xacro
[3.115s] -- Installing: /home/open/work/src/install/realsense2_description/share/realsense2_description/urdf/test_d435_multiple_cameras.urdf.xacro
[3.115s] -- Installing: /home/open/work/src/install/realsense2_description/share/realsense2_description/urdf/_d435.urdf.xacro
[3.116s] -- Installing: /home/open/work/src/install/realsense2_description/share/realsense2_description/urdf/test_d455_camera.urdf.xacro
[3.116s] -- Installing: /home/open/work/src/install/realsense2_description/share/realsense2_description/urdf/test_r410_camera.urdf.xacro
[3.116s] -- Installing: /home/open/work/src/install/realsense2_description/share/realsense2_description/urdf/test_r430_camera.urdf.xacro
[3.117s] -- Installing: /home/open/work/src/install/realsense2_description/share/realsense2_description/urdf/test_d405_camera.urdf.xacro
[3.120s] -- Installing: /home/open/work/src/install/realsense2_description/share/realsense2_description/urdf/_materials.urdf.xacro
[3.120s] -- Installing: /home/open/work/src/install/realsense2_description/share/realsense2_description/urdf/_d415.urdf.xacro
[3.120s] -- Installing: /home/open/work/src/install/realsense2_description/share/realsense2_description/urdf/test_d415_camera.urdf.xacro
[3.120s] -- Installing: /home/open/work/src/install/realsense2_description/share/realsense2_description/urdf/test_d435i_camera.urdf.xacro
[3.121s] -- Installing: /home/open/work/src/install/realsense2_description/share/realsense2_description/urdf/_r430.urdf.xacro
[3.121s] -- Installing: /home/open/work/src/install/realsense2_description/share/realsense2_description/urdf/_r410.urdf.xacro
[3.122s] -- Installing: /home/open/work/src/install/realsense2_description/share/realsense2_description/urdf/_d435i_imu_modules.urdf.xacro
[3.123s] -- Installing: /home/open/work/src/install/realsense2_description/share/realsense2_description/urdf/_d405.urdf.xacro
[3.123s] -- Installing: /home/open/work/src/install/realsense2_description/share/realsense2_description/urdf/_d435i.urdf.xacro
[3.123s] -- Installing: /home/open/work/src/install/realsense2_description/share/realsense2_description/urdf/_usb_plug.urdf.xacro
[3.124s] -- Installing: /home/open/work/src/install/realsense2_description/share/realsense2_description/urdf/_d455.urdf.xacro
[3.125s] -- Installing: /home/open/work/src/install/realsense2_description/share/ament_index/resource_index/package_run_dependencies/realsense2_description
[3.125s] -- Installing: /home/open/work/src/install/realsense2_description/share/ament_index/resource_index/parent_prefix_path/realsense2_description
[3.125s] -- Installing: /home/open/work/src/install/realsense2_description/share/realsense2_description/environment/ament_prefix_path.sh
[3.129s] -- Installing: /home/open/work/src/install/realsense2_description/share/realsense2_description/environment/ament_prefix_path.dsv
[3.129s] -- Installing: /home/open/work/src/install/realsense2_description/share/realsense2_description/environment/path.sh
[3.130s] -- Installing: /home/open/work/src/install/realsense2_description/share/realsense2_description/environment/path.dsv
[3.130s] -- Installing: /home/open/work/src/install/realsense2_description/share/realsense2_description/local_setup.bash
[3.130s] -- Installing: /home/open/work/src/install/realsense2_description/share/realsense2_description/local_setup.sh
[3.132s] -- Installing: /home/open/work/src/install/realsense2_description/share/realsense2_description/local_setup.zsh
[3.132s] -- Installing: /home/open/work/src/install/realsense2_description/share/realsense2_description/local_setup.dsv
[3.132s] -- Installing: /home/open/work/src/install/realsense2_description/share/realsense2_description/package.dsv
[3.132s] -- Installing: /home/open/work/src/install/realsense2_description/share/ament_index/resource_index/packages/realsense2_description
[3.133s] -- Installing: /home/open/work/src/install/realsense2_description/share/realsense2_description/cmake/realsense2_descriptionConfig.cmake
[3.133s] -- Installing: /home/open/work/src/install/realsense2_description/share/realsense2_description/cmake/realsense2_descriptionConfig-version.cmake
[3.136s] -- Installing: /home/open/work/src/install/realsense2_description/share/realsense2_description/package.xml
[3.141s] Invoked command in '/home/open/work/src/build/realsense2_description' returned '0': AMENT_PREFIX_PATH=/home/open/work/src/install/realsense2_camera_msgs:${AMENT_PREFIX_PATH} CMAKE_PREFIX_PATH=/home/open/work/src/install/realsense2_camera_msgs:/opt/ros/humble LD_LIBRARY_PATH=/home/open/work/src/install/realsense2_camera_msgs/lib:${LD_LIBRARY_PATH} PYTHONPATH=/home/open/work/src/install/realsense2_camera_msgs/local/lib/python3.10/dist-packages:${PYTHONPATH} /usr/bin/cmake --install /home/open/work/src/build/realsense2_description
