[1.763s] Invoking command in '/home/open/work/build/tutorial_interfaces': CMAKE_PREFIX_PATH=/opt/ros/humble /usr/bin/cmake /home/open/work/src/tutorial_interfaces -DCMAKE_INSTALL_PREFIX=/home/open/work/install/tutorial_interfaces
[1.892s] -- The C compiler identification is GNU 11.4.0
[2.030s] -- The CXX compiler identification is GNU 11.4.0
[2.049s] -- Detecting C compiler ABI info
[2.200s] -- Detecting C compiler ABI info - done
[2.236s] -- Check for working C compiler: /usr/bin/cc - skipped
[2.237s] -- Detecting C compile features
[2.239s] -- Detecting C compile features - done
[2.251s] -- Detecting CXX compiler ABI info
[2.465s] -- Detecting CXX compiler ABI info - done
[2.486s] -- Check for working CXX compiler: /usr/bin/c++ - skipped
[2.487s] -- Detecting CXX compile features
[2.488s] -- Detecting CXX compile features - done
[2.498s] -- Found ament_cmake: 1.3.9 (/opt/ros/humble/share/ament_cmake/cmake)
[2.995s] -- Found Python3: /usr/bin/python3 (found version "3.10.12") found components: Interpreter 
[3.268s] -- Found ament_lint_auto: 0.12.11 (/opt/ros/humble/share/ament_lint_auto/cmake)
[3.493s] -- Found geometry_msgs: 4.2.4 (/opt/ros/humble/share/geometry_msgs/cmake)
[3.598s] -- Found rosidl_generator_c: 3.1.5 (/opt/ros/humble/share/rosidl_generator_c/cmake)
[3.613s] -- Found rosidl_adapter: 3.1.5 (/opt/ros/humble/share/rosidl_adapter/cmake)
[3.637s] -- Found rosidl_generator_cpp: 3.1.5 (/opt/ros/humble/share/rosidl_generator_cpp/cmake)
[3.682s] -- Using all available rosidl_typesupport_c: rosidl_typesupport_fastrtps_c;rosidl_typesupport_introspection_c
[3.774s] -- Using all available rosidl_typesupport_cpp: rosidl_typesupport_fastrtps_cpp;rosidl_typesupport_introspection_cpp
[4.082s] -- Found rosidl_default_generators: 1.2.0 (/opt/ros/humble/share/rosidl_default_generators/cmake)
[4.693s] -- Found ament_cmake_ros: 0.10.0 (/opt/ros/humble/share/ament_cmake_ros/cmake)
[6.163s] -- Using all available rosidl_typesupport_c: rosidl_typesupport_fastrtps_c;rosidl_typesupport_introspection_c
[6.762s] -- Using all available rosidl_typesupport_cpp: rosidl_typesupport_fastrtps_cpp;rosidl_typesupport_introspection_cpp
[6.846s] -- Found PythonInterp: /usr/bin/python3 (found suitable version "3.10.12", minimum required is "3.6") 
[6.858s] -- Found python_cmake_module: 0.10.0 (/opt/ros/humble/share/python_cmake_module/cmake)
[6.989s] -- Found PythonLibs: /usr/lib/x86_64-linux-gnu/libpython3.10.so (found suitable version "3.10.12", minimum required is "3.5") 
[6.991s] -- Using PYTHON_EXECUTABLE: /usr/bin/python3
[6.991s] -- Using PYTHON_INCLUDE_DIRS: /usr/include/python3.10
[6.992s] -- Using PYTHON_LIBRARIES: /usr/lib/x86_64-linux-gnu/libpython3.10.so
[7.069s] -- Found PythonExtra: .so  
[7.334s] -- Added test 'lint_cmake' to check CMake code style
[7.346s] -- Added test 'xmllint' to check XML markup files
[7.381s] -- Configuring done
[7.599s] -- Generating done
[7.609s] -- Build files have been written to: /home/open/work/build/tutorial_interfaces
[7.634s] Invoked command in '/home/open/work/build/tutorial_interfaces' returned '0': CMAKE_PREFIX_PATH=/opt/ros/humble /usr/bin/cmake /home/open/work/src/tutorial_interfaces -DCMAKE_INSTALL_PREFIX=/home/open/work/install/tutorial_interfaces
[7.643s] Invoking command in '/home/open/work/build/tutorial_interfaces': CMAKE_PREFIX_PATH=/opt/ros/humble /usr/bin/cmake --build /home/open/work/build/tutorial_interfaces -- -j16 -l16
[7.855s] Invoked command in '/home/open/work/build/tutorial_interfaces' returned '-2': CMAKE_PREFIX_PATH=/opt/ros/humble /usr/bin/cmake --build /home/open/work/build/tutorial_interfaces -- -j16 -l16
