running egg_info
creating ../../../build/ros2_aruco/ros2_aruco.egg-info
writing ../../../build/ros2_aruco/ros2_aruco.egg-info/PKG-INFO
writing dependency_links to ../../../build/ros2_aruco/ros2_aruco.egg-info/dependency_links.txt
writing entry points to ../../../build/ros2_aruco/ros2_aruco.egg-info/entry_points.txt
writing requirements to ../../../build/ros2_aruco/ros2_aruco.egg-info/requires.txt
writing top-level names to ../../../build/ros2_aruco/ros2_aruco.egg-info/top_level.txt
writing manifest file '../../../build/ros2_aruco/ros2_aruco.egg-info/SOURCES.txt'
reading manifest file '../../../build/ros2_aruco/ros2_aruco.egg-info/SOURCES.txt'
writing manifest file '../../../build/ros2_aruco/ros2_aruco.egg-info/SOURCES.txt'
running build
running build_py
creating /home/open/work/build/ros2_aruco/build
creating /home/open/work/build/ros2_aruco/build/lib
creating /home/open/work/build/ros2_aruco/build/lib/ros2_aruco
copying ros2_aruco/aruco_node.py -> /home/open/work/build/ros2_aruco/build/lib/ros2_aruco
copying ros2_aruco/test_mask.py -> /home/open/work/build/ros2_aruco/build/lib/ros2_aruco
copying ros2_aruco/single_aruco_set_tf.py -> /home/open/work/build/ros2_aruco/build/lib/ros2_aruco
copying ros2_aruco/mask_color_and_depth_image.py -> /home/open/work/build/ros2_aruco/build/lib/ros2_aruco
copying ros2_aruco/aruco_generate_marker.py -> /home/open/work/build/ros2_aruco/build/lib/ros2_aruco
copying ros2_aruco/__init__.py -> /home/open/work/build/ros2_aruco/build/lib/ros2_aruco
copying ros2_aruco/three_points_cali_aruco.py -> /home/open/work/build/ros2_aruco/build/lib/ros2_aruco
copying ros2_aruco/transformations.py -> /home/open/work/build/ros2_aruco/build/lib/ros2_aruco
running install
running install_lib
creating /home/open/work/install/ros2_aruco/lib/python3.10/site-packages/ros2_aruco
copying /home/open/work/build/ros2_aruco/build/lib/ros2_aruco/aruco_node.py -> /home/open/work/install/ros2_aruco/lib/python3.10/site-packages/ros2_aruco
copying /home/open/work/build/ros2_aruco/build/lib/ros2_aruco/test_mask.py -> /home/open/work/install/ros2_aruco/lib/python3.10/site-packages/ros2_aruco
copying /home/open/work/build/ros2_aruco/build/lib/ros2_aruco/single_aruco_set_tf.py -> /home/open/work/install/ros2_aruco/lib/python3.10/site-packages/ros2_aruco
copying /home/open/work/build/ros2_aruco/build/lib/ros2_aruco/mask_color_and_depth_image.py -> /home/open/work/install/ros2_aruco/lib/python3.10/site-packages/ros2_aruco
copying /home/open/work/build/ros2_aruco/build/lib/ros2_aruco/aruco_generate_marker.py -> /home/open/work/install/ros2_aruco/lib/python3.10/site-packages/ros2_aruco
copying /home/open/work/build/ros2_aruco/build/lib/ros2_aruco/__init__.py -> /home/open/work/install/ros2_aruco/lib/python3.10/site-packages/ros2_aruco
copying /home/open/work/build/ros2_aruco/build/lib/ros2_aruco/three_points_cali_aruco.py -> /home/open/work/install/ros2_aruco/lib/python3.10/site-packages/ros2_aruco
copying /home/open/work/build/ros2_aruco/build/lib/ros2_aruco/transformations.py -> /home/open/work/install/ros2_aruco/lib/python3.10/site-packages/ros2_aruco
byte-compiling /home/open/work/install/ros2_aruco/lib/python3.10/site-packages/ros2_aruco/aruco_node.py to aruco_node.cpython-310.pyc
byte-compiling /home/open/work/install/ros2_aruco/lib/python3.10/site-packages/ros2_aruco/test_mask.py to test_mask.cpython-310.pyc
byte-compiling /home/open/work/install/ros2_aruco/lib/python3.10/site-packages/ros2_aruco/single_aruco_set_tf.py to single_aruco_set_tf.cpython-310.pyc
byte-compiling /home/open/work/install/ros2_aruco/lib/python3.10/site-packages/ros2_aruco/mask_color_and_depth_image.py to mask_color_and_depth_image.cpython-310.pyc
byte-compiling /home/open/work/install/ros2_aruco/lib/python3.10/site-packages/ros2_aruco/aruco_generate_marker.py to aruco_generate_marker.cpython-310.pyc
byte-compiling /home/open/work/install/ros2_aruco/lib/python3.10/site-packages/ros2_aruco/__init__.py to __init__.cpython-310.pyc
byte-compiling /home/open/work/install/ros2_aruco/lib/python3.10/site-packages/ros2_aruco/three_points_cali_aruco.py to three_points_cali_aruco.cpython-310.pyc
byte-compiling /home/open/work/install/ros2_aruco/lib/python3.10/site-packages/ros2_aruco/transformations.py to transformations.cpython-310.pyc
running install_data
creating /home/open/work/install/ros2_aruco/share/ament_index
creating /home/open/work/install/ros2_aruco/share/ament_index/resource_index
creating /home/open/work/install/ros2_aruco/share/ament_index/resource_index/packages
copying resource/ros2_aruco -> /home/open/work/install/ros2_aruco/share/ament_index/resource_index/packages
copying package.xml -> /home/open/work/install/ros2_aruco/share/ros2_aruco
running install_egg_info
Copying ../../../build/ros2_aruco/ros2_aruco.egg-info to /home/open/work/install/ros2_aruco/lib/python3.10/site-packages/ros2_aruco-0.1.0-py3.10.egg-info
running install_scripts
Installing aruco_generate_marker script to /home/open/work/install/ros2_aruco/lib/ros2_aruco
Installing hiwin_cali script to /home/open/work/install/ros2_aruco/lib/ros2_aruco
Installing mask_color_and_depth_image script to /home/open/work/install/ros2_aruco/lib/ros2_aruco
Installing test_mask script to /home/open/work/install/ros2_aruco/lib/ros2_aruco
Installing tm_aruco script to /home/open/work/install/ros2_aruco/lib/ros2_aruco
writing list of installed files to '/home/open/work/build/ros2_aruco/install.log'
