[1.778s] Invoking command in '/home/open/work/src/Hiwin_libmodbus/hiwin_example': PYTHONPATH=/home/open/work/src/build/hiwin_example/prefix_override:/usr/lib/python3/dist-packages/colcon_core/task/python/colcon_distutils_commands:/home/open/work/src/install/hiwin_example/lib/python3.10/site-packages:${PYTHONPATH} /usr/bin/python3 -W ignore:setup.py install is deprecated setup.py egg_info --egg-base ../../build/hiwin_example build --build-base /home/open/work/src/build/hiwin_example/build install --record /home/open/work/src/build/hiwin_example/install.log --single-version-externally-managed install_data
[2.152s] running egg_info
[2.153s] creating ../../build/hiwin_example/hiwin_example.egg-info
[2.154s] writing ../../build/hiwin_example/hiwin_example.egg-info/PKG-INFO
[2.154s] writing dependency_links to ../../build/hiwin_example/hiwin_example.egg-info/dependency_links.txt
[2.154s] writing entry points to ../../build/hiwin_example/hiwin_example.egg-info/entry_points.txt
[2.155s] writing requirements to ../../build/hiwin_example/hiwin_example.egg-info/requires.txt
[2.155s] writing top-level names to ../../build/hiwin_example/hiwin_example.egg-info/top_level.txt
[2.155s] writing manifest file '../../build/hiwin_example/hiwin_example.egg-info/SOURCES.txt'
[2.159s] reading manifest file '../../build/hiwin_example/hiwin_example.egg-info/SOURCES.txt'
[2.161s] writing manifest file '../../build/hiwin_example/hiwin_example.egg-info/SOURCES.txt'
[2.161s] running build
[2.161s] running build_py
[2.162s] creating /home/open/work/src/build/hiwin_example/build
[2.162s] creating /home/open/work/src/build/hiwin_example/build/lib
[2.162s] creating /home/open/work/src/build/hiwin_example/build/lib/hiwin_example
[2.162s] copying hiwin_example/Hiwin_move.py -> /home/open/work/src/build/hiwin_example/build/lib/hiwin_example
[2.162s] copying hiwin_example/mainHiwinphoto.py -> /home/open/work/src/build/hiwin_example/build/lib/hiwin_example
[2.163s] copying hiwin_example/Hiwinphoto2.py -> /home/open/work/src/build/hiwin_example/build/lib/hiwin_example
[2.163s] copying hiwin_example/hand_in_eye_calibration.py -> /home/open/work/src/build/hiwin_example/build/lib/hiwin_example
[2.163s] copying hiwin_example/YoloDetector.py -> /home/open/work/src/build/hiwin_example/build/lib/hiwin_example
[2.163s] copying hiwin_example/three_points_calibration_example.py -> /home/open/work/src/build/hiwin_example/build/lib/hiwin_example
[2.163s] copying hiwin_example/test_strategy_example .py -> /home/open/work/src/build/hiwin_example/build/lib/hiwin_example
[2.164s] copying hiwin_example/strategy_example.py -> /home/open/work/src/build/hiwin_example/build/lib/hiwin_example
[2.164s] copying hiwin_example/__init__.py -> /home/open/work/src/build/hiwin_example/build/lib/hiwin_example
[2.164s] copying hiwin_example/test.py -> /home/open/work/src/build/hiwin_example/build/lib/hiwin_example
[2.164s] copying hiwin_example/YoloDetector_class_node.py -> /home/open/work/src/build/hiwin_example/build/lib/hiwin_example
[2.164s] copying hiwin_example/movetest.py -> /home/open/work/src/build/hiwin_example/build/lib/hiwin_example
[2.165s] copying hiwin_example/transformations.py -> /home/open/work/src/build/hiwin_example/build/lib/hiwin_example
[2.166s] running install
[2.167s] running install_lib
[2.169s] creating /home/open/work/src/install/hiwin_example/lib/python3.10/site-packages/hiwin_example
[2.169s] copying /home/open/work/src/build/hiwin_example/build/lib/hiwin_example/Hiwin_move.py -> /home/open/work/src/install/hiwin_example/lib/python3.10/site-packages/hiwin_example
[2.169s] copying /home/open/work/src/build/hiwin_example/build/lib/hiwin_example/mainHiwinphoto.py -> /home/open/work/src/install/hiwin_example/lib/python3.10/site-packages/hiwin_example
[2.169s] copying /home/open/work/src/build/hiwin_example/build/lib/hiwin_example/Hiwinphoto2.py -> /home/open/work/src/install/hiwin_example/lib/python3.10/site-packages/hiwin_example
[2.170s] copying /home/open/work/src/build/hiwin_example/build/lib/hiwin_example/hand_in_eye_calibration.py -> /home/open/work/src/install/hiwin_example/lib/python3.10/site-packages/hiwin_example
[2.170s] copying /home/open/work/src/build/hiwin_example/build/lib/hiwin_example/YoloDetector.py -> /home/open/work/src/install/hiwin_example/lib/python3.10/site-packages/hiwin_example
[2.170s] copying /home/open/work/src/build/hiwin_example/build/lib/hiwin_example/three_points_calibration_example.py -> /home/open/work/src/install/hiwin_example/lib/python3.10/site-packages/hiwin_example
[2.170s] copying /home/open/work/src/build/hiwin_example/build/lib/hiwin_example/test_strategy_example .py -> /home/open/work/src/install/hiwin_example/lib/python3.10/site-packages/hiwin_example
[2.170s] copying /home/open/work/src/build/hiwin_example/build/lib/hiwin_example/strategy_example.py -> /home/open/work/src/install/hiwin_example/lib/python3.10/site-packages/hiwin_example
[2.171s] copying /home/open/work/src/build/hiwin_example/build/lib/hiwin_example/__init__.py -> /home/open/work/src/install/hiwin_example/lib/python3.10/site-packages/hiwin_example
[2.171s] copying /home/open/work/src/build/hiwin_example/build/lib/hiwin_example/test.py -> /home/open/work/src/install/hiwin_example/lib/python3.10/site-packages/hiwin_example
[2.171s] copying /home/open/work/src/build/hiwin_example/build/lib/hiwin_example/YoloDetector_class_node.py -> /home/open/work/src/install/hiwin_example/lib/python3.10/site-packages/hiwin_example
[2.171s] copying /home/open/work/src/build/hiwin_example/build/lib/hiwin_example/movetest.py -> /home/open/work/src/install/hiwin_example/lib/python3.10/site-packages/hiwin_example
[2.171s] copying /home/open/work/src/build/hiwin_example/build/lib/hiwin_example/transformations.py -> /home/open/work/src/install/hiwin_example/lib/python3.10/site-packages/hiwin_example
[2.173s] byte-compiling /home/open/work/src/install/hiwin_example/lib/python3.10/site-packages/hiwin_example/Hiwin_move.py to Hiwin_move.cpython-310.pyc
[2.181s] byte-compiling /home/open/work/src/install/hiwin_example/lib/python3.10/site-packages/hiwin_example/mainHiwinphoto.py to mainHiwinphoto.cpython-310.pyc
[2.185s] byte-compiling /home/open/work/src/install/hiwin_example/lib/python3.10/site-packages/hiwin_example/Hiwinphoto2.py to Hiwinphoto2.cpython-310.pyc
[2.191s] byte-compiling /home/open/work/src/install/hiwin_example/lib/python3.10/site-packages/hiwin_example/hand_in_eye_calibration.py to hand_in_eye_calibration.cpython-310.pyc
[2.195s] byte-compiling /home/open/work/src/install/hiwin_example/lib/python3.10/site-packages/hiwin_example/YoloDetector.py to YoloDetector.cpython-310.pyc
[2.197s] byte-compiling /home/open/work/src/install/hiwin_example/lib/python3.10/site-packages/hiwin_example/three_points_calibration_example.py to three_points_calibration_example.cpython-310.pyc
[2.204s] byte-compiling /home/open/work/src/install/hiwin_example/lib/python3.10/site-packages/hiwin_example/test_strategy_example .py to test_strategy_example .cpython-310.pyc
[2.215s] byte-compiling /home/open/work/src/install/hiwin_example/lib/python3.10/site-packages/hiwin_example/strategy_example.py to strategy_example.cpython-310.pyc
[2.227s] byte-compiling /home/open/work/src/install/hiwin_example/lib/python3.10/site-packages/hiwin_example/__init__.py to __init__.cpython-310.pyc
[2.227s] byte-compiling /home/open/work/src/install/hiwin_example/lib/python3.10/site-packages/hiwin_example/test.py to test.cpython-310.pyc
[2.230s] byte-compiling /home/open/work/src/install/hiwin_example/lib/python3.10/site-packages/hiwin_example/YoloDetector_class_node.py to YoloDetector_class_node.cpython-310.pyc
[2.232s] byte-compiling /home/open/work/src/install/hiwin_example/lib/python3.10/site-packages/hiwin_example/movetest.py to movetest.cpython-310.pyc
[2.241s] byte-compiling /home/open/work/src/install/hiwin_example/lib/python3.10/site-packages/hiwin_example/transformations.py to transformations.cpython-310.pyc
[2.260s] running install_data
[2.260s] creating /home/open/work/src/install/hiwin_example/share/ament_index
[2.260s] creating /home/open/work/src/install/hiwin_example/share/ament_index/resource_index
[2.260s] creating /home/open/work/src/install/hiwin_example/share/ament_index/resource_index/packages
[2.260s] copying resource/hiwin_example -> /home/open/work/src/install/hiwin_example/share/ament_index/resource_index/packages
[2.261s] copying package.xml -> /home/open/work/src/install/hiwin_example/share/hiwin_example
[2.261s] creating /home/open/work/src/install/hiwin_example/share/hiwin_example/launch
[2.261s] copying launch/cup_three_points_calibration.launch.py -> /home/open/work/src/install/hiwin_example/share/hiwin_example/launch
[2.261s] copying launch/bag_three_points_calibration.launch.py -> /home/open/work/src/install/hiwin_example/share/hiwin_example/launch
[2.261s] copying launch/test_three_points_calibration.launch.py -> /home/open/work/src/install/hiwin_example/share/hiwin_example/launch
[2.261s] creating /home/open/work/src/install/hiwin_example/share/hiwin_example/config
[2.262s] copying config/test_cam.yaml -> /home/open/work/src/install/hiwin_example/share/hiwin_example/config
[2.262s] copying config/bag_cam.yaml -> /home/open/work/src/install/hiwin_example/share/hiwin_example/config
[2.262s] copying config/bag_cali_pose.yaml -> /home/open/work/src/install/hiwin_example/share/hiwin_example/config
[2.262s] copying config/cup_cam.yaml -> /home/open/work/src/install/hiwin_example/share/hiwin_example/config
[2.262s] copying config/test_cali_pose.yaml -> /home/open/work/src/install/hiwin_example/share/hiwin_example/config
[2.262s] copying config/cup_cali_pose.yaml -> /home/open/work/src/install/hiwin_example/share/hiwin_example/config
[2.263s] running install_egg_info
[2.266s] Copying ../../build/hiwin_example/hiwin_example.egg-info to /home/open/work/src/install/hiwin_example/lib/python3.10/site-packages/hiwin_example-0.0.0-py3.10.egg-info
[2.267s] running install_scripts
[2.316s] Installing hand_in_eye_calibration script to /home/open/work/src/install/hiwin_example/lib/hiwin_example
[2.316s] Installing strategy_example script to /home/open/work/src/install/hiwin_example/lib/hiwin_example
[2.316s] Installing test_jog script to /home/open/work/src/install/hiwin_example/lib/hiwin_example
[2.316s] Installing three_points_calibration_example script to /home/open/work/src/install/hiwin_example/lib/hiwin_example
[2.317s] writing list of installed files to '/home/open/work/src/build/hiwin_example/install.log'
[2.358s] Invoked command in '/home/open/work/src/Hiwin_libmodbus/hiwin_example' returned '0': PYTHONPATH=/home/open/work/src/build/hiwin_example/prefix_override:/usr/lib/python3/dist-packages/colcon_core/task/python/colcon_distutils_commands:/home/open/work/src/install/hiwin_example/lib/python3.10/site-packages:${PYTHONPATH} /usr/bin/python3 -W ignore:setup.py install is deprecated setup.py egg_info --egg-base ../../build/hiwin_example build --build-base /home/open/work/src/build/hiwin_example/build install --record /home/open/work/src/build/hiwin_example/install.log --single-version-externally-managed install_data
