[0.060s] Invoking command in '/home/open/work/src/build/realsense2_camera': AMENT_PREFIX_PATH=/home/open/work/src/install/realsense2_camera_msgs:${AMENT_PREFIX_PATH} CMAKE_PREFIX_PATH=/home/open/work/src/install/realsense2_camera_msgs:/opt/ros/humble LD_LIBRARY_PATH=/home/open/work/src/install/realsense2_camera_msgs/lib:${LD_LIBRARY_PATH} PYTHONPATH=/home/open/work/src/install/realsense2_camera_msgs/local/lib/python3.10/dist-packages:${PYTHONPATH} /usr/bin/cmake /home/open/work/src/realsense-ros/realsense2_camera -DCMAKE_INSTALL_PREFIX=/home/open/work/src/install/realsense2_camera
[0.304s] -- The C compiler identification is GNU 11.4.0
[0.489s] -- The CXX compiler identification is GNU 11.4.0
[0.524s] -- Detecting C compiler ABI info
[0.787s] -- Detecting C compiler ABI info - done
[0.828s] -- Check for working C compiler: /usr/bin/cc - skipped
[0.828s] -- Detecting C compile features
[0.832s] -- Detecting C compile features - done
[0.843s] -- Detecting CXX compiler ABI info
[1.157s] -- Detecting CXX compiler ABI info - done
[1.212s] -- Check for working CXX compiler: /usr/bin/c++ - skipped
[1.212s] -- Detecting CXX compile features
[1.214s] -- Detecting CXX compile features - done
[1.217s] -- Create Release Build.
[1.230s] -- Found ament_cmake: 1.3.9 (/opt/ros/humble/share/ament_cmake/cmake)
[1.758s] -- Found Python3: /usr/bin/python3 (found version "3.10.12") found components: Interpreter 
[2.059s] -- Found builtin_interfaces: 1.2.1 (/opt/ros/humble/share/builtin_interfaces/cmake)
[2.236s] -- Found rosidl_generator_c: 3.1.5 (/opt/ros/humble/share/rosidl_generator_c/cmake)
[2.260s] -- Found rosidl_adapter: 3.1.5 (/opt/ros/humble/share/rosidl_adapter/cmake)
[2.309s] -- Found rosidl_generator_cpp: 3.1.5 (/opt/ros/humble/share/rosidl_generator_cpp/cmake)
[2.390s] -- Using all available rosidl_typesupport_c: rosidl_typesupport_fastrtps_c;rosidl_typesupport_introspection_c
[2.507s] -- Using all available rosidl_typesupport_cpp: rosidl_typesupport_fastrtps_cpp;rosidl_typesupport_introspection_cpp
[2.621s] -- Found cv_bridge: 3.2.1 (/opt/ros/humble/share/cv_bridge/cmake)
[3.369s] -- Found image_transport: 3.1.9 (/opt/ros/humble/share/image_transport/cmake)
[3.586s] -- Found rmw_implementation_cmake: 6.1.2 (/opt/ros/humble/share/rmw_implementation_cmake/cmake)
[3.601s] -- Found rmw_fastrtps_cpp: 6.2.6 (/opt/ros/humble/share/rmw_fastrtps_cpp/cmake)
[4.078s] -- Found OpenSSL: /usr/lib/x86_64-linux-gnu/libcrypto.so (found version "3.0.2")  
[4.228s] -- Found FastRTPS: /opt/ros/humble/include  
[4.394s] -- Using RMW implementation 'rmw_fastrtps_cpp' as default
[4.445s] -- Looking for pthread.h
[4.634s] -- Looking for pthread.h - found
[4.635s] -- Performing Test CMAKE_HAVE_LIBC_PTHREAD
[4.743s] -- Performing Test CMAKE_HAVE_LIBC_PTHREAD - Success
[4.745s] -- Found Threads: TRUE  
[5.081s] -- Found rclcpp_components: 16.0.9 (/opt/ros/humble/share/rclcpp_components/cmake)
[5.175s] -- Found realsense2_camera_msgs: 4.55.1 (/home/open/work/src/install/realsense2_camera_msgs/share/realsense2_camera_msgs/cmake)
[5.329s] -- Found nav_msgs: 4.2.4 (/opt/ros/humble/share/nav_msgs/cmake)
[5.469s] -- Found tf2_ros: 0.25.7 (/opt/ros/humble/share/tf2_ros/cmake)
[5.973s] -- Found diagnostic_updater: 4.0.0 (/opt/ros/humble/share/diagnostic_updater/cmake)
[6.102s] -- Found OpenCV: /usr (found version "4.5.4") found components: core 
[6.107s] -- Build for ROS2 Humble
[6.118s] -- Found ament_cmake_gtest: 1.3.9 (/opt/ros/humble/share/ament_cmake_gtest/cmake)
[6.127s] -- Found gtest sources under '/opt/ros/humble/src/gtest_vendor': C++ tests using 'Google Test' will be built
[6.136s] -- Found ament_cmake_pytest: 1.3.9 (/opt/ros/humble/share/ament_cmake_pytest/cmake)
[15.183s] -- rs_device_info:
[15.183s] -- Device Name                   Serial Number       Firmware Version
[15.183s] Intel RealSense D435I         939622073454        5.13.0.50
[15.183s] 
[15.183s] -- D455 device found
[20.829s] -- Configuring done
[20.905s] -- Generating done
[20.910s] -- Build files have been written to: /home/open/work/src/build/realsense2_camera
[20.935s] Invoked command in '/home/open/work/src/build/realsense2_camera' returned '0': AMENT_PREFIX_PATH=/home/open/work/src/install/realsense2_camera_msgs:${AMENT_PREFIX_PATH} CMAKE_PREFIX_PATH=/home/open/work/src/install/realsense2_camera_msgs:/opt/ros/humble LD_LIBRARY_PATH=/home/open/work/src/install/realsense2_camera_msgs/lib:${LD_LIBRARY_PATH} PYTHONPATH=/home/open/work/src/install/realsense2_camera_msgs/local/lib/python3.10/dist-packages:${PYTHONPATH} /usr/bin/cmake /home/open/work/src/realsense-ros/realsense2_camera -DCMAKE_INSTALL_PREFIX=/home/open/work/src/install/realsense2_camera
[20.938s] Invoking command in '/home/open/work/src/build/realsense2_camera': AMENT_PREFIX_PATH=/home/open/work/src/install/realsense2_camera_msgs:${AMENT_PREFIX_PATH} CMAKE_PREFIX_PATH=/home/open/work/src/install/realsense2_camera_msgs:/opt/ros/humble LD_LIBRARY_PATH=/home/open/work/src/install/realsense2_camera_msgs/lib:${LD_LIBRARY_PATH} PYTHONPATH=/home/open/work/src/install/realsense2_camera_msgs/local/lib/python3.10/dist-packages:${PYTHONPATH} /usr/bin/cmake --build /home/open/work/src/build/realsense2_camera -- -j16 -l16
[21.046s] [  4%] [32mBuilding CXX object CMakeFiles/realsense2_camera_node.dir/rclcpp_components/node_main_realsense2_camera_node.cpp.o[0m
[21.050s] [  9%] [32mBuilding CXX object gtest/CMakeFiles/gtest.dir/src/gtest-all.cc.o[0m
[21.051s] [ 13%] [32mBuilding CXX object gtest/CMakeFiles/gtest_main.dir/src/gtest_main.cc.o[0m
[21.051s] [ 18%] [32mBuilding CXX object CMakeFiles/realsense2_camera.dir/src/parameters.cpp.o[0m
[21.051s] [ 22%] [32mBuilding CXX object CMakeFiles/realsense2_camera.dir/src/base_realsense_node.cpp.o[0m
[21.053s] [ 27%] [32mBuilding CXX object CMakeFiles/realsense2_camera.dir/src/realsense_node_factory.cpp.o[0m
[21.059s] [ 31%] [32mBuilding CXX object CMakeFiles/realsense2_camera.dir/src/rs_node_setup.cpp.o[0m
[21.065s] [ 40%] [32mBuilding CXX object CMakeFiles/realsense2_camera.dir/src/ros_sensor.cpp.o[0m
[21.070s] [ 36%] [32mBuilding CXX object CMakeFiles/realsense2_camera.dir/src/ros_utils.cpp.o[0m
[21.075s] [ 45%] [32mBuilding CXX object CMakeFiles/realsense2_camera.dir/src/dynamic_params.cpp.o[0m
[21.078s] [ 50%] [32mBuilding CXX object CMakeFiles/realsense2_camera.dir/src/sensor_params.cpp.o[0m
[21.079s] [ 54%] [32mBuilding CXX object CMakeFiles/realsense2_camera.dir/src/profile_manager.cpp.o[0m
[21.080s] [ 59%] [32mBuilding CXX object CMakeFiles/realsense2_camera.dir/src/image_publisher.cpp.o[0m
[21.087s] [ 63%] [32mBuilding CXX object CMakeFiles/realsense2_camera.dir/src/named_filter.cpp.o[0m
[21.092s] [ 72%] [32mBuilding CXX object CMakeFiles/realsense2_camera.dir/src/ros_param_backend.cpp.o[0m
[21.092s] [ 72%] [32mBuilding CXX object CMakeFiles/realsense2_camera.dir/src/tfs.cpp.o[0m
[24.199s] [ 77%] [32m[1mLinking CXX static library libgtest_main.a[0m
[24.369s] [ 77%] Built target gtest_main
[34.338s] [ 81%] [32m[1mLinking CXX executable realsense2_camera_node[0m
[34.836s] [ 81%] Built target realsense2_camera_node
[42.029s] [ 86%] [32m[1mLinking CXX static library libgtest.a[0m
[42.078s] [ 86%] Built target gtest
[42.105s] [ 90%] [32mBuilding CXX object CMakeFiles/gtest_template.dir/test/gtest_template.cpp.o[0m
[43.302s] [ 95%] [32m[1mLinking CXX executable gtest_template[0m
[43.436s] [ 95%] Built target gtest_template
[50.073s] [100%] [32m[1mLinking CXX shared library librealsense2_camera.so[0m
[50.420s] [100%] Built target realsense2_camera
[50.431s] Invoked command in '/home/open/work/src/build/realsense2_camera' returned '0': AMENT_PREFIX_PATH=/home/open/work/src/install/realsense2_camera_msgs:${AMENT_PREFIX_PATH} CMAKE_PREFIX_PATH=/home/open/work/src/install/realsense2_camera_msgs:/opt/ros/humble LD_LIBRARY_PATH=/home/open/work/src/install/realsense2_camera_msgs/lib:${LD_LIBRARY_PATH} PYTHONPATH=/home/open/work/src/install/realsense2_camera_msgs/local/lib/python3.10/dist-packages:${PYTHONPATH} /usr/bin/cmake --build /home/open/work/src/build/realsense2_camera -- -j16 -l16
[50.519s] Invoking command in '/home/open/work/src/build/realsense2_camera': AMENT_PREFIX_PATH=/home/open/work/src/install/realsense2_camera_msgs:${AMENT_PREFIX_PATH} CMAKE_PREFIX_PATH=/home/open/work/src/install/realsense2_camera_msgs:/opt/ros/humble LD_LIBRARY_PATH=/home/open/work/src/install/realsense2_camera_msgs/lib:${LD_LIBRARY_PATH} PYTHONPATH=/home/open/work/src/install/realsense2_camera_msgs/local/lib/python3.10/dist-packages:${PYTHONPATH} /usr/bin/cmake --install /home/open/work/src/build/realsense2_camera
[50.526s] -- Install configuration: "Release"
[50.526s] -- Installing: /home/open/work/src/install/realsense2_camera/lib/realsense2_camera/realsense2_camera_node
[50.526s] -- Set runtime path of "/home/open/work/src/install/realsense2_camera/lib/realsense2_camera/realsense2_camera_node" to ""
[50.526s] -- Installing: /home/open/work/src/install/realsense2_camera/lib/librealsense2_camera.so
[50.528s] -- Set runtime path of "/home/open/work/src/install/realsense2_camera/lib/librealsense2_camera.so" to ""
[50.529s] -- Installing: /home/open/work/src/install/realsense2_camera/include
[50.529s] -- Installing: /home/open/work/src/install/realsense2_camera/include/profile_manager.h
[50.529s] -- Installing: /home/open/work/src/install/realsense2_camera/include/ros_param_backend.h
[50.529s] -- Installing: /home/open/work/src/install/realsense2_camera/include/named_filter.h
[50.529s] -- Installing: /home/open/work/src/install/realsense2_camera/include/sensor_params.h
[50.529s] -- Installing: /home/open/work/src/install/realsense2_camera/include/realsense_node_factory.h
[50.529s] -- Installing: /home/open/work/src/install/realsense2_camera/include/ros_utils.h
[50.529s] -- Installing: /home/open/work/src/install/realsense2_camera/include/gl_window.h
[50.530s] -- Installing: /home/open/work/src/install/realsense2_camera/include/dynamic_params.h
[50.530s] -- Installing: /home/open/work/src/install/realsense2_camera/include/base_realsense_node.h
[50.530s] -- Installing: /home/open/work/src/install/realsense2_camera/include/ros_sensor.h
[50.530s] -- Installing: /home/open/work/src/install/realsense2_camera/include/image_publisher.h
[50.530s] -- Installing: /home/open/work/src/install/realsense2_camera/include/constants.h
[50.530s] -- Installing: /home/open/work/src/install/realsense2_camera/share/realsense2_camera/launch
[50.531s] -- Installing: /home/open/work/src/install/realsense2_camera/share/realsense2_camera/launch/rs_multi_camera_launch.py
[50.531s] -- Installing: /home/open/work/src/install/realsense2_camera/share/realsense2_camera/launch/rs_intra_process_demo_launch.py
[50.531s] -- Installing: /home/open/work/src/install/realsense2_camera/share/realsense2_camera/launch/rs_launch.py
[50.531s] -- Installing: /home/open/work/src/install/realsense2_camera/share/realsense2_camera/launch/default.rviz
[50.532s] -- Installing: /home/open/work/src/install/realsense2_camera/share/realsense2_camera/examples
[50.532s] -- Installing: /home/open/work/src/install/realsense2_camera/share/realsense2_camera/examples/launch_params_from_file
[50.532s] -- Installing: /home/open/work/src/install/realsense2_camera/share/realsense2_camera/examples/launch_params_from_file/rs_launch_get_params_from_yaml.py
[50.532s] -- Installing: /home/open/work/src/install/realsense2_camera/share/realsense2_camera/examples/launch_params_from_file/config
[50.532s] -- Installing: /home/open/work/src/install/realsense2_camera/share/realsense2_camera/examples/launch_params_from_file/config/config.yaml
[50.532s] -- Installing: /home/open/work/src/install/realsense2_camera/share/realsense2_camera/examples/launch_params_from_file/README.md
[50.533s] -- Installing: /home/open/work/src/install/realsense2_camera/share/realsense2_camera/examples/align_depth
[50.533s] -- Installing: /home/open/work/src/install/realsense2_camera/share/realsense2_camera/examples/align_depth/rs_align_depth_launch.py
[50.533s] -- Installing: /home/open/work/src/install/realsense2_camera/share/realsense2_camera/examples/align_depth/README.md
[50.533s] -- Installing: /home/open/work/src/install/realsense2_camera/share/realsense2_camera/examples/pointcloud
[50.533s] -- Installing: /home/open/work/src/install/realsense2_camera/share/realsense2_camera/examples/pointcloud/rs_d455_pointcloud_launch.py
[50.534s] -- Installing: /home/open/work/src/install/realsense2_camera/share/realsense2_camera/examples/pointcloud/rs_pointcloud_launch.py
[50.534s] -- Installing: /home/open/work/src/install/realsense2_camera/share/realsense2_camera/examples/pointcloud/rviz
[50.534s] -- Installing: /home/open/work/src/install/realsense2_camera/share/realsense2_camera/examples/pointcloud/rviz/urdf_pointcloud.rviz
[50.534s] -- Installing: /home/open/work/src/install/realsense2_camera/share/realsense2_camera/examples/pointcloud/rviz/pointcloud.rviz
[50.534s] -- Installing: /home/open/work/src/install/realsense2_camera/share/realsense2_camera/examples/pointcloud/rs_d405_pointcloud_launch.py
[50.534s] -- Installing: /home/open/work/src/install/realsense2_camera/share/realsense2_camera/examples/pointcloud/README.md
[50.535s] -- Installing: /home/open/work/src/install/realsense2_camera/share/realsense2_camera/examples/launch_from_rosbag
[50.535s] -- Installing: /home/open/work/src/install/realsense2_camera/share/realsense2_camera/examples/launch_from_rosbag/rs_launch_from_rosbag.py
[50.535s] -- Installing: /home/open/work/src/install/realsense2_camera/share/realsense2_camera/examples/launch_from_rosbag/README.md
[50.535s] -- Installing: /home/open/work/src/install/realsense2_camera/share/realsense2_camera/examples/dual_camera
[50.535s] -- Installing: /home/open/work/src/install/realsense2_camera/share/realsense2_camera/examples/dual_camera/rviz
[50.536s] -- Installing: /home/open/work/src/install/realsense2_camera/share/realsense2_camera/examples/dual_camera/rviz/dual_camera_pointcloud.rviz
[50.536s] -- Installing: /home/open/work/src/install/realsense2_camera/share/realsense2_camera/examples/dual_camera/rs_dual_camera_launch.py
[50.536s] -- Installing: /home/open/work/src/install/realsense2_camera/share/realsense2_camera/examples/dual_camera/README.md
[50.536s] -- Installing: /home/open/work/src/install/realsense2_camera/share/realsense2_camera/environment/library_path.sh
[50.536s] -- Installing: /home/open/work/src/install/realsense2_camera/share/realsense2_camera/environment/library_path.dsv
[50.537s] -- Installing: /home/open/work/src/install/realsense2_camera/share/ament_index/resource_index/package_run_dependencies/realsense2_camera
[50.537s] -- Installing: /home/open/work/src/install/realsense2_camera/share/ament_index/resource_index/parent_prefix_path/realsense2_camera
[50.537s] -- Installing: /home/open/work/src/install/realsense2_camera/share/realsense2_camera/environment/ament_prefix_path.sh
[50.537s] -- Installing: /home/open/work/src/install/realsense2_camera/share/realsense2_camera/environment/ament_prefix_path.dsv
[50.537s] -- Installing: /home/open/work/src/install/realsense2_camera/share/realsense2_camera/environment/path.sh
[50.537s] -- Installing: /home/open/work/src/install/realsense2_camera/share/realsense2_camera/environment/path.dsv
[50.537s] -- Installing: /home/open/work/src/install/realsense2_camera/share/realsense2_camera/local_setup.bash
[50.538s] -- Installing: /home/open/work/src/install/realsense2_camera/share/realsense2_camera/local_setup.sh
[50.538s] -- Installing: /home/open/work/src/install/realsense2_camera/share/realsense2_camera/local_setup.zsh
[50.538s] -- Installing: /home/open/work/src/install/realsense2_camera/share/realsense2_camera/local_setup.dsv
[50.538s] -- Installing: /home/open/work/src/install/realsense2_camera/share/realsense2_camera/package.dsv
[50.538s] -- Installing: /home/open/work/src/install/realsense2_camera/share/ament_index/resource_index/packages/realsense2_camera
[50.538s] -- Installing: /home/open/work/src/install/realsense2_camera/share/ament_index/resource_index/rclcpp_components/realsense2_camera
[50.538s] -- Installing: /home/open/work/src/install/realsense2_camera/share/realsense2_camera/cmake/ament_cmake_export_include_directories-extras.cmake
[50.539s] -- Installing: /home/open/work/src/install/realsense2_camera/share/realsense2_camera/cmake/ament_cmake_export_libraries-extras.cmake
[50.539s] -- Installing: /home/open/work/src/install/realsense2_camera/share/realsense2_camera/cmake/ament_cmake_export_dependencies-extras.cmake
[50.539s] -- Installing: /home/open/work/src/install/realsense2_camera/share/realsense2_camera/cmake/realsense2_cameraConfig.cmake
[50.539s] -- Installing: /home/open/work/src/install/realsense2_camera/share/realsense2_camera/cmake/realsense2_cameraConfig-version.cmake
[50.539s] -- Installing: /home/open/work/src/install/realsense2_camera/share/realsense2_camera/package.xml
[50.542s] Invoked command in '/home/open/work/src/build/realsense2_camera' returned '0': AMENT_PREFIX_PATH=/home/open/work/src/install/realsense2_camera_msgs:${AMENT_PREFIX_PATH} CMAKE_PREFIX_PATH=/home/open/work/src/install/realsense2_camera_msgs:/opt/ros/humble LD_LIBRARY_PATH=/home/open/work/src/install/realsense2_camera_msgs/lib:${LD_LIBRARY_PATH} PYTHONPATH=/home/open/work/src/install/realsense2_camera_msgs/local/lib/python3.10/dist-packages:${PYTHONPATH} /usr/bin/cmake --install /home/open/work/src/build/realsense2_camera
