Built target ament_cmake_python_copy_hand_eye_flexbe_behaviors_setup
Built target ament_cmake_python_copy_hand_eye_flexbe_behaviors
running egg_info
writing hand_eye_flexbe_behaviors.egg-info/PKG-INFO
writing dependency_links to hand_eye_flexbe_behaviors.egg-info/dependency_links.txt
writing top-level names to hand_eye_flexbe_behaviors.egg-info/top_level.txt
reading manifest file 'hand_eye_flexbe_behaviors.egg-info/SOURCES.txt'
writing manifest file 'hand_eye_flexbe_behaviors.egg-info/SOURCES.txt'
Built target ament_cmake_python_build_hand_eye_flexbe_behaviors_egg
-- Install configuration: ""
-- Up-to-date: /home/open/work/install/hand_eye_flexbe_behaviors/lib/hand_eye_flexbe_behaviors/manifest
-- Up-to-date: /home/open/work/install/hand_eye_flexbe_behaviors/lib/hand_eye_flexbe_behaviors/manifest/manual_hand_eye_calibration.xml
-- Up-to-date: /home/open/work/install/hand_eye_flexbe_behaviors/lib/hand_eye_flexbe_behaviors/manifest/automatic_hand_eye_calibration.xml
-- Up-to-date: /home/open/work/install/hand_eye_flexbe_behaviors/lib/hand_eye_flexbe_behaviors/manifest/hand_eye_calibration.xml
-- Up-to-date: /home/open/work/install/hand_eye_flexbe_behaviors/lib/hand_eye_flexbe_behaviors/manifest/camera_calibration.xml
-- Up-to-date: /home/open/work/install/hand_eye_flexbe_behaviors/lib/hand_eye_flexbe_behaviors/manifest/verify_calibraion.xml
-- Up-to-date: /home/open/work/install/hand_eye_flexbe_behaviors/lib/hand_eye_flexbe_behaviors/config
-- Up-to-date: /home/open/work/install/hand_eye_flexbe_behaviors/lib/hand_eye_flexbe_behaviors/config/example.yaml
-- Up-to-date: /home/open/work/install/hand_eye_flexbe_behaviors/share/hand_eye_flexbe_behaviors/environment/pythonpath.sh
-- Up-to-date: /home/open/work/install/hand_eye_flexbe_behaviors/share/hand_eye_flexbe_behaviors/environment/pythonpath.dsv
-- Up-to-date: /home/open/work/install/hand_eye_flexbe_behaviors/local/lib/python3.10/dist-packages/hand_eye_flexbe_behaviors-1.0.0-py3.10.egg-info
-- Installing: /home/open/work/install/hand_eye_flexbe_behaviors/local/lib/python3.10/dist-packages/hand_eye_flexbe_behaviors-1.0.0-py3.10.egg-info/PKG-INFO
-- Installing: /home/open/work/install/hand_eye_flexbe_behaviors/local/lib/python3.10/dist-packages/hand_eye_flexbe_behaviors-1.0.0-py3.10.egg-info/top_level.txt
-- Installing: /home/open/work/install/hand_eye_flexbe_behaviors/local/lib/python3.10/dist-packages/hand_eye_flexbe_behaviors-1.0.0-py3.10.egg-info/dependency_links.txt
-- Installing: /home/open/work/install/hand_eye_flexbe_behaviors/local/lib/python3.10/dist-packages/hand_eye_flexbe_behaviors-1.0.0-py3.10.egg-info/SOURCES.txt
-- Up-to-date: /home/open/work/install/hand_eye_flexbe_behaviors/local/lib/python3.10/dist-packages/hand_eye_flexbe_behaviors
-- Up-to-date: /home/open/work/install/hand_eye_flexbe_behaviors/local/lib/python3.10/dist-packages/hand_eye_flexbe_behaviors/hand_eye_calibration_sm.py
-- Up-to-date: /home/open/work/install/hand_eye_flexbe_behaviors/local/lib/python3.10/dist-packages/hand_eye_flexbe_behaviors/verify_calibraion_sm.py
-- Up-to-date: /home/open/work/install/hand_eye_flexbe_behaviors/local/lib/python3.10/dist-packages/hand_eye_flexbe_behaviors/automatic_hand_eye_calibration_sm.py
-- Up-to-date: /home/open/work/install/hand_eye_flexbe_behaviors/local/lib/python3.10/dist-packages/hand_eye_flexbe_behaviors/__init__.py
-- Up-to-date: /home/open/work/install/hand_eye_flexbe_behaviors/local/lib/python3.10/dist-packages/hand_eye_flexbe_behaviors/camera_calibration_sm.py
-- Up-to-date: /home/open/work/install/hand_eye_flexbe_behaviors/local/lib/python3.10/dist-packages/hand_eye_flexbe_behaviors/manual_hand_eye_calibration_sm.py
Listing '/home/open/work/install/hand_eye_flexbe_behaviors/local/lib/python3.10/dist-packages/hand_eye_flexbe_behaviors'...
-- Up-to-date: /home/open/work/install/hand_eye_flexbe_behaviors/share/ament_index/resource_index/package_run_dependencies/hand_eye_flexbe_behaviors
-- Up-to-date: /home/open/work/install/hand_eye_flexbe_behaviors/share/ament_index/resource_index/parent_prefix_path/hand_eye_flexbe_behaviors
-- Up-to-date: /home/open/work/install/hand_eye_flexbe_behaviors/share/hand_eye_flexbe_behaviors/environment/ament_prefix_path.sh
-- Up-to-date: /home/open/work/install/hand_eye_flexbe_behaviors/share/hand_eye_flexbe_behaviors/environment/ament_prefix_path.dsv
-- Up-to-date: /home/open/work/install/hand_eye_flexbe_behaviors/share/hand_eye_flexbe_behaviors/environment/path.sh
-- Up-to-date: /home/open/work/install/hand_eye_flexbe_behaviors/share/hand_eye_flexbe_behaviors/environment/path.dsv
-- Up-to-date: /home/open/work/install/hand_eye_flexbe_behaviors/share/hand_eye_flexbe_behaviors/local_setup.bash
-- Up-to-date: /home/open/work/install/hand_eye_flexbe_behaviors/share/hand_eye_flexbe_behaviors/local_setup.sh
-- Up-to-date: /home/open/work/install/hand_eye_flexbe_behaviors/share/hand_eye_flexbe_behaviors/local_setup.zsh
-- Up-to-date: /home/open/work/install/hand_eye_flexbe_behaviors/share/hand_eye_flexbe_behaviors/local_setup.dsv
-- Installing: /home/open/work/install/hand_eye_flexbe_behaviors/share/hand_eye_flexbe_behaviors/package.dsv
-- Up-to-date: /home/open/work/install/hand_eye_flexbe_behaviors/share/ament_index/resource_index/packages/hand_eye_flexbe_behaviors
-- Up-to-date: /home/open/work/install/hand_eye_flexbe_behaviors/share/hand_eye_flexbe_behaviors/cmake/hand_eye_flexbe_behaviorsConfig.cmake
-- Up-to-date: /home/open/work/install/hand_eye_flexbe_behaviors/share/hand_eye_flexbe_behaviors/cmake/hand_eye_flexbe_behaviorsConfig-version.cmake
-- Up-to-date: /home/open/work/install/hand_eye_flexbe_behaviors/share/hand_eye_flexbe_behaviors/package.xml
