[0.028s] Invoking command in '/home/open/work/build/hand_eye_flexbe_behaviors': CMAKE_PREFIX_PATH=/opt/ros/humble /usr/bin/cmake --build /home/open/work/build/hand_eye_flexbe_behaviors -- -j16 -l16
[1.079s] Built target ament_cmake_python_copy_hand_eye_flexbe_behaviors_setup
[1.079s] Built target ament_cmake_python_copy_hand_eye_flexbe_behaviors
[1.079s] running egg_info
[1.079s] writing hand_eye_flexbe_behaviors.egg-info/PKG-INFO
[1.079s] writing dependency_links to hand_eye_flexbe_behaviors.egg-info/dependency_links.txt
[1.079s] writing top-level names to hand_eye_flexbe_behaviors.egg-info/top_level.txt
[1.079s] reading manifest file 'hand_eye_flexbe_behaviors.egg-info/SOURCES.txt'
[1.080s] writing manifest file 'hand_eye_flexbe_behaviors.egg-info/SOURCES.txt'
[1.080s] Built target ament_cmake_python_build_hand_eye_flexbe_behaviors_egg
[1.083s] /usr/lib/python3/dist-packages/setuptools/dist.py:723: UserWarning: Usage of dash-separated 'script-dir' will not be supported in future versions. Please use the underscore name 'script_dir' instead
[1.083s]   warnings.warn(
[1.083s] /usr/lib/python3/dist-packages/setuptools/dist.py:723: UserWarning: Usage of dash-separated 'install-scripts' will not be supported in future versions. Please use the underscore name 'install_scripts' instead
[1.083s]   warnings.warn(
[1.102s] Invoked command in '/home/open/work/build/hand_eye_flexbe_behaviors' returned '0': CMAKE_PREFIX_PATH=/opt/ros/humble /usr/bin/cmake --build /home/open/work/build/hand_eye_flexbe_behaviors -- -j16 -l16
[1.194s] Invoking command in '/home/open/work/build/hand_eye_flexbe_behaviors': CMAKE_PREFIX_PATH=/opt/ros/humble /usr/bin/cmake --install /home/open/work/build/hand_eye_flexbe_behaviors
[1.224s] -- Install configuration: ""
[1.224s] -- Up-to-date: /home/open/work/install/hand_eye_flexbe_behaviors/lib/hand_eye_flexbe_behaviors/manifest
[1.224s] -- Up-to-date: /home/open/work/install/hand_eye_flexbe_behaviors/lib/hand_eye_flexbe_behaviors/manifest/manual_hand_eye_calibration.xml
[1.224s] -- Up-to-date: /home/open/work/install/hand_eye_flexbe_behaviors/lib/hand_eye_flexbe_behaviors/manifest/automatic_hand_eye_calibration.xml
[1.224s] -- Up-to-date: /home/open/work/install/hand_eye_flexbe_behaviors/lib/hand_eye_flexbe_behaviors/manifest/hand_eye_calibration.xml
[1.225s] -- Up-to-date: /home/open/work/install/hand_eye_flexbe_behaviors/lib/hand_eye_flexbe_behaviors/manifest/camera_calibration.xml
[1.225s] -- Up-to-date: /home/open/work/install/hand_eye_flexbe_behaviors/lib/hand_eye_flexbe_behaviors/manifest/verify_calibraion.xml
[1.225s] -- Up-to-date: /home/open/work/install/hand_eye_flexbe_behaviors/lib/hand_eye_flexbe_behaviors/config
[1.225s] -- Up-to-date: /home/open/work/install/hand_eye_flexbe_behaviors/lib/hand_eye_flexbe_behaviors/config/example.yaml
[1.225s] -- Up-to-date: /home/open/work/install/hand_eye_flexbe_behaviors/share/hand_eye_flexbe_behaviors/environment/pythonpath.sh
[1.225s] -- Up-to-date: /home/open/work/install/hand_eye_flexbe_behaviors/share/hand_eye_flexbe_behaviors/environment/pythonpath.dsv
[1.225s] -- Up-to-date: /home/open/work/install/hand_eye_flexbe_behaviors/local/lib/python3.10/dist-packages/hand_eye_flexbe_behaviors-1.0.0-py3.10.egg-info
[1.226s] -- Installing: /home/open/work/install/hand_eye_flexbe_behaviors/local/lib/python3.10/dist-packages/hand_eye_flexbe_behaviors-1.0.0-py3.10.egg-info/PKG-INFO
[1.226s] -- Installing: /home/open/work/install/hand_eye_flexbe_behaviors/local/lib/python3.10/dist-packages/hand_eye_flexbe_behaviors-1.0.0-py3.10.egg-info/top_level.txt
[1.226s] -- Installing: /home/open/work/install/hand_eye_flexbe_behaviors/local/lib/python3.10/dist-packages/hand_eye_flexbe_behaviors-1.0.0-py3.10.egg-info/dependency_links.txt
[1.226s] -- Installing: /home/open/work/install/hand_eye_flexbe_behaviors/local/lib/python3.10/dist-packages/hand_eye_flexbe_behaviors-1.0.0-py3.10.egg-info/SOURCES.txt
[1.226s] -- Up-to-date: /home/open/work/install/hand_eye_flexbe_behaviors/local/lib/python3.10/dist-packages/hand_eye_flexbe_behaviors
[1.226s] -- Up-to-date: /home/open/work/install/hand_eye_flexbe_behaviors/local/lib/python3.10/dist-packages/hand_eye_flexbe_behaviors/hand_eye_calibration_sm.py
[1.226s] -- Up-to-date: /home/open/work/install/hand_eye_flexbe_behaviors/local/lib/python3.10/dist-packages/hand_eye_flexbe_behaviors/verify_calibraion_sm.py
[1.227s] -- Up-to-date: /home/open/work/install/hand_eye_flexbe_behaviors/local/lib/python3.10/dist-packages/hand_eye_flexbe_behaviors/automatic_hand_eye_calibration_sm.py
[1.232s] -- Up-to-date: /home/open/work/install/hand_eye_flexbe_behaviors/local/lib/python3.10/dist-packages/hand_eye_flexbe_behaviors/__init__.py
[1.232s] -- Up-to-date: /home/open/work/install/hand_eye_flexbe_behaviors/local/lib/python3.10/dist-packages/hand_eye_flexbe_behaviors/camera_calibration_sm.py
[1.232s] -- Up-to-date: /home/open/work/install/hand_eye_flexbe_behaviors/local/lib/python3.10/dist-packages/hand_eye_flexbe_behaviors/manual_hand_eye_calibration_sm.py
[1.340s] Listing '/home/open/work/install/hand_eye_flexbe_behaviors/local/lib/python3.10/dist-packages/hand_eye_flexbe_behaviors'...
[1.354s] -- Up-to-date: /home/open/work/install/hand_eye_flexbe_behaviors/share/ament_index/resource_index/package_run_dependencies/hand_eye_flexbe_behaviors
[1.354s] -- Up-to-date: /home/open/work/install/hand_eye_flexbe_behaviors/share/ament_index/resource_index/parent_prefix_path/hand_eye_flexbe_behaviors
[1.354s] -- Up-to-date: /home/open/work/install/hand_eye_flexbe_behaviors/share/hand_eye_flexbe_behaviors/environment/ament_prefix_path.sh
[1.355s] -- Up-to-date: /home/open/work/install/hand_eye_flexbe_behaviors/share/hand_eye_flexbe_behaviors/environment/ament_prefix_path.dsv
[1.355s] -- Up-to-date: /home/open/work/install/hand_eye_flexbe_behaviors/share/hand_eye_flexbe_behaviors/environment/path.sh
[1.355s] -- Up-to-date: /home/open/work/install/hand_eye_flexbe_behaviors/share/hand_eye_flexbe_behaviors/environment/path.dsv
[1.355s] -- Up-to-date: /home/open/work/install/hand_eye_flexbe_behaviors/share/hand_eye_flexbe_behaviors/local_setup.bash
[1.355s] -- Up-to-date: /home/open/work/install/hand_eye_flexbe_behaviors/share/hand_eye_flexbe_behaviors/local_setup.sh
[1.355s] -- Up-to-date: /home/open/work/install/hand_eye_flexbe_behaviors/share/hand_eye_flexbe_behaviors/local_setup.zsh
[1.355s] -- Up-to-date: /home/open/work/install/hand_eye_flexbe_behaviors/share/hand_eye_flexbe_behaviors/local_setup.dsv
[1.355s] -- Installing: /home/open/work/install/hand_eye_flexbe_behaviors/share/hand_eye_flexbe_behaviors/package.dsv
[1.358s] -- Up-to-date: /home/open/work/install/hand_eye_flexbe_behaviors/share/ament_index/resource_index/packages/hand_eye_flexbe_behaviors
[1.361s] -- Up-to-date: /home/open/work/install/hand_eye_flexbe_behaviors/share/hand_eye_flexbe_behaviors/cmake/hand_eye_flexbe_behaviorsConfig.cmake
[1.361s] -- Up-to-date: /home/open/work/install/hand_eye_flexbe_behaviors/share/hand_eye_flexbe_behaviors/cmake/hand_eye_flexbe_behaviorsConfig-version.cmake
[1.361s] -- Up-to-date: /home/open/work/install/hand_eye_flexbe_behaviors/share/hand_eye_flexbe_behaviors/package.xml
[1.362s] Invoked command in '/home/open/work/build/hand_eye_flexbe_behaviors' returned '0': CMAKE_PREFIX_PATH=/opt/ros/humble /usr/bin/cmake --install /home/open/work/build/hand_eye_flexbe_behaviors
