[1.880s] Invoking command in '/home/open/work/src/py_pubsub': PYTHONPATH=/home/open/work/build/py_pubsub/prefix_override:/usr/lib/python3/dist-packages/colcon_core/task/python/colcon_distutils_commands:/home/open/work/install/py_pubsub/lib/python3.10/site-packages:${PYTHONPATH} /usr/bin/python3 -W ignore:setup.py install is deprecated setup.py egg_info --egg-base ../../build/py_pubsub build --build-base /home/open/work/build/py_pubsub/build install --record /home/open/work/build/py_pubsub/install.log --single-version-externally-managed install_data
[2.584s] running egg_info
[2.585s] writing ../../build/py_pubsub/py_pubsub.egg-info/PKG-INFO
[2.593s] writing dependency_links to ../../build/py_pubsub/py_pubsub.egg-info/dependency_links.txt
[2.593s] writing entry points to ../../build/py_pubsub/py_pubsub.egg-info/entry_points.txt
[2.593s] writing requirements to ../../build/py_pubsub/py_pubsub.egg-info/requires.txt
[2.593s] writing top-level names to ../../build/py_pubsub/py_pubsub.egg-info/top_level.txt
[2.601s] reading manifest file '../../build/py_pubsub/py_pubsub.egg-info/SOURCES.txt'
[2.608s] writing manifest file '../../build/py_pubsub/py_pubsub.egg-info/SOURCES.txt'
[2.608s] running build
[2.608s] running build_py
[2.609s] running install
[2.609s] running install_lib
[2.618s] running install_data
[2.624s] running install_egg_info
[2.624s] removing '/home/open/work/install/py_pubsub/lib/python3.10/site-packages/py_pubsub-0.0.0-py3.10.egg-info' (and everything under it)
[2.627s] Copying ../../build/py_pubsub/py_pubsub.egg-info to /home/open/work/install/py_pubsub/lib/python3.10/site-packages/py_pubsub-0.0.0-py3.10.egg-info
[2.632s] running install_scripts
[2.726s] Installing listener script to /home/open/work/install/py_pubsub/lib/py_pubsub
[2.730s] Installing talker script to /home/open/work/install/py_pubsub/lib/py_pubsub
[2.739s] writing list of installed files to '/home/open/work/build/py_pubsub/install.log'
[2.970s] Invoked command in '/home/open/work/src/py_pubsub' returned '0': PYTHONPATH=/home/open/work/build/py_pubsub/prefix_override:/usr/lib/python3/dist-packages/colcon_core/task/python/colcon_distutils_commands:/home/open/work/install/py_pubsub/lib/python3.10/site-packages:${PYTHONPATH} /usr/bin/python3 -W ignore:setup.py install is deprecated setup.py egg_info --egg-base ../../build/py_pubsub build --build-base /home/open/work/build/py_pubsub/build install --record /home/open/work/build/py_pubsub/install.log --single-version-externally-managed install_data
