[1.942s] Invoking command in '/home/open/work/src/Hiwin_libmodbus/hiwin_example': PYTHONPATH=/home/open/work/build/hiwin_example/prefix_override:/usr/lib/python3/dist-packages/colcon_core/task/python/colcon_distutils_commands:/home/open/work/install/hiwin_example/lib/python3.10/site-packages:${PYTHONPATH} /usr/bin/python3 -W ignore:setup.py install is deprecated setup.py egg_info --egg-base ../../../build/hiwin_example build --build-base /home/open/work/build/hiwin_example/build install --record /home/open/work/build/hiwin_example/install.log --single-version-externally-managed install_data
[2.726s] running egg_info
[2.727s] writing ../../../build/hiwin_example/hiwin_example.egg-info/PKG-INFO
[2.729s] writing dependency_links to ../../../build/hiwin_example/hiwin_example.egg-info/dependency_links.txt
[2.729s] writing entry points to ../../../build/hiwin_example/hiwin_example.egg-info/entry_points.txt
[2.729s] writing requirements to ../../../build/hiwin_example/hiwin_example.egg-info/requires.txt
[2.729s] writing top-level names to ../../../build/hiwin_example/hiwin_example.egg-info/top_level.txt
[2.747s] reading manifest file '../../../build/hiwin_example/hiwin_example.egg-info/SOURCES.txt'
[2.749s] writing manifest file '../../../build/hiwin_example/hiwin_example.egg-info/SOURCES.txt'
[2.758s] running build
[2.758s] running build_py
[2.760s] running install
[2.760s] running install_lib
[2.770s] running install_data
[2.781s] running install_egg_info
[2.781s] removing '/home/open/work/install/hiwin_example/lib/python3.10/site-packages/hiwin_example-0.0.0-py3.10.egg-info' (and everything under it)
[2.781s] Copying ../../../build/hiwin_example/hiwin_example.egg-info to /home/open/work/install/hiwin_example/lib/python3.10/site-packages/hiwin_example-0.0.0-py3.10.egg-info
[2.790s] running install_scripts
[2.883s] Installing hand_in_eye_calibration script to /home/open/work/install/hiwin_example/lib/hiwin_example
[2.888s] Installing strategy_example script to /home/open/work/install/hiwin_example/lib/hiwin_example
[2.888s] Installing test_jog script to /home/open/work/install/hiwin_example/lib/hiwin_example
[2.888s] Installing three_points_calibration_example script to /home/open/work/install/hiwin_example/lib/hiwin_example
[2.890s] writing list of installed files to '/home/open/work/build/hiwin_example/install.log'
[3.100s] Invoked command in '/home/open/work/src/Hiwin_libmodbus/hiwin_example' returned '0': PYTHONPATH=/home/open/work/build/hiwin_example/prefix_override:/usr/lib/python3/dist-packages/colcon_core/task/python/colcon_distutils_commands:/home/open/work/install/hiwin_example/lib/python3.10/site-packages:${PYTHONPATH} /usr/bin/python3 -W ignore:setup.py install is deprecated setup.py egg_info --egg-base ../../../build/hiwin_example build --build-base /home/open/work/build/hiwin_example/build install --record /home/open/work/build/hiwin_example/install.log --single-version-externally-managed install_data
