running egg_info
creating ../../../build/flexbe_states/flexbe_states.egg-info
writing ../../../build/flexbe_states/flexbe_states.egg-info/PKG-INFO
writing dependency_links to ../../../build/flexbe_states/flexbe_states.egg-info/dependency_links.txt
writing entry points to ../../../build/flexbe_states/flexbe_states.egg-info/entry_points.txt
writing requirements to ../../../build/flexbe_states/flexbe_states.egg-info/requires.txt
writing top-level names to ../../../build/flexbe_states/flexbe_states.egg-info/top_level.txt
writing manifest file '../../../build/flexbe_states/flexbe_states.egg-info/SOURCES.txt'
reading manifest file '../../../build/flexbe_states/flexbe_states.egg-info/SOURCES.txt'
writing manifest file '../../../build/flexbe_states/flexbe_states.egg-info/SOURCES.txt'
running build
running build_py
creating /home/open/work/src/build/flexbe_states/build
creating /home/open/work/src/build/flexbe_states/build/lib
creating /home/open/work/src/build/flexbe_states/build/lib/flexbe_states
copying flexbe_states/wait_state.py -> /home/open/work/src/build/flexbe_states/build/lib/flexbe_states
copying flexbe_states/flexible_calculation_state.py -> /home/open/work/src/build/flexbe_states/build/lib/flexbe_states
copying flexbe_states/flexible_check_condition_state.py -> /home/open/work/src/build/flexbe_states/build/lib/flexbe_states
copying flexbe_states/subscriber_state.py -> /home/open/work/src/build/flexbe_states/build/lib/flexbe_states
copying flexbe_states/publisher_empty_state.py -> /home/open/work/src/build/flexbe_states/build/lib/flexbe_states
copying flexbe_states/input_state.py -> /home/open/work/src/build/flexbe_states/build/lib/flexbe_states
copying flexbe_states/publisher_bool_state.py -> /home/open/work/src/build/flexbe_states/build/lib/flexbe_states
copying flexbe_states/calculation_state.py -> /home/open/work/src/build/flexbe_states/build/lib/flexbe_states
copying flexbe_states/__init__.py -> /home/open/work/src/build/flexbe_states/build/lib/flexbe_states
copying flexbe_states/log_state.py -> /home/open/work/src/build/flexbe_states/build/lib/flexbe_states
copying flexbe_states/operator_decision_state.py -> /home/open/work/src/build/flexbe_states/build/lib/flexbe_states
copying flexbe_states/publisher_string_state.py -> /home/open/work/src/build/flexbe_states/build/lib/flexbe_states
copying flexbe_states/decision_state.py -> /home/open/work/src/build/flexbe_states/build/lib/flexbe_states
copying flexbe_states/check_condition_state.py -> /home/open/work/src/build/flexbe_states/build/lib/flexbe_states
copying flexbe_states/log_key_state.py -> /home/open/work/src/build/flexbe_states/build/lib/flexbe_states
running install
running install_lib
creating /home/open/work/src/install/flexbe_states/lib/python3.10/site-packages/flexbe_states
copying /home/open/work/src/build/flexbe_states/build/lib/flexbe_states/wait_state.py -> /home/open/work/src/install/flexbe_states/lib/python3.10/site-packages/flexbe_states
copying /home/open/work/src/build/flexbe_states/build/lib/flexbe_states/flexible_calculation_state.py -> /home/open/work/src/install/flexbe_states/lib/python3.10/site-packages/flexbe_states
copying /home/open/work/src/build/flexbe_states/build/lib/flexbe_states/flexible_check_condition_state.py -> /home/open/work/src/install/flexbe_states/lib/python3.10/site-packages/flexbe_states
copying /home/open/work/src/build/flexbe_states/build/lib/flexbe_states/subscriber_state.py -> /home/open/work/src/install/flexbe_states/lib/python3.10/site-packages/flexbe_states
copying /home/open/work/src/build/flexbe_states/build/lib/flexbe_states/publisher_empty_state.py -> /home/open/work/src/install/flexbe_states/lib/python3.10/site-packages/flexbe_states
copying /home/open/work/src/build/flexbe_states/build/lib/flexbe_states/input_state.py -> /home/open/work/src/install/flexbe_states/lib/python3.10/site-packages/flexbe_states
copying /home/open/work/src/build/flexbe_states/build/lib/flexbe_states/publisher_bool_state.py -> /home/open/work/src/install/flexbe_states/lib/python3.10/site-packages/flexbe_states
copying /home/open/work/src/build/flexbe_states/build/lib/flexbe_states/calculation_state.py -> /home/open/work/src/install/flexbe_states/lib/python3.10/site-packages/flexbe_states
copying /home/open/work/src/build/flexbe_states/build/lib/flexbe_states/__init__.py -> /home/open/work/src/install/flexbe_states/lib/python3.10/site-packages/flexbe_states
copying /home/open/work/src/build/flexbe_states/build/lib/flexbe_states/log_state.py -> /home/open/work/src/install/flexbe_states/lib/python3.10/site-packages/flexbe_states
copying /home/open/work/src/build/flexbe_states/build/lib/flexbe_states/operator_decision_state.py -> /home/open/work/src/install/flexbe_states/lib/python3.10/site-packages/flexbe_states
copying /home/open/work/src/build/flexbe_states/build/lib/flexbe_states/publisher_string_state.py -> /home/open/work/src/install/flexbe_states/lib/python3.10/site-packages/flexbe_states
copying /home/open/work/src/build/flexbe_states/build/lib/flexbe_states/decision_state.py -> /home/open/work/src/install/flexbe_states/lib/python3.10/site-packages/flexbe_states
copying /home/open/work/src/build/flexbe_states/build/lib/flexbe_states/check_condition_state.py -> /home/open/work/src/install/flexbe_states/lib/python3.10/site-packages/flexbe_states
copying /home/open/work/src/build/flexbe_states/build/lib/flexbe_states/log_key_state.py -> /home/open/work/src/install/flexbe_states/lib/python3.10/site-packages/flexbe_states
byte-compiling /home/open/work/src/install/flexbe_states/lib/python3.10/site-packages/flexbe_states/wait_state.py to wait_state.cpython-310.pyc
byte-compiling /home/open/work/src/install/flexbe_states/lib/python3.10/site-packages/flexbe_states/flexible_calculation_state.py to flexible_calculation_state.cpython-310.pyc
byte-compiling /home/open/work/src/install/flexbe_states/lib/python3.10/site-packages/flexbe_states/flexible_check_condition_state.py to flexible_check_condition_state.cpython-310.pyc
byte-compiling /home/open/work/src/install/flexbe_states/lib/python3.10/site-packages/flexbe_states/subscriber_state.py to subscriber_state.cpython-310.pyc
byte-compiling /home/open/work/src/install/flexbe_states/lib/python3.10/site-packages/flexbe_states/publisher_empty_state.py to publisher_empty_state.cpython-310.pyc
byte-compiling /home/open/work/src/install/flexbe_states/lib/python3.10/site-packages/flexbe_states/input_state.py to input_state.cpython-310.pyc
byte-compiling /home/open/work/src/install/flexbe_states/lib/python3.10/site-packages/flexbe_states/publisher_bool_state.py to publisher_bool_state.cpython-310.pyc
byte-compiling /home/open/work/src/install/flexbe_states/lib/python3.10/site-packages/flexbe_states/calculation_state.py to calculation_state.cpython-310.pyc
byte-compiling /home/open/work/src/install/flexbe_states/lib/python3.10/site-packages/flexbe_states/__init__.py to __init__.cpython-310.pyc
byte-compiling /home/open/work/src/install/flexbe_states/lib/python3.10/site-packages/flexbe_states/log_state.py to log_state.cpython-310.pyc
byte-compiling /home/open/work/src/install/flexbe_states/lib/python3.10/site-packages/flexbe_states/operator_decision_state.py to operator_decision_state.cpython-310.pyc
byte-compiling /home/open/work/src/install/flexbe_states/lib/python3.10/site-packages/flexbe_states/publisher_string_state.py to publisher_string_state.cpython-310.pyc
byte-compiling /home/open/work/src/install/flexbe_states/lib/python3.10/site-packages/flexbe_states/decision_state.py to decision_state.cpython-310.pyc
byte-compiling /home/open/work/src/install/flexbe_states/lib/python3.10/site-packages/flexbe_states/check_condition_state.py to check_condition_state.cpython-310.pyc
byte-compiling /home/open/work/src/install/flexbe_states/lib/python3.10/site-packages/flexbe_states/log_key_state.py to log_key_state.cpython-310.pyc
running install_data
creating /home/open/work/src/install/flexbe_states/share/ament_index
creating /home/open/work/src/install/flexbe_states/share/ament_index/resource_index
creating /home/open/work/src/install/flexbe_states/share/ament_index/resource_index/packages
copying resource/flexbe_states -> /home/open/work/src/install/flexbe_states/share/ament_index/resource_index/packages
copying package.xml -> /home/open/work/src/install/flexbe_states/share/flexbe_states
running install_egg_info
Copying ../../../build/flexbe_states/flexbe_states.egg-info to /home/open/work/src/install/flexbe_states/lib/python3.10/site-packages/flexbe_states-2.0.0-py3.10.egg-info
running install_scripts
writing list of installed files to '/home/open/work/src/build/flexbe_states/install.log'
