[1.541s] Invoking command in '/home/open/work/src/hand-eye-calibration_ROS2/flexbe_behavior_engine/flexbe_states': AMENT_PREFIX_PATH=/home/open/work/src/install/flexbe_testing:/home/open/work/src/install/flexbe_core:/home/open/work/src/install/flexbe_msgs:${AMENT_PREFIX_PATH} CMAKE_PREFIX_PATH=/home/open/work/src/install/flexbe_testing:/home/open/work/src/install/flexbe_msgs LD_LIBRARY_PATH=/home/open/work/src/install/flexbe_msgs/lib:${LD_LIBRARY_PATH} PYTHONPATH=/home/open/work/src/build/flexbe_states/prefix_override:/usr/lib/python3/dist-packages/colcon_core/task/python/colcon_distutils_commands:/home/open/work/src/install/flexbe_states/lib/python3.10/site-packages:/home/open/work/src/install/flexbe_testing/local/lib/python3.10/dist-packages:/home/open/work/src/install/flexbe_core/lib/python3.10/site-packages:/home/open/work/src/install/flexbe_msgs/local/lib/python3.10/dist-packages:${PYTHONPATH} /usr/bin/python3 -W ignore:setup.py install is deprecated setup.py egg_info --egg-base ../../../build/flexbe_states build --build-base /home/open/work/src/build/flexbe_states/build install --record /home/open/work/src/build/flexbe_states/install.log --single-version-externally-managed install_data
[2.086s] running egg_info
[2.087s] creating ../../../build/flexbe_states/flexbe_states.egg-info
[2.088s] writing ../../../build/flexbe_states/flexbe_states.egg-info/PKG-INFO
[2.088s] writing dependency_links to ../../../build/flexbe_states/flexbe_states.egg-info/dependency_links.txt
[2.088s] writing entry points to ../../../build/flexbe_states/flexbe_states.egg-info/entry_points.txt
[2.089s] writing requirements to ../../../build/flexbe_states/flexbe_states.egg-info/requires.txt
[2.089s] writing top-level names to ../../../build/flexbe_states/flexbe_states.egg-info/top_level.txt
[2.089s] writing manifest file '../../../build/flexbe_states/flexbe_states.egg-info/SOURCES.txt'
[2.091s] reading manifest file '../../../build/flexbe_states/flexbe_states.egg-info/SOURCES.txt'
[2.094s] writing manifest file '../../../build/flexbe_states/flexbe_states.egg-info/SOURCES.txt'
[2.095s] running build
[2.095s] running build_py
[2.095s] creating /home/open/work/src/build/flexbe_states/build
[2.095s] creating /home/open/work/src/build/flexbe_states/build/lib
[2.095s] creating /home/open/work/src/build/flexbe_states/build/lib/flexbe_states
[2.095s] copying flexbe_states/wait_state.py -> /home/open/work/src/build/flexbe_states/build/lib/flexbe_states
[2.097s] copying flexbe_states/flexible_calculation_state.py -> /home/open/work/src/build/flexbe_states/build/lib/flexbe_states
[2.097s] copying flexbe_states/flexible_check_condition_state.py -> /home/open/work/src/build/flexbe_states/build/lib/flexbe_states
[2.097s] copying flexbe_states/subscriber_state.py -> /home/open/work/src/build/flexbe_states/build/lib/flexbe_states
[2.097s] copying flexbe_states/publisher_empty_state.py -> /home/open/work/src/build/flexbe_states/build/lib/flexbe_states
[2.098s] copying flexbe_states/input_state.py -> /home/open/work/src/build/flexbe_states/build/lib/flexbe_states
[2.098s] copying flexbe_states/publisher_bool_state.py -> /home/open/work/src/build/flexbe_states/build/lib/flexbe_states
[2.098s] copying flexbe_states/calculation_state.py -> /home/open/work/src/build/flexbe_states/build/lib/flexbe_states
[2.098s] copying flexbe_states/__init__.py -> /home/open/work/src/build/flexbe_states/build/lib/flexbe_states
[2.099s] copying flexbe_states/log_state.py -> /home/open/work/src/build/flexbe_states/build/lib/flexbe_states
[2.099s] copying flexbe_states/operator_decision_state.py -> /home/open/work/src/build/flexbe_states/build/lib/flexbe_states
[2.099s] copying flexbe_states/publisher_string_state.py -> /home/open/work/src/build/flexbe_states/build/lib/flexbe_states
[2.099s] copying flexbe_states/decision_state.py -> /home/open/work/src/build/flexbe_states/build/lib/flexbe_states
[2.100s] copying flexbe_states/check_condition_state.py -> /home/open/work/src/build/flexbe_states/build/lib/flexbe_states
[2.100s] copying flexbe_states/log_key_state.py -> /home/open/work/src/build/flexbe_states/build/lib/flexbe_states
[2.101s] running install
[2.102s] running install_lib
[2.104s] creating /home/open/work/src/install/flexbe_states/lib/python3.10/site-packages/flexbe_states
[2.104s] copying /home/open/work/src/build/flexbe_states/build/lib/flexbe_states/wait_state.py -> /home/open/work/src/install/flexbe_states/lib/python3.10/site-packages/flexbe_states
[2.104s] copying /home/open/work/src/build/flexbe_states/build/lib/flexbe_states/flexible_calculation_state.py -> /home/open/work/src/install/flexbe_states/lib/python3.10/site-packages/flexbe_states
[2.104s] copying /home/open/work/src/build/flexbe_states/build/lib/flexbe_states/flexible_check_condition_state.py -> /home/open/work/src/install/flexbe_states/lib/python3.10/site-packages/flexbe_states
[2.105s] copying /home/open/work/src/build/flexbe_states/build/lib/flexbe_states/subscriber_state.py -> /home/open/work/src/install/flexbe_states/lib/python3.10/site-packages/flexbe_states
[2.105s] copying /home/open/work/src/build/flexbe_states/build/lib/flexbe_states/publisher_empty_state.py -> /home/open/work/src/install/flexbe_states/lib/python3.10/site-packages/flexbe_states
[2.105s] copying /home/open/work/src/build/flexbe_states/build/lib/flexbe_states/input_state.py -> /home/open/work/src/install/flexbe_states/lib/python3.10/site-packages/flexbe_states
[2.105s] copying /home/open/work/src/build/flexbe_states/build/lib/flexbe_states/publisher_bool_state.py -> /home/open/work/src/install/flexbe_states/lib/python3.10/site-packages/flexbe_states
[2.105s] copying /home/open/work/src/build/flexbe_states/build/lib/flexbe_states/calculation_state.py -> /home/open/work/src/install/flexbe_states/lib/python3.10/site-packages/flexbe_states
[2.106s] copying /home/open/work/src/build/flexbe_states/build/lib/flexbe_states/__init__.py -> /home/open/work/src/install/flexbe_states/lib/python3.10/site-packages/flexbe_states
[2.106s] copying /home/open/work/src/build/flexbe_states/build/lib/flexbe_states/log_state.py -> /home/open/work/src/install/flexbe_states/lib/python3.10/site-packages/flexbe_states
[2.106s] copying /home/open/work/src/build/flexbe_states/build/lib/flexbe_states/operator_decision_state.py -> /home/open/work/src/install/flexbe_states/lib/python3.10/site-packages/flexbe_states
[2.107s] copying /home/open/work/src/build/flexbe_states/build/lib/flexbe_states/publisher_string_state.py -> /home/open/work/src/install/flexbe_states/lib/python3.10/site-packages/flexbe_states
[2.107s] copying /home/open/work/src/build/flexbe_states/build/lib/flexbe_states/decision_state.py -> /home/open/work/src/install/flexbe_states/lib/python3.10/site-packages/flexbe_states
[2.107s] copying /home/open/work/src/build/flexbe_states/build/lib/flexbe_states/check_condition_state.py -> /home/open/work/src/install/flexbe_states/lib/python3.10/site-packages/flexbe_states
[2.107s] copying /home/open/work/src/build/flexbe_states/build/lib/flexbe_states/log_key_state.py -> /home/open/work/src/install/flexbe_states/lib/python3.10/site-packages/flexbe_states
[2.107s] byte-compiling /home/open/work/src/install/flexbe_states/lib/python3.10/site-packages/flexbe_states/wait_state.py to wait_state.cpython-310.pyc
[2.108s] byte-compiling /home/open/work/src/install/flexbe_states/lib/python3.10/site-packages/flexbe_states/flexible_calculation_state.py to flexible_calculation_state.cpython-310.pyc
[2.108s] byte-compiling /home/open/work/src/install/flexbe_states/lib/python3.10/site-packages/flexbe_states/flexible_check_condition_state.py to flexible_check_condition_state.cpython-310.pyc
[2.109s] byte-compiling /home/open/work/src/install/flexbe_states/lib/python3.10/site-packages/flexbe_states/subscriber_state.py to subscriber_state.cpython-310.pyc
[2.116s] byte-compiling /home/open/work/src/install/flexbe_states/lib/python3.10/site-packages/flexbe_states/publisher_empty_state.py to publisher_empty_state.cpython-310.pyc
[2.116s] byte-compiling /home/open/work/src/install/flexbe_states/lib/python3.10/site-packages/flexbe_states/input_state.py to input_state.cpython-310.pyc
[2.116s] byte-compiling /home/open/work/src/install/flexbe_states/lib/python3.10/site-packages/flexbe_states/publisher_bool_state.py to publisher_bool_state.cpython-310.pyc
[2.116s] byte-compiling /home/open/work/src/install/flexbe_states/lib/python3.10/site-packages/flexbe_states/calculation_state.py to calculation_state.cpython-310.pyc
[2.117s] byte-compiling /home/open/work/src/install/flexbe_states/lib/python3.10/site-packages/flexbe_states/__init__.py to __init__.cpython-310.pyc
[2.117s] byte-compiling /home/open/work/src/install/flexbe_states/lib/python3.10/site-packages/flexbe_states/log_state.py to log_state.cpython-310.pyc
[2.117s] byte-compiling /home/open/work/src/install/flexbe_states/lib/python3.10/site-packages/flexbe_states/operator_decision_state.py to operator_decision_state.cpython-310.pyc
[2.117s] byte-compiling /home/open/work/src/install/flexbe_states/lib/python3.10/site-packages/flexbe_states/publisher_string_state.py to publisher_string_state.cpython-310.pyc
[2.117s] byte-compiling /home/open/work/src/install/flexbe_states/lib/python3.10/site-packages/flexbe_states/decision_state.py to decision_state.cpython-310.pyc
[2.117s] byte-compiling /home/open/work/src/install/flexbe_states/lib/python3.10/site-packages/flexbe_states/check_condition_state.py to check_condition_state.cpython-310.pyc
[2.118s] byte-compiling /home/open/work/src/install/flexbe_states/lib/python3.10/site-packages/flexbe_states/log_key_state.py to log_key_state.cpython-310.pyc
[2.119s] running install_data
[2.119s] creating /home/open/work/src/install/flexbe_states/share/ament_index
[2.119s] creating /home/open/work/src/install/flexbe_states/share/ament_index/resource_index
[2.119s] creating /home/open/work/src/install/flexbe_states/share/ament_index/resource_index/packages
[2.119s] copying resource/flexbe_states -> /home/open/work/src/install/flexbe_states/share/ament_index/resource_index/packages
[2.119s] copying package.xml -> /home/open/work/src/install/flexbe_states/share/flexbe_states
[2.120s] running install_egg_info
[2.120s] Copying ../../../build/flexbe_states/flexbe_states.egg-info to /home/open/work/src/install/flexbe_states/lib/python3.10/site-packages/flexbe_states-2.0.0-py3.10.egg-info
[2.121s] running install_scripts
[2.166s] writing list of installed files to '/home/open/work/src/build/flexbe_states/install.log'
[2.207s] Invoked command in '/home/open/work/src/hand-eye-calibration_ROS2/flexbe_behavior_engine/flexbe_states' returned '0': AMENT_PREFIX_PATH=/home/open/work/src/install/flexbe_testing:/home/open/work/src/install/flexbe_core:/home/open/work/src/install/flexbe_msgs:${AMENT_PREFIX_PATH} CMAKE_PREFIX_PATH=/home/open/work/src/install/flexbe_testing:/home/open/work/src/install/flexbe_msgs LD_LIBRARY_PATH=/home/open/work/src/install/flexbe_msgs/lib:${LD_LIBRARY_PATH} PYTHONPATH=/home/open/work/src/build/flexbe_states/prefix_override:/usr/lib/python3/dist-packages/colcon_core/task/python/colcon_distutils_commands:/home/open/work/src/install/flexbe_states/lib/python3.10/site-packages:/home/open/work/src/install/flexbe_testing/local/lib/python3.10/dist-packages:/home/open/work/src/install/flexbe_core/lib/python3.10/site-packages:/home/open/work/src/install/flexbe_msgs/local/lib/python3.10/dist-packages:${PYTHONPATH} /usr/bin/python3 -W ignore:setup.py install is deprecated setup.py egg_info --egg-base ../../../build/flexbe_states build --build-base /home/open/work/src/build/flexbe_states/build install --record /home/open/work/src/build/flexbe_states/install.log --single-version-externally-managed install_data
