[0.022s] Invoking command in '/home/open/work/src/build/hiwin_service_client': AMENT_PREFIX_PATH=/home/open/work/src/install/hiwin_libmodbus:/home/open/work/src/install/hiwin_interfaces:${AMENT_PREFIX_PATH} CMAKE_PREFIX_PATH=/home/open/work/src/install/hiwin_libmodbus:/home/open/work/src/install/hiwin_interfaces:/opt/ros/humble LD_LIBRARY_PATH=/home/open/work/src/install/hiwin_libmodbus/lib:/home/open/work/src/install/hiwin_interfaces/lib:${LD_LIBRARY_PATH} PYTHONPATH=/home/open/work/src/install/hiwin_libmodbus/local/lib/python3.10/dist-packages:/home/open/work/src/install/hiwin_interfaces/local/lib/python3.10/dist-packages:${PYTHONPATH} /usr/bin/cmake /home/open/work/src/Hiwin_libmodbus/hiwin_service_client -DCMAKE_INSTALL_PREFIX=/home/open/work/src/install/hiwin_service_client
[0.130s] -- The C compiler identification is GNU 11.4.0
[0.373s] -- The CXX compiler identification is GNU 11.4.0
[0.402s] -- Detecting C compiler ABI info
[0.630s] -- Detecting C compiler ABI info - done
[0.650s] -- Check for working C compiler: /usr/bin/cc - skipped
[0.651s] -- Detecting C compile features
[0.651s] -- Detecting C compile features - done
[0.659s] -- Detecting CXX compiler ABI info
[0.799s] -- Detecting CXX compiler ABI info - done
[0.820s] -- Check for working CXX compiler: /usr/bin/c++ - skipped
[0.820s] -- Detecting CXX compile features
[0.822s] -- Detecting CXX compile features - done
[0.831s] -- Found ament_cmake: 1.3.9 (/opt/ros/humble/share/ament_cmake/cmake)
[1.131s] -- Found Python3: /usr/bin/python3 (found version "3.10.12") found components: Interpreter 
[1.429s] -- Found hiwin_libmodbus: 0.0.0 (/home/open/work/src/install/hiwin_libmodbus/share/hiwin_libmodbus/cmake)
[1.435s] -- Found hiwin_interfaces: 0.0.0 (/home/open/work/src/install/hiwin_interfaces/share/hiwin_interfaces/cmake)
[1.663s] -- Found rosidl_generator_c: 3.1.5 (/opt/ros/humble/share/rosidl_generator_c/cmake)
[1.706s] -- Found rosidl_adapter: 3.1.5 (/opt/ros/humble/share/rosidl_adapter/cmake)
[1.777s] -- Found rosidl_generator_cpp: 3.1.5 (/opt/ros/humble/share/rosidl_generator_cpp/cmake)
[1.877s] -- Using all available rosidl_typesupport_c: rosidl_typesupport_fastrtps_c;rosidl_typesupport_introspection_c
[1.970s] -- Using all available rosidl_typesupport_cpp: rosidl_typesupport_fastrtps_cpp;rosidl_typesupport_introspection_cpp
[2.811s] -- Found rclpy: 3.3.13 (/opt/ros/humble/share/rclpy/cmake)
[2.821s] -- Found rclcpp: 16.0.9 (/opt/ros/humble/share/rclcpp/cmake)
[3.179s] -- Found rmw_implementation_cmake: 6.1.2 (/opt/ros/humble/share/rmw_implementation_cmake/cmake)
[3.192s] -- Found rmw_fastrtps_cpp: 6.2.6 (/opt/ros/humble/share/rmw_fastrtps_cpp/cmake)
[3.730s] -- Found OpenSSL: /usr/lib/x86_64-linux-gnu/libcrypto.so (found version "3.0.2")  
[3.905s] -- Found FastRTPS: /opt/ros/humble/include  
[4.111s] -- Using RMW implementation 'rmw_fastrtps_cpp' as default
[4.157s] -- Looking for pthread.h
[4.482s] -- Looking for pthread.h - found
[4.483s] -- Performing Test CMAKE_HAVE_LIBC_PTHREAD
[4.839s] -- Performing Test CMAKE_HAVE_LIBC_PTHREAD - Success
[4.845s] -- Found Threads: TRUE  
[5.311s] -- Found ament_lint_auto: 0.12.11 (/opt/ros/humble/share/ament_lint_auto/cmake)
[5.701s] -- Added test 'flake8' to check Python code syntax and style conventions
[5.706s] -- Added test 'lint_cmake' to check CMake code style
[5.711s] -- Added test 'pep257' to check Python code against some of the docstring style conventions in PEP 257
[5.713s] -- Added test 'xmllint' to check XML markup files
[5.721s] -- Configuring done
[5.746s] -- Generating done
[5.750s] -- Build files have been written to: /home/open/work/src/build/hiwin_service_client
[5.806s] Invoked command in '/home/open/work/src/build/hiwin_service_client' returned '0': AMENT_PREFIX_PATH=/home/open/work/src/install/hiwin_libmodbus:/home/open/work/src/install/hiwin_interfaces:${AMENT_PREFIX_PATH} CMAKE_PREFIX_PATH=/home/open/work/src/install/hiwin_libmodbus:/home/open/work/src/install/hiwin_interfaces:/opt/ros/humble LD_LIBRARY_PATH=/home/open/work/src/install/hiwin_libmodbus/lib:/home/open/work/src/install/hiwin_interfaces/lib:${LD_LIBRARY_PATH} PYTHONPATH=/home/open/work/src/install/hiwin_libmodbus/local/lib/python3.10/dist-packages:/home/open/work/src/install/hiwin_interfaces/local/lib/python3.10/dist-packages:${PYTHONPATH} /usr/bin/cmake /home/open/work/src/Hiwin_libmodbus/hiwin_service_client -DCMAKE_INSTALL_PREFIX=/home/open/work/src/install/hiwin_service_client
[5.808s] Invoking command in '/home/open/work/src/build/hiwin_service_client': AMENT_PREFIX_PATH=/home/open/work/src/install/hiwin_libmodbus:/home/open/work/src/install/hiwin_interfaces:${AMENT_PREFIX_PATH} CMAKE_PREFIX_PATH=/home/open/work/src/install/hiwin_libmodbus:/home/open/work/src/install/hiwin_interfaces:/opt/ros/humble LD_LIBRARY_PATH=/home/open/work/src/install/hiwin_libmodbus/lib:/home/open/work/src/install/hiwin_interfaces/lib:${LD_LIBRARY_PATH} PYTHONPATH=/home/open/work/src/install/hiwin_libmodbus/local/lib/python3.10/dist-packages:/home/open/work/src/install/hiwin_interfaces/local/lib/python3.10/dist-packages:${PYTHONPATH} /usr/bin/cmake --build /home/open/work/src/build/hiwin_service_client -- -j16 -l16
[6.049s] Invoked command in '/home/open/work/src/build/hiwin_service_client' returned '0': AMENT_PREFIX_PATH=/home/open/work/src/install/hiwin_libmodbus:/home/open/work/src/install/hiwin_interfaces:${AMENT_PREFIX_PATH} CMAKE_PREFIX_PATH=/home/open/work/src/install/hiwin_libmodbus:/home/open/work/src/install/hiwin_interfaces:/opt/ros/humble LD_LIBRARY_PATH=/home/open/work/src/install/hiwin_libmodbus/lib:/home/open/work/src/install/hiwin_interfaces/lib:${LD_LIBRARY_PATH} PYTHONPATH=/home/open/work/src/install/hiwin_libmodbus/local/lib/python3.10/dist-packages:/home/open/work/src/install/hiwin_interfaces/local/lib/python3.10/dist-packages:${PYTHONPATH} /usr/bin/cmake --build /home/open/work/src/build/hiwin_service_client -- -j16 -l16
[7.811s] Invoking command in '/home/open/work/src/build/hiwin_service_client': AMENT_PREFIX_PATH=/home/open/work/src/install/hiwin_libmodbus:/home/open/work/src/install/hiwin_interfaces:${AMENT_PREFIX_PATH} CMAKE_PREFIX_PATH=/home/open/work/src/install/hiwin_libmodbus:/home/open/work/src/install/hiwin_interfaces:/opt/ros/humble LD_LIBRARY_PATH=/home/open/work/src/install/hiwin_libmodbus/lib:/home/open/work/src/install/hiwin_interfaces/lib:${LD_LIBRARY_PATH} PYTHONPATH=/home/open/work/src/install/hiwin_libmodbus/local/lib/python3.10/dist-packages:/home/open/work/src/install/hiwin_interfaces/local/lib/python3.10/dist-packages:${PYTHONPATH} /usr/bin/cmake --install /home/open/work/src/build/hiwin_service_client
[7.842s] -- Install configuration: ""
[7.842s] -- Installing: /home/open/work/src/install/hiwin_service_client/share/ament_index/resource_index/package_run_dependencies/hiwin_service_client
[7.843s] -- Installing: /home/open/work/src/install/hiwin_service_client/share/ament_index/resource_index/parent_prefix_path/hiwin_service_client
[7.843s] -- Installing: /home/open/work/src/install/hiwin_service_client/share/hiwin_service_client/environment/ament_prefix_path.sh
[7.843s] -- Installing: /home/open/work/src/install/hiwin_service_client/share/hiwin_service_client/environment/ament_prefix_path.dsv
[7.844s] -- Installing: /home/open/work/src/install/hiwin_service_client/share/hiwin_service_client/environment/path.sh
[7.846s] -- Installing: /home/open/work/src/install/hiwin_service_client/share/hiwin_service_client/environment/path.dsv
[7.848s] -- Installing: /home/open/work/src/install/hiwin_service_client/share/hiwin_service_client/local_setup.bash
[7.848s] -- Installing: /home/open/work/src/install/hiwin_service_client/share/hiwin_service_client/local_setup.sh
[7.848s] -- Installing: /home/open/work/src/install/hiwin_service_client/share/hiwin_service_client/local_setup.zsh
[7.849s] -- Installing: /home/open/work/src/install/hiwin_service_client/share/hiwin_service_client/local_setup.dsv
[7.849s] -- Installing: /home/open/work/src/install/hiwin_service_client/share/hiwin_service_client/package.dsv
[7.849s] -- Installing: /home/open/work/src/install/hiwin_service_client/share/ament_index/resource_index/packages/hiwin_service_client
[7.850s] -- Installing: /home/open/work/src/install/hiwin_service_client/share/hiwin_service_client/cmake/hiwin_service_clientConfig.cmake
[7.852s] -- Installing: /home/open/work/src/install/hiwin_service_client/share/hiwin_service_client/cmake/hiwin_service_clientConfig-version.cmake
[7.852s] -- Installing: /home/open/work/src/install/hiwin_service_client/share/hiwin_service_client/package.xml
[7.878s] Invoked command in '/home/open/work/src/build/hiwin_service_client' returned '0': AMENT_PREFIX_PATH=/home/open/work/src/install/hiwin_libmodbus:/home/open/work/src/install/hiwin_interfaces:${AMENT_PREFIX_PATH} CMAKE_PREFIX_PATH=/home/open/work/src/install/hiwin_libmodbus:/home/open/work/src/install/hiwin_interfaces:/opt/ros/humble LD_LIBRARY_PATH=/home/open/work/src/install/hiwin_libmodbus/lib:/home/open/work/src/install/hiwin_interfaces/lib:${LD_LIBRARY_PATH} PYTHONPATH=/home/open/work/src/install/hiwin_libmodbus/local/lib/python3.10/dist-packages:/home/open/work/src/install/hiwin_interfaces/local/lib/python3.10/dist-packages:${PYTHONPATH} /usr/bin/cmake --install /home/open/work/src/build/hiwin_service_client
