[0.020s] Invoking command in '/home/open/work/src/build/flexbe_behavior_engine': AMENT_PREFIX_PATH=/home/open/work/src/install/flexbe_widget:/home/open/work/src/install/flexbe_onboard:/home/open/work/src/install/flexbe_states:/home/open/work/src/install/flexbe_testing:/home/open/work/src/install/flexbe_mirror:/home/open/work/src/install/flexbe_input:/home/open/work/src/install/flexbe_core:/home/open/work/src/install/flexbe_msgs:${AMENT_PREFIX_PATH} CMAKE_PREFIX_PATH=/home/open/work/src/install/flexbe_widget:/home/open/work/src/install/flexbe_testing:/home/open/work/src/install/flexbe_msgs:/opt/ros/humble LD_LIBRARY_PATH=/home/open/work/src/install/flexbe_msgs/lib:${LD_LIBRARY_PATH} PYTHONPATH=/home/open/work/src/install/flexbe_widget/local/lib/python3.10/dist-packages:/home/open/work/src/install/flexbe_onboard/lib/python3.10/site-packages:/home/open/work/src/install/flexbe_states/lib/python3.10/site-packages:/home/open/work/src/install/flexbe_testing/local/lib/python3.10/dist-packages:/home/open/work/src/install/flexbe_mirror/lib/python3.10/site-packages:/home/open/work/src/install/flexbe_input/lib/python3.10/site-packages:/home/open/work/src/install/flexbe_core/lib/python3.10/site-packages:/home/open/work/src/install/flexbe_msgs/local/lib/python3.10/dist-packages:${PYTHONPATH} /usr/bin/cmake /home/open/work/src/hand-eye-calibration_ROS2/flexbe_behavior_engine/flexbe_behavior_engine -DCMAKE_INSTALL_PREFIX=/home/open/work/src/install/flexbe_behavior_engine
[0.093s] -- The C compiler identification is GNU 11.4.0
[0.171s] -- The CXX compiler identification is GNU 11.4.0
[0.181s] -- Detecting C compiler ABI info
[0.270s] -- Detecting C compiler ABI info - done
[0.280s] -- Check for working C compiler: /usr/bin/cc - skipped
[0.281s] -- Detecting C compile features
[0.281s] -- Detecting C compile features - done
[0.286s] -- Detecting CXX compiler ABI info
[0.393s] -- Detecting CXX compiler ABI info - done
[0.403s] -- Check for working CXX compiler: /usr/bin/c++ - skipped
[0.403s] -- Detecting CXX compile features
[0.404s] -- Detecting CXX compile features - done
[0.408s] -- Found ament_cmake: 1.3.9 (/opt/ros/humble/share/ament_cmake/cmake)
[0.643s] -- Found Python3: /usr/bin/python3 (found version "3.10.12") found components: Interpreter 
[0.892s] -- Configuring done
[0.895s] -- Generating done
[0.896s] -- Build files have been written to: /home/open/work/src/build/flexbe_behavior_engine
[0.903s] Invoked command in '/home/open/work/src/build/flexbe_behavior_engine' returned '0': AMENT_PREFIX_PATH=/home/open/work/src/install/flexbe_widget:/home/open/work/src/install/flexbe_onboard:/home/open/work/src/install/flexbe_states:/home/open/work/src/install/flexbe_testing:/home/open/work/src/install/flexbe_mirror:/home/open/work/src/install/flexbe_input:/home/open/work/src/install/flexbe_core:/home/open/work/src/install/flexbe_msgs:${AMENT_PREFIX_PATH} CMAKE_PREFIX_PATH=/home/open/work/src/install/flexbe_widget:/home/open/work/src/install/flexbe_testing:/home/open/work/src/install/flexbe_msgs:/opt/ros/humble LD_LIBRARY_PATH=/home/open/work/src/install/flexbe_msgs/lib:${LD_LIBRARY_PATH} PYTHONPATH=/home/open/work/src/install/flexbe_widget/local/lib/python3.10/dist-packages:/home/open/work/src/install/flexbe_onboard/lib/python3.10/site-packages:/home/open/work/src/install/flexbe_states/lib/python3.10/site-packages:/home/open/work/src/install/flexbe_testing/local/lib/python3.10/dist-packages:/home/open/work/src/install/flexbe_mirror/lib/python3.10/site-packages:/home/open/work/src/install/flexbe_input/lib/python3.10/site-packages:/home/open/work/src/install/flexbe_core/lib/python3.10/site-packages:/home/open/work/src/install/flexbe_msgs/local/lib/python3.10/dist-packages:${PYTHONPATH} /usr/bin/cmake /home/open/work/src/hand-eye-calibration_ROS2/flexbe_behavior_engine/flexbe_behavior_engine -DCMAKE_INSTALL_PREFIX=/home/open/work/src/install/flexbe_behavior_engine
[0.904s] Invoking command in '/home/open/work/src/build/flexbe_behavior_engine': AMENT_PREFIX_PATH=/home/open/work/src/install/flexbe_widget:/home/open/work/src/install/flexbe_onboard:/home/open/work/src/install/flexbe_states:/home/open/work/src/install/flexbe_testing:/home/open/work/src/install/flexbe_mirror:/home/open/work/src/install/flexbe_input:/home/open/work/src/install/flexbe_core:/home/open/work/src/install/flexbe_msgs:${AMENT_PREFIX_PATH} CMAKE_PREFIX_PATH=/home/open/work/src/install/flexbe_widget:/home/open/work/src/install/flexbe_testing:/home/open/work/src/install/flexbe_msgs:/opt/ros/humble LD_LIBRARY_PATH=/home/open/work/src/install/flexbe_msgs/lib:${LD_LIBRARY_PATH} PYTHONPATH=/home/open/work/src/install/flexbe_widget/local/lib/python3.10/dist-packages:/home/open/work/src/install/flexbe_onboard/lib/python3.10/site-packages:/home/open/work/src/install/flexbe_states/lib/python3.10/site-packages:/home/open/work/src/install/flexbe_testing/local/lib/python3.10/dist-packages:/home/open/work/src/install/flexbe_mirror/lib/python3.10/site-packages:/home/open/work/src/install/flexbe_input/lib/python3.10/site-packages:/home/open/work/src/install/flexbe_core/lib/python3.10/site-packages:/home/open/work/src/install/flexbe_msgs/local/lib/python3.10/dist-packages:${PYTHONPATH} /usr/bin/cmake --build /home/open/work/src/build/flexbe_behavior_engine -- -j16 -l16
[0.949s] Invoked command in '/home/open/work/src/build/flexbe_behavior_engine' returned '0': AMENT_PREFIX_PATH=/home/open/work/src/install/flexbe_widget:/home/open/work/src/install/flexbe_onboard:/home/open/work/src/install/flexbe_states:/home/open/work/src/install/flexbe_testing:/home/open/work/src/install/flexbe_mirror:/home/open/work/src/install/flexbe_input:/home/open/work/src/install/flexbe_core:/home/open/work/src/install/flexbe_msgs:${AMENT_PREFIX_PATH} CMAKE_PREFIX_PATH=/home/open/work/src/install/flexbe_widget:/home/open/work/src/install/flexbe_testing:/home/open/work/src/install/flexbe_msgs:/opt/ros/humble LD_LIBRARY_PATH=/home/open/work/src/install/flexbe_msgs/lib:${LD_LIBRARY_PATH} PYTHONPATH=/home/open/work/src/install/flexbe_widget/local/lib/python3.10/dist-packages:/home/open/work/src/install/flexbe_onboard/lib/python3.10/site-packages:/home/open/work/src/install/flexbe_states/lib/python3.10/site-packages:/home/open/work/src/install/flexbe_testing/local/lib/python3.10/dist-packages:/home/open/work/src/install/flexbe_mirror/lib/python3.10/site-packages:/home/open/work/src/install/flexbe_input/lib/python3.10/site-packages:/home/open/work/src/install/flexbe_core/lib/python3.10/site-packages:/home/open/work/src/install/flexbe_msgs/local/lib/python3.10/dist-packages:${PYTHONPATH} /usr/bin/cmake --build /home/open/work/src/build/flexbe_behavior_engine -- -j16 -l16
[0.980s] Invoking command in '/home/open/work/src/build/flexbe_behavior_engine': AMENT_PREFIX_PATH=/home/open/work/src/install/flexbe_widget:/home/open/work/src/install/flexbe_onboard:/home/open/work/src/install/flexbe_states:/home/open/work/src/install/flexbe_testing:/home/open/work/src/install/flexbe_mirror:/home/open/work/src/install/flexbe_input:/home/open/work/src/install/flexbe_core:/home/open/work/src/install/flexbe_msgs:${AMENT_PREFIX_PATH} CMAKE_PREFIX_PATH=/home/open/work/src/install/flexbe_widget:/home/open/work/src/install/flexbe_testing:/home/open/work/src/install/flexbe_msgs:/opt/ros/humble LD_LIBRARY_PATH=/home/open/work/src/install/flexbe_msgs/lib:${LD_LIBRARY_PATH} PYTHONPATH=/home/open/work/src/install/flexbe_widget/local/lib/python3.10/dist-packages:/home/open/work/src/install/flexbe_onboard/lib/python3.10/site-packages:/home/open/work/src/install/flexbe_states/lib/python3.10/site-packages:/home/open/work/src/install/flexbe_testing/local/lib/python3.10/dist-packages:/home/open/work/src/install/flexbe_mirror/lib/python3.10/site-packages:/home/open/work/src/install/flexbe_input/lib/python3.10/site-packages:/home/open/work/src/install/flexbe_core/lib/python3.10/site-packages:/home/open/work/src/install/flexbe_msgs/local/lib/python3.10/dist-packages:${PYTHONPATH} /usr/bin/cmake --install /home/open/work/src/build/flexbe_behavior_engine
[0.989s] -- Install configuration: ""
[0.989s] -- Installing: /home/open/work/src/install/flexbe_behavior_engine/share/ament_index/resource_index/package_run_dependencies/flexbe_behavior_engine
[0.989s] -- Installing: /home/open/work/src/install/flexbe_behavior_engine/share/ament_index/resource_index/parent_prefix_path/flexbe_behavior_engine
[0.990s] -- Installing: /home/open/work/src/install/flexbe_behavior_engine/share/flexbe_behavior_engine/environment/ament_prefix_path.sh
[0.990s] -- Installing: /home/open/work/src/install/flexbe_behavior_engine/share/flexbe_behavior_engine/environment/ament_prefix_path.dsv
[0.990s] -- Installing: /home/open/work/src/install/flexbe_behavior_engine/share/flexbe_behavior_engine/environment/path.sh
[0.990s] -- Installing: /home/open/work/src/install/flexbe_behavior_engine/share/flexbe_behavior_engine/environment/path.dsv
[0.990s] -- Installing: /home/open/work/src/install/flexbe_behavior_engine/share/flexbe_behavior_engine/local_setup.bash
[0.991s] -- Installing: /home/open/work/src/install/flexbe_behavior_engine/share/flexbe_behavior_engine/local_setup.sh
[0.991s] -- Installing: /home/open/work/src/install/flexbe_behavior_engine/share/flexbe_behavior_engine/local_setup.zsh
[0.991s] -- Installing: /home/open/work/src/install/flexbe_behavior_engine/share/flexbe_behavior_engine/local_setup.dsv
[0.991s] -- Installing: /home/open/work/src/install/flexbe_behavior_engine/share/flexbe_behavior_engine/package.dsv
[0.991s] -- Installing: /home/open/work/src/install/flexbe_behavior_engine/share/ament_index/resource_index/packages/flexbe_behavior_engine
[0.991s] -- Installing: /home/open/work/src/install/flexbe_behavior_engine/share/flexbe_behavior_engine/cmake/flexbe_behavior_engineConfig.cmake
[0.992s] -- Installing: /home/open/work/src/install/flexbe_behavior_engine/share/flexbe_behavior_engine/cmake/flexbe_behavior_engineConfig-version.cmake
[0.992s] -- Installing: /home/open/work/src/install/flexbe_behavior_engine/share/flexbe_behavior_engine/package.xml
[0.996s] Invoked command in '/home/open/work/src/build/flexbe_behavior_engine' returned '0': AMENT_PREFIX_PATH=/home/open/work/src/install/flexbe_widget:/home/open/work/src/install/flexbe_onboard:/home/open/work/src/install/flexbe_states:/home/open/work/src/install/flexbe_testing:/home/open/work/src/install/flexbe_mirror:/home/open/work/src/install/flexbe_input:/home/open/work/src/install/flexbe_core:/home/open/work/src/install/flexbe_msgs:${AMENT_PREFIX_PATH} CMAKE_PREFIX_PATH=/home/open/work/src/install/flexbe_widget:/home/open/work/src/install/flexbe_testing:/home/open/work/src/install/flexbe_msgs:/opt/ros/humble LD_LIBRARY_PATH=/home/open/work/src/install/flexbe_msgs/lib:${LD_LIBRARY_PATH} PYTHONPATH=/home/open/work/src/install/flexbe_widget/local/lib/python3.10/dist-packages:/home/open/work/src/install/flexbe_onboard/lib/python3.10/site-packages:/home/open/work/src/install/flexbe_states/lib/python3.10/site-packages:/home/open/work/src/install/flexbe_testing/local/lib/python3.10/dist-packages:/home/open/work/src/install/flexbe_mirror/lib/python3.10/site-packages:/home/open/work/src/install/flexbe_input/lib/python3.10/site-packages:/home/open/work/src/install/flexbe_core/lib/python3.10/site-packages:/home/open/work/src/install/flexbe_msgs/local/lib/python3.10/dist-packages:${PYTHONPATH} /usr/bin/cmake --install /home/open/work/src/build/flexbe_behavior_engine
