-- The C compiler identification is GNU 11.4.0
-- The CXX compiler identification is GNU 11.4.0
-- Detecting C compiler ABI info
-- Detecting C compiler ABI info - done
-- Check for working C compiler: /usr/bin/cc - skipped
-- Detecting C compile features
-- Detecting C compile features - done
-- Detecting CXX compiler ABI info
-- Detecting CXX compiler ABI info - done
-- Check for working CXX compiler: /usr/bin/c++ - skipped
-- Detecting CXX compile features
-- Detecting CXX compile features - done
-- Found ament_cmake: 1.3.9 (/opt/ros/humble/share/ament_cmake/cmake)
-- Found Python3: /usr/bin/python3 (found version "3.10.12") found components: Interpreter 
-- Found rclcpp: 16.0.9 (/opt/ros/humble/share/rclcpp/cmake)
-- Found rosidl_generator_c: 3.1.5 (/opt/ros/humble/share/rosidl_generator_c/cmake)
-- Found rosidl_adapter: 3.1.5 (/opt/ros/humble/share/rosidl_adapter/cmake)
-- Found rosidl_generator_cpp: 3.1.5 (/opt/ros/humble/share/rosidl_generator_cpp/cmake)
-- Using all available rosidl_typesupport_c: rosidl_typesupport_fastrtps_c;rosidl_typesupport_introspection_c
-- Using all available rosidl_typesupport_cpp: rosidl_typesupport_fastrtps_cpp;rosidl_typesupport_introspection_cpp
-- Found rmw_implementation_cmake: 6.1.2 (/opt/ros/humble/share/rmw_implementation_cmake/cmake)
-- Found rmw_fastrtps_cpp: 6.2.6 (/opt/ros/humble/share/rmw_fastrtps_cpp/cmake)
-- Found OpenSSL: /usr/lib/x86_64-linux-gnu/libcrypto.so (found version "3.0.2")  
-- Found FastRTPS: /opt/ros/humble/include  
-- Using RMW implementation 'rmw_fastrtps_cpp' as default
-- Looking for pthread.h
-- Looking for pthread.h - found
-- Performing Test CMAKE_HAVE_LIBC_PTHREAD
-- Performing Test CMAKE_HAVE_LIBC_PTHREAD - Success
-- Found Threads: TRUE  
-- Found rclpy: 3.3.13 (/opt/ros/humble/share/rclpy/cmake)
-- Configuring done
-- Generating done
-- Build files have been written to: /home/open/work/src/build/flexbe_widget
Built target ament_cmake_python_copy_flexbe_widget_setup
Built target ament_cmake_python_copy_flexbe_widget
running egg_info
creating flexbe_widget.egg-info
writing flexbe_widget.egg-info/PKG-INFO
writing dependency_links to flexbe_widget.egg-info/dependency_links.txt
writing top-level names to flexbe_widget.egg-info/top_level.txt
writing manifest file 'flexbe_widget.egg-info/SOURCES.txt'
reading manifest file 'flexbe_widget.egg-info/SOURCES.txt'
writing manifest file 'flexbe_widget.egg-info/SOURCES.txt'
Built target ament_cmake_python_build_flexbe_widget_egg
-- Install configuration: ""
-- Installing: /home/open/work/src/install/flexbe_widget/lib/flexbe_widget/be_action_server
-- Installing: /home/open/work/src/install/flexbe_widget/lib/flexbe_widget/be_compress
-- Installing: /home/open/work/src/install/flexbe_widget/lib/flexbe_widget/be_launcher
-- Installing: /home/open/work/src/install/flexbe_widget/lib/flexbe_widget/breakpoint
-- Installing: /home/open/work/src/install/flexbe_widget/lib/flexbe_widget/create_repo
-- Installing: /home/open/work/src/install/flexbe_widget/lib/flexbe_widget/evaluate_logs
-- Installing: /home/open/work/src/install/flexbe_widget/share/flexbe_widget/launch
-- Installing: /home/open/work/src/install/flexbe_widget/share/flexbe_widget/launch/flexbe_action_server.launch.py
-- Installing: /home/open/work/src/install/flexbe_widget/share/flexbe_widget/environment/pythonpath.sh
-- Installing: /home/open/work/src/install/flexbe_widget/share/flexbe_widget/environment/pythonpath.dsv
-- Installing: /home/open/work/src/install/flexbe_widget/local/lib/python3.10/dist-packages/flexbe_widget-2.1.0-py3.10.egg-info
-- Installing: /home/open/work/src/install/flexbe_widget/local/lib/python3.10/dist-packages/flexbe_widget-2.1.0-py3.10.egg-info/PKG-INFO
-- Installing: /home/open/work/src/install/flexbe_widget/local/lib/python3.10/dist-packages/flexbe_widget-2.1.0-py3.10.egg-info/top_level.txt
-- Installing: /home/open/work/src/install/flexbe_widget/local/lib/python3.10/dist-packages/flexbe_widget-2.1.0-py3.10.egg-info/dependency_links.txt
-- Installing: /home/open/work/src/install/flexbe_widget/local/lib/python3.10/dist-packages/flexbe_widget-2.1.0-py3.10.egg-info/SOURCES.txt
-- Installing: /home/open/work/src/install/flexbe_widget/local/lib/python3.10/dist-packages/flexbe_widget
-- Installing: /home/open/work/src/install/flexbe_widget/local/lib/python3.10/dist-packages/flexbe_widget/behavior_launcher.py
-- Installing: /home/open/work/src/install/flexbe_widget/local/lib/python3.10/dist-packages/flexbe_widget/__init__.py
-- Installing: /home/open/work/src/install/flexbe_widget/local/lib/python3.10/dist-packages/flexbe_widget/behavior_action_server.py
-- Installing: /home/open/work/src/install/flexbe_widget/local/lib/python3.10/dist-packages/flexbe_widget/.gitignore
Listing '/home/open/work/src/install/flexbe_widget/local/lib/python3.10/dist-packages/flexbe_widget'...
Compiling '/home/open/work/src/install/flexbe_widget/local/lib/python3.10/dist-packages/flexbe_widget/__init__.py'...
Compiling '/home/open/work/src/install/flexbe_widget/local/lib/python3.10/dist-packages/flexbe_widget/behavior_action_server.py'...
Compiling '/home/open/work/src/install/flexbe_widget/local/lib/python3.10/dist-packages/flexbe_widget/behavior_launcher.py'...
-- Installing: /home/open/work/src/install/flexbe_widget/share/ament_index/resource_index/package_run_dependencies/flexbe_widget
-- Installing: /home/open/work/src/install/flexbe_widget/share/ament_index/resource_index/parent_prefix_path/flexbe_widget
-- Installing: /home/open/work/src/install/flexbe_widget/share/flexbe_widget/environment/ament_prefix_path.sh
-- Installing: /home/open/work/src/install/flexbe_widget/share/flexbe_widget/environment/ament_prefix_path.dsv
-- Installing: /home/open/work/src/install/flexbe_widget/share/flexbe_widget/environment/path.sh
-- Installing: /home/open/work/src/install/flexbe_widget/share/flexbe_widget/environment/path.dsv
-- Installing: /home/open/work/src/install/flexbe_widget/share/flexbe_widget/local_setup.bash
-- Installing: /home/open/work/src/install/flexbe_widget/share/flexbe_widget/local_setup.sh
-- Installing: /home/open/work/src/install/flexbe_widget/share/flexbe_widget/local_setup.zsh
-- Installing: /home/open/work/src/install/flexbe_widget/share/flexbe_widget/local_setup.dsv
-- Installing: /home/open/work/src/install/flexbe_widget/share/flexbe_widget/package.dsv
-- Installing: /home/open/work/src/install/flexbe_widget/share/ament_index/resource_index/packages/flexbe_widget
-- Installing: /home/open/work/src/install/flexbe_widget/share/flexbe_widget/cmake/flexbe_widgetConfig.cmake
-- Installing: /home/open/work/src/install/flexbe_widget/share/flexbe_widget/cmake/flexbe_widgetConfig-version.cmake
-- Installing: /home/open/work/src/install/flexbe_widget/share/flexbe_widget/package.xml
