[0.026s] Invoking command in '/home/open/work/src/build/flexbe_widget': AMENT_PREFIX_PATH=/home/open/work/src/install/flexbe_onboard:/home/open/work/src/install/flexbe_states:/home/open/work/src/install/flexbe_testing:/home/open/work/src/install/flexbe_mirror:/home/open/work/src/install/flexbe_core:/home/open/work/src/install/flexbe_msgs:${AMENT_PREFIX_PATH} CMAKE_PREFIX_PATH=/home/open/work/src/install/flexbe_testing:/home/open/work/src/install/flexbe_msgs:/opt/ros/humble LD_LIBRARY_PATH=/home/open/work/src/install/flexbe_msgs/lib:${LD_LIBRARY_PATH} PYTHONPATH=/home/open/work/src/install/flexbe_onboard/lib/python3.10/site-packages:/home/open/work/src/install/flexbe_states/lib/python3.10/site-packages:/home/open/work/src/install/flexbe_testing/local/lib/python3.10/dist-packages:/home/open/work/src/install/flexbe_mirror/lib/python3.10/site-packages:/home/open/work/src/install/flexbe_core/lib/python3.10/site-packages:/home/open/work/src/install/flexbe_msgs/local/lib/python3.10/dist-packages:${PYTHONPATH} /usr/bin/cmake /home/open/work/src/hand-eye-calibration_ROS2/flexbe_behavior_engine/flexbe_widget -DCMAKE_INSTALL_PREFIX=/home/open/work/src/install/flexbe_widget
[0.122s] -- The C compiler identification is GNU 11.4.0
[0.214s] -- The CXX compiler identification is GNU 11.4.0
[0.230s] -- Detecting C compiler ABI info
[0.376s] -- Detecting C compiler ABI info - done
[0.396s] -- Check for working C compiler: /usr/bin/cc - skipped
[0.397s] -- Detecting C compile features
[0.398s] -- Detecting C compile features - done
[0.405s] -- Detecting CXX compiler ABI info
[0.574s] -- Detecting CXX compiler ABI info - done
[0.599s] -- Check for working CXX compiler: /usr/bin/c++ - skipped
[0.599s] -- Detecting CXX compile features
[0.599s] -- Detecting CXX compile features - done
[0.605s] -- Found ament_cmake: 1.3.9 (/opt/ros/humble/share/ament_cmake/cmake)
[0.949s] -- Found Python3: /usr/bin/python3 (found version "3.10.12") found components: Interpreter 
[1.091s] -- Found rclcpp: 16.0.9 (/opt/ros/humble/share/rclcpp/cmake)
[1.160s] -- Found rosidl_generator_c: 3.1.5 (/opt/ros/humble/share/rosidl_generator_c/cmake)
[1.168s] -- Found rosidl_adapter: 3.1.5 (/opt/ros/humble/share/rosidl_adapter/cmake)
[1.181s] -- Found rosidl_generator_cpp: 3.1.5 (/opt/ros/humble/share/rosidl_generator_cpp/cmake)
[1.203s] -- Using all available rosidl_typesupport_c: rosidl_typesupport_fastrtps_c;rosidl_typesupport_introspection_c
[1.233s] -- Using all available rosidl_typesupport_cpp: rosidl_typesupport_fastrtps_cpp;rosidl_typesupport_introspection_cpp
[1.344s] -- Found rmw_implementation_cmake: 6.1.2 (/opt/ros/humble/share/rmw_implementation_cmake/cmake)
[1.348s] -- Found rmw_fastrtps_cpp: 6.2.6 (/opt/ros/humble/share/rmw_fastrtps_cpp/cmake)
[1.500s] -- Found OpenSSL: /usr/lib/x86_64-linux-gnu/libcrypto.so (found version "3.0.2")  
[1.571s] -- Found FastRTPS: /opt/ros/humble/include  
[1.707s] -- Using RMW implementation 'rmw_fastrtps_cpp' as default
[1.734s] -- Looking for pthread.h
[1.866s] -- Looking for pthread.h - found
[1.866s] -- Performing Test CMAKE_HAVE_LIBC_PTHREAD
[1.992s] -- Performing Test CMAKE_HAVE_LIBC_PTHREAD - Success
[1.994s] -- Found Threads: TRUE  
[2.297s] -- Found rclpy: 3.3.13 (/opt/ros/humble/share/rclpy/cmake)
[2.560s] -- Configuring done
[2.574s] -- Generating done
[2.577s] -- Build files have been written to: /home/open/work/src/build/flexbe_widget
[2.595s] Invoked command in '/home/open/work/src/build/flexbe_widget' returned '0': AMENT_PREFIX_PATH=/home/open/work/src/install/flexbe_onboard:/home/open/work/src/install/flexbe_states:/home/open/work/src/install/flexbe_testing:/home/open/work/src/install/flexbe_mirror:/home/open/work/src/install/flexbe_core:/home/open/work/src/install/flexbe_msgs:${AMENT_PREFIX_PATH} CMAKE_PREFIX_PATH=/home/open/work/src/install/flexbe_testing:/home/open/work/src/install/flexbe_msgs:/opt/ros/humble LD_LIBRARY_PATH=/home/open/work/src/install/flexbe_msgs/lib:${LD_LIBRARY_PATH} PYTHONPATH=/home/open/work/src/install/flexbe_onboard/lib/python3.10/site-packages:/home/open/work/src/install/flexbe_states/lib/python3.10/site-packages:/home/open/work/src/install/flexbe_testing/local/lib/python3.10/dist-packages:/home/open/work/src/install/flexbe_mirror/lib/python3.10/site-packages:/home/open/work/src/install/flexbe_core/lib/python3.10/site-packages:/home/open/work/src/install/flexbe_msgs/local/lib/python3.10/dist-packages:${PYTHONPATH} /usr/bin/cmake /home/open/work/src/hand-eye-calibration_ROS2/flexbe_behavior_engine/flexbe_widget -DCMAKE_INSTALL_PREFIX=/home/open/work/src/install/flexbe_widget
[2.598s] Invoking command in '/home/open/work/src/build/flexbe_widget': AMENT_PREFIX_PATH=/home/open/work/src/install/flexbe_onboard:/home/open/work/src/install/flexbe_states:/home/open/work/src/install/flexbe_testing:/home/open/work/src/install/flexbe_mirror:/home/open/work/src/install/flexbe_core:/home/open/work/src/install/flexbe_msgs:${AMENT_PREFIX_PATH} CMAKE_PREFIX_PATH=/home/open/work/src/install/flexbe_testing:/home/open/work/src/install/flexbe_msgs:/opt/ros/humble LD_LIBRARY_PATH=/home/open/work/src/install/flexbe_msgs/lib:${LD_LIBRARY_PATH} PYTHONPATH=/home/open/work/src/install/flexbe_onboard/lib/python3.10/site-packages:/home/open/work/src/install/flexbe_states/lib/python3.10/site-packages:/home/open/work/src/install/flexbe_testing/local/lib/python3.10/dist-packages:/home/open/work/src/install/flexbe_mirror/lib/python3.10/site-packages:/home/open/work/src/install/flexbe_core/lib/python3.10/site-packages:/home/open/work/src/install/flexbe_msgs/local/lib/python3.10/dist-packages:${PYTHONPATH} /usr/bin/cmake --build /home/open/work/src/build/flexbe_widget -- -j16 -l16
[2.679s] Built target ament_cmake_python_copy_flexbe_widget_setup
[2.683s] Built target ament_cmake_python_copy_flexbe_widget
[2.994s] running egg_info
[2.995s] creating flexbe_widget.egg-info
[2.995s] writing flexbe_widget.egg-info/PKG-INFO
[2.995s] writing dependency_links to flexbe_widget.egg-info/dependency_links.txt
[2.995s] writing top-level names to flexbe_widget.egg-info/top_level.txt
[2.995s] writing manifest file 'flexbe_widget.egg-info/SOURCES.txt'
[2.998s] reading manifest file 'flexbe_widget.egg-info/SOURCES.txt'
[2.999s] writing manifest file 'flexbe_widget.egg-info/SOURCES.txt'
[3.030s] Built target ament_cmake_python_build_flexbe_widget_egg
[3.045s] Invoked command in '/home/open/work/src/build/flexbe_widget' returned '0': AMENT_PREFIX_PATH=/home/open/work/src/install/flexbe_onboard:/home/open/work/src/install/flexbe_states:/home/open/work/src/install/flexbe_testing:/home/open/work/src/install/flexbe_mirror:/home/open/work/src/install/flexbe_core:/home/open/work/src/install/flexbe_msgs:${AMENT_PREFIX_PATH} CMAKE_PREFIX_PATH=/home/open/work/src/install/flexbe_testing:/home/open/work/src/install/flexbe_msgs:/opt/ros/humble LD_LIBRARY_PATH=/home/open/work/src/install/flexbe_msgs/lib:${LD_LIBRARY_PATH} PYTHONPATH=/home/open/work/src/install/flexbe_onboard/lib/python3.10/site-packages:/home/open/work/src/install/flexbe_states/lib/python3.10/site-packages:/home/open/work/src/install/flexbe_testing/local/lib/python3.10/dist-packages:/home/open/work/src/install/flexbe_mirror/lib/python3.10/site-packages:/home/open/work/src/install/flexbe_core/lib/python3.10/site-packages:/home/open/work/src/install/flexbe_msgs/local/lib/python3.10/dist-packages:${PYTHONPATH} /usr/bin/cmake --build /home/open/work/src/build/flexbe_widget -- -j16 -l16
[3.079s] Invoking command in '/home/open/work/src/build/flexbe_widget': AMENT_PREFIX_PATH=/home/open/work/src/install/flexbe_onboard:/home/open/work/src/install/flexbe_states:/home/open/work/src/install/flexbe_testing:/home/open/work/src/install/flexbe_mirror:/home/open/work/src/install/flexbe_core:/home/open/work/src/install/flexbe_msgs:${AMENT_PREFIX_PATH} CMAKE_PREFIX_PATH=/home/open/work/src/install/flexbe_testing:/home/open/work/src/install/flexbe_msgs:/opt/ros/humble LD_LIBRARY_PATH=/home/open/work/src/install/flexbe_msgs/lib:${LD_LIBRARY_PATH} PYTHONPATH=/home/open/work/src/install/flexbe_onboard/lib/python3.10/site-packages:/home/open/work/src/install/flexbe_states/lib/python3.10/site-packages:/home/open/work/src/install/flexbe_testing/local/lib/python3.10/dist-packages:/home/open/work/src/install/flexbe_mirror/lib/python3.10/site-packages:/home/open/work/src/install/flexbe_core/lib/python3.10/site-packages:/home/open/work/src/install/flexbe_msgs/local/lib/python3.10/dist-packages:${PYTHONPATH} /usr/bin/cmake --install /home/open/work/src/build/flexbe_widget
[3.089s] -- Install configuration: ""
[3.089s] -- Installing: /home/open/work/src/install/flexbe_widget/lib/flexbe_widget/be_action_server
[3.090s] -- Installing: /home/open/work/src/install/flexbe_widget/lib/flexbe_widget/be_compress
[3.090s] -- Installing: /home/open/work/src/install/flexbe_widget/lib/flexbe_widget/be_launcher
[3.090s] -- Installing: /home/open/work/src/install/flexbe_widget/lib/flexbe_widget/breakpoint
[3.090s] -- Installing: /home/open/work/src/install/flexbe_widget/lib/flexbe_widget/create_repo
[3.090s] -- Installing: /home/open/work/src/install/flexbe_widget/lib/flexbe_widget/evaluate_logs
[3.091s] -- Installing: /home/open/work/src/install/flexbe_widget/share/flexbe_widget/launch
[3.091s] -- Installing: /home/open/work/src/install/flexbe_widget/share/flexbe_widget/launch/flexbe_action_server.launch.py
[3.091s] -- Installing: /home/open/work/src/install/flexbe_widget/share/flexbe_widget/environment/pythonpath.sh
[3.091s] -- Installing: /home/open/work/src/install/flexbe_widget/share/flexbe_widget/environment/pythonpath.dsv
[3.091s] -- Installing: /home/open/work/src/install/flexbe_widget/local/lib/python3.10/dist-packages/flexbe_widget-2.1.0-py3.10.egg-info
[3.092s] -- Installing: /home/open/work/src/install/flexbe_widget/local/lib/python3.10/dist-packages/flexbe_widget-2.1.0-py3.10.egg-info/PKG-INFO
[3.092s] -- Installing: /home/open/work/src/install/flexbe_widget/local/lib/python3.10/dist-packages/flexbe_widget-2.1.0-py3.10.egg-info/top_level.txt
[3.092s] -- Installing: /home/open/work/src/install/flexbe_widget/local/lib/python3.10/dist-packages/flexbe_widget-2.1.0-py3.10.egg-info/dependency_links.txt
[3.092s] -- Installing: /home/open/work/src/install/flexbe_widget/local/lib/python3.10/dist-packages/flexbe_widget-2.1.0-py3.10.egg-info/SOURCES.txt
[3.092s] -- Installing: /home/open/work/src/install/flexbe_widget/local/lib/python3.10/dist-packages/flexbe_widget
[3.092s] -- Installing: /home/open/work/src/install/flexbe_widget/local/lib/python3.10/dist-packages/flexbe_widget/behavior_launcher.py
[3.093s] -- Installing: /home/open/work/src/install/flexbe_widget/local/lib/python3.10/dist-packages/flexbe_widget/__init__.py
[3.093s] -- Installing: /home/open/work/src/install/flexbe_widget/local/lib/python3.10/dist-packages/flexbe_widget/behavior_action_server.py
[3.093s] -- Installing: /home/open/work/src/install/flexbe_widget/local/lib/python3.10/dist-packages/flexbe_widget/.gitignore
[3.143s] Listing '/home/open/work/src/install/flexbe_widget/local/lib/python3.10/dist-packages/flexbe_widget'...
[3.143s] Compiling '/home/open/work/src/install/flexbe_widget/local/lib/python3.10/dist-packages/flexbe_widget/__init__.py'...
[3.143s] Compiling '/home/open/work/src/install/flexbe_widget/local/lib/python3.10/dist-packages/flexbe_widget/behavior_action_server.py'...
[3.143s] Compiling '/home/open/work/src/install/flexbe_widget/local/lib/python3.10/dist-packages/flexbe_widget/behavior_launcher.py'...
[3.149s] -- Installing: /home/open/work/src/install/flexbe_widget/share/ament_index/resource_index/package_run_dependencies/flexbe_widget
[3.149s] -- Installing: /home/open/work/src/install/flexbe_widget/share/ament_index/resource_index/parent_prefix_path/flexbe_widget
[3.149s] -- Installing: /home/open/work/src/install/flexbe_widget/share/flexbe_widget/environment/ament_prefix_path.sh
[3.150s] -- Installing: /home/open/work/src/install/flexbe_widget/share/flexbe_widget/environment/ament_prefix_path.dsv
[3.150s] -- Installing: /home/open/work/src/install/flexbe_widget/share/flexbe_widget/environment/path.sh
[3.150s] -- Installing: /home/open/work/src/install/flexbe_widget/share/flexbe_widget/environment/path.dsv
[3.150s] -- Installing: /home/open/work/src/install/flexbe_widget/share/flexbe_widget/local_setup.bash
[3.150s] -- Installing: /home/open/work/src/install/flexbe_widget/share/flexbe_widget/local_setup.sh
[3.151s] -- Installing: /home/open/work/src/install/flexbe_widget/share/flexbe_widget/local_setup.zsh
[3.151s] -- Installing: /home/open/work/src/install/flexbe_widget/share/flexbe_widget/local_setup.dsv
[3.151s] -- Installing: /home/open/work/src/install/flexbe_widget/share/flexbe_widget/package.dsv
[3.151s] -- Installing: /home/open/work/src/install/flexbe_widget/share/ament_index/resource_index/packages/flexbe_widget
[3.151s] -- Installing: /home/open/work/src/install/flexbe_widget/share/flexbe_widget/cmake/flexbe_widgetConfig.cmake
[3.151s] -- Installing: /home/open/work/src/install/flexbe_widget/share/flexbe_widget/cmake/flexbe_widgetConfig-version.cmake
[3.151s] -- Installing: /home/open/work/src/install/flexbe_widget/share/flexbe_widget/package.xml
[3.155s] Invoked command in '/home/open/work/src/build/flexbe_widget' returned '0': AMENT_PREFIX_PATH=/home/open/work/src/install/flexbe_onboard:/home/open/work/src/install/flexbe_states:/home/open/work/src/install/flexbe_testing:/home/open/work/src/install/flexbe_mirror:/home/open/work/src/install/flexbe_core:/home/open/work/src/install/flexbe_msgs:${AMENT_PREFIX_PATH} CMAKE_PREFIX_PATH=/home/open/work/src/install/flexbe_testing:/home/open/work/src/install/flexbe_msgs:/opt/ros/humble LD_LIBRARY_PATH=/home/open/work/src/install/flexbe_msgs/lib:${LD_LIBRARY_PATH} PYTHONPATH=/home/open/work/src/install/flexbe_onboard/lib/python3.10/site-packages:/home/open/work/src/install/flexbe_states/lib/python3.10/site-packages:/home/open/work/src/install/flexbe_testing/local/lib/python3.10/dist-packages:/home/open/work/src/install/flexbe_mirror/lib/python3.10/site-packages:/home/open/work/src/install/flexbe_core/lib/python3.10/site-packages:/home/open/work/src/install/flexbe_msgs/local/lib/python3.10/dist-packages:${PYTHONPATH} /usr/bin/cmake --install /home/open/work/src/build/flexbe_widget
