[0.029s] Invoking command in '/home/open/work/build/dynamixel_hardware': CMAKE_PREFIX_PATH=/opt/ros/humble /usr/bin/cmake /home/open/work/src/tb4_arm_ros2/dynamixel_hardware -DCMAKE_INSTALL_PREFIX=/home/open/work/install/dynamixel_hardware
[1.067s] -- The C compiler identification is GNU 11.4.0
[1.068s] -- The CXX compiler identification is GNU 11.4.0
[1.068s] -- Detecting C compiler ABI info
[1.068s] -- Detecting C compiler ABI info - done
[1.068s] -- Check for working C compiler: /usr/bin/cc - skipped
[1.068s] -- Detecting C compile features
[1.068s] -- Detecting C compile features - done
[1.068s] -- Detecting CXX compiler ABI info
[1.068s] -- Detecting CXX compiler ABI info - done
[1.068s] -- Check for working CXX compiler: /usr/bin/c++ - skipped
[1.068s] -- Detecting CXX compile features
[1.068s] -- Detecting CXX compile features - done
[1.068s] -- Found ament_cmake: 1.3.9 (/opt/ros/humble/share/ament_cmake/cmake)
[1.068s] -- Found Python3: /usr/bin/python3 (found version "3.10.12") found components: Interpreter 
[1.163s] -- Found rclcpp: 16.0.9 (/opt/ros/humble/share/rclcpp/cmake)
[1.334s] -- Found rosidl_generator_c: 3.1.5 (/opt/ros/humble/share/rosidl_generator_c/cmake)
[1.353s] -- Found rosidl_adapter: 3.1.5 (/opt/ros/humble/share/rosidl_adapter/cmake)
[1.382s] -- Found rosidl_generator_cpp: 3.1.5 (/opt/ros/humble/share/rosidl_generator_cpp/cmake)
[1.435s] -- Using all available rosidl_typesupport_c: rosidl_typesupport_fastrtps_c;rosidl_typesupport_introspection_c
[1.508s] -- Using all available rosidl_typesupport_cpp: rosidl_typesupport_fastrtps_cpp;rosidl_typesupport_introspection_cpp
[1.762s] -- Found rmw_implementation_cmake: 6.1.2 (/opt/ros/humble/share/rmw_implementation_cmake/cmake)
[1.770s] -- Found rmw_fastrtps_cpp: 6.2.6 (/opt/ros/humble/share/rmw_fastrtps_cpp/cmake)
[2.094s] -- Found OpenSSL: /usr/lib/x86_64-linux-gnu/libcrypto.so (found version "3.0.2")  
[2.208s] -- Found FastRTPS: /opt/ros/humble/include  
[2.453s] -- Using RMW implementation 'rmw_fastrtps_cpp' as default
[2.492s] -- Looking for pthread.h
[2.839s] -- Looking for pthread.h - found
[2.840s] -- Performing Test CMAKE_HAVE_LIBC_PTHREAD
[3.138s] -- Performing Test CMAKE_HAVE_LIBC_PTHREAD - Success
[3.138s] -- Found Threads: TRUE  
[3.553s] -- Found rclcpp_lifecycle: 16.0.9 (/opt/ros/humble/share/rclcpp_lifecycle/cmake)
[3.747s] -- Configuring incomplete, errors occurred!
[3.747s] See also "/home/open/work/build/dynamixel_hardware/CMakeFiles/CMakeOutput.log".
[3.750s] [31mCMake Error at CMakeLists.txt:23 (find_package):
[3.751s]   By not providing "Findhardware_interface.cmake" in CMAKE_MODULE_PATH this
[3.751s]   project has asked CMake to find a package configuration file provided by
[3.751s]   "hardware_interface", but CMake did not find one.
[3.751s] 
[3.751s]   Could not find a package configuration file provided by
[3.751s]   "hardware_interface" with any of the following names:
[3.751s] 
[3.751s]     hardware_interfaceConfig.cmake
[3.751s]     hardware_interface-config.cmake
[3.751s] 
[3.751s]   Add the installation prefix of "hardware_interface" to CMAKE_PREFIX_PATH or
[3.751s]   set "hardware_interface_DIR" to a directory containing one of the above
[3.751s]   files.  If "hardware_interface" provides a separate development package or
[3.752s]   SDK, be sure it has been installed.
[3.752s] 
[3.752s] [0m
[3.794s] Invoked command in '/home/open/work/build/dynamixel_hardware' returned '1': CMAKE_PREFIX_PATH=/opt/ros/humble /usr/bin/cmake /home/open/work/src/tb4_arm_ros2/dynamixel_hardware -DCMAKE_INSTALL_PREFIX=/home/open/work/install/dynamixel_hardware
