[0.034s] Invoking command in '/home/open/work/build/flexbe_msgs': CMAKE_PREFIX_PATH=/opt/ros/humble /usr/bin/cmake --build /home/open/work/build/flexbe_msgs -- -j16 -l16
[1.062s] [  0%] [34m[1mGenerating C code for ROS interfaces[0m
[1.062s] [  0%] [34m[1mGenerating C++ code for ROS interfaces[0m
[1.062s] [  0%] Built target ament_cmake_python_copy_flexbe_msgs
[1.062s] running egg_info
[1.062s] writing flexbe_msgs.egg-info/PKG-INFO
[1.062s] writing dependency_links to flexbe_msgs.egg-info/dependency_links.txt
[1.062s] writing top-level names to flexbe_msgs.egg-info/top_level.txt
[1.062s] reading manifest file 'flexbe_msgs.egg-info/SOURCES.txt'
[1.063s] writing manifest file 'flexbe_msgs.egg-info/SOURCES.txt'
[1.063s] [  0%] Built target ament_cmake_python_build_flexbe_msgs_egg
[4.874s] [  0%] Built target flexbe_msgs__cpp
[4.897s] [  1%] [34m[1mGenerating C++ type support for eProsima Fast-RTPS[0m
[4.897s] [  2%] [34m[1mGenerating C++ type support dispatch for ROS interfaces[0m
[4.897s] [  2%] [34m[1mGenerating C++ introspection for ROS interfaces[0m
[5.000s] [  3%] [32mBuilding C object CMakeFiles/flexbe_msgs__rosidl_generator_c.dir/rosidl_generator_c/flexbe_msgs/msg/detail/behavior_selection__functions.c.o[0m
[5.001s] [  3%] [32mBuilding C object CMakeFiles/flexbe_msgs__rosidl_generator_c.dir/rosidl_generator_c/flexbe_msgs/msg/detail/command_feedback__functions.c.o[0m
[5.001s] [  3%] [32mBuilding C object CMakeFiles/flexbe_msgs__rosidl_generator_c.dir/rosidl_generator_c/flexbe_msgs/msg/detail/behavior_request__functions.c.o[0m
[5.001s] [  4%] [32mBuilding C object CMakeFiles/flexbe_msgs__rosidl_generator_c.dir/rosidl_generator_c/flexbe_msgs/msg/detail/be_status__functions.c.o[0m
[5.001s] [  3%] [32mBuilding C object CMakeFiles/flexbe_msgs__rosidl_generator_c.dir/rosidl_generator_c/flexbe_msgs/msg/detail/behavior_log__functions.c.o[0m
[5.001s] [  5%] [32mBuilding C object CMakeFiles/flexbe_msgs__rosidl_generator_c.dir/rosidl_generator_c/flexbe_msgs/msg/detail/behavior_modification__functions.c.o[0m
[5.004s] [  5%] [32mBuilding C object CMakeFiles/flexbe_msgs__rosidl_generator_c.dir/rosidl_generator_c/flexbe_msgs/msg/detail/outcome_condition__functions.c.o[0m
[5.004s] [  6%] [32mBuilding C object CMakeFiles/flexbe_msgs__rosidl_generator_c.dir/rosidl_generator_c/flexbe_msgs/msg/detail/behavior_sync__functions.c.o[0m
[5.006s] [  7%] [32mBuilding C object CMakeFiles/flexbe_msgs__rosidl_generator_c.dir/rosidl_generator_c/flexbe_msgs/msg/detail/container__functions.c.o[0m
[5.009s] [  8%] [32mBuilding C object CMakeFiles/flexbe_msgs__rosidl_generator_c.dir/rosidl_generator_c/flexbe_msgs/msg/detail/container_structure__functions.c.o[0m
[5.014s] [  9%] [32mBuilding C object CMakeFiles/flexbe_msgs__rosidl_generator_c.dir/rosidl_generator_c/flexbe_msgs/msg/detail/outcome_request__functions.c.o[0m
[5.029s] [  9%] [32mBuilding C object CMakeFiles/flexbe_msgs__rosidl_generator_c.dir/rosidl_generator_c/flexbe_msgs/msg/detail/state_instantiation__functions.c.o[0m
[5.043s] [ 10%] [32mBuilding C object CMakeFiles/flexbe_msgs__rosidl_generator_c.dir/rosidl_generator_c/flexbe_msgs/msg/detail/synthesis_error_codes__functions.c.o[0m
[5.077s] [ 10%] [32mBuilding C object CMakeFiles/flexbe_msgs__rosidl_generator_c.dir/rosidl_generator_c/flexbe_msgs/msg/detail/ui_command__functions.c.o[0m
[5.086s] [ 11%] [32mBuilding C object CMakeFiles/flexbe_msgs__rosidl_generator_c.dir/rosidl_generator_c/flexbe_msgs/msg/detail/synthesis_request__functions.c.o[0m
[5.098s] [ 11%] [32mBuilding C object CMakeFiles/flexbe_msgs__rosidl_generator_c.dir/rosidl_generator_c/flexbe_msgs/action/detail/behavior_execution__functions.c.o[0m
[5.099s] [ 12%] [32mBuilding C object CMakeFiles/flexbe_msgs__rosidl_generator_c.dir/rosidl_generator_c/flexbe_msgs/action/detail/behavior_input__functions.c.o[0m
[5.116s] [ 13%] [32mBuilding C object CMakeFiles/flexbe_msgs__rosidl_generator_c.dir/rosidl_generator_c/flexbe_msgs/action/detail/behavior_synthesis__functions.c.o[0m
[5.271s] [ 14%] [32m[1mLinking C shared library libflexbe_msgs__rosidl_generator_c.so[0m
[5.306s] [ 14%] Built target flexbe_msgs__rosidl_generator_c
[5.316s] [ 15%] [34m[1mGenerating C type support for eProsima Fast-RTPS[0m
[5.316s] [ 16%] [34m[1mGenerating C type support dispatch for ROS interfaces[0m
[5.316s] [ 17%] [34m[1mGenerating C introspection for ROS interfaces[0m
[6.385s] [ 17%] [32mBuilding CXX object CMakeFiles/flexbe_msgs__rosidl_typesupport_cpp.dir/rosidl_typesupport_cpp/flexbe_msgs/msg/be_status__type_support.cpp.o[0m
[6.386s] [ 19%] [32mBuilding CXX object CMakeFiles/flexbe_msgs__rosidl_typesupport_cpp.dir/rosidl_typesupport_cpp/flexbe_msgs/msg/behavior_modification__type_support.cpp.o[0m
[6.386s] [ 19%] [32mBuilding CXX object CMakeFiles/flexbe_msgs__rosidl_typesupport_cpp.dir/rosidl_typesupport_cpp/flexbe_msgs/msg/behavior_log__type_support.cpp.o[0m
[6.386s] [ 19%] [32mBuilding CXX object CMakeFiles/flexbe_msgs__rosidl_typesupport_cpp.dir/rosidl_typesupport_cpp/flexbe_msgs/msg/behavior_request__type_support.cpp.o[0m
[6.386s] [ 19%] [32mBuilding CXX object CMakeFiles/flexbe_msgs__rosidl_typesupport_cpp.dir/rosidl_typesupport_cpp/flexbe_msgs/msg/behavior_sync__type_support.cpp.o[0m
[6.386s] [ 20%] [32mBuilding CXX object CMakeFiles/flexbe_msgs__rosidl_typesupport_cpp.dir/rosidl_typesupport_cpp/flexbe_msgs/msg/behavior_selection__type_support.cpp.o[0m
[6.386s] [ 20%] [32mBuilding CXX object CMakeFiles/flexbe_msgs__rosidl_typesupport_cpp.dir/rosidl_typesupport_cpp/flexbe_msgs/msg/container_structure__type_support.cpp.o[0m
[6.386s] [ 21%] [32mBuilding CXX object CMakeFiles/flexbe_msgs__rosidl_typesupport_cpp.dir/rosidl_typesupport_cpp/flexbe_msgs/msg/container__type_support.cpp.o[0m
[6.386s] [ 22%] [32mBuilding CXX object CMakeFiles/flexbe_msgs__rosidl_typesupport_cpp.dir/rosidl_typesupport_cpp/flexbe_msgs/msg/outcome_condition__type_support.cpp.o[0m
[6.386s] [ 23%] [32mBuilding CXX object CMakeFiles/flexbe_msgs__rosidl_typesupport_cpp.dir/rosidl_typesupport_cpp/flexbe_msgs/msg/command_feedback__type_support.cpp.o[0m
[6.386s] [ 23%] [32mBuilding CXX object CMakeFiles/flexbe_msgs__rosidl_typesupport_cpp.dir/rosidl_typesupport_cpp/flexbe_msgs/msg/outcome_request__type_support.cpp.o[0m
[6.739s] [ 24%] [32mBuilding CXX object CMakeFiles/flexbe_msgs__rosidl_typesupport_c.dir/rosidl_typesupport_c/flexbe_msgs/msg/be_status__type_support.cpp.o[0m
[6.739s] [ 24%] [32mBuilding CXX object CMakeFiles/flexbe_msgs__rosidl_typesupport_cpp.dir/rosidl_typesupport_cpp/flexbe_msgs/msg/state_instantiation__type_support.cpp.o[0m
[6.741s] [ 25%] [32mBuilding CXX object CMakeFiles/flexbe_msgs__rosidl_typesupport_cpp.dir/rosidl_typesupport_cpp/flexbe_msgs/msg/synthesis_error_codes__type_support.cpp.o[0m
[6.754s] [ 25%] [32mBuilding CXX object CMakeFiles/flexbe_msgs__rosidl_typesupport_cpp.dir/rosidl_typesupport_cpp/flexbe_msgs/msg/synthesis_request__type_support.cpp.o[0m
[6.754s] [ 26%] [32mBuilding CXX object CMakeFiles/flexbe_msgs__rosidl_typesupport_c.dir/rosidl_typesupport_c/flexbe_msgs/msg/behavior_log__type_support.cpp.o[0m
[6.760s] [ 26%] [32mBuilding CXX object CMakeFiles/flexbe_msgs__rosidl_typesupport_c.dir/rosidl_typesupport_c/flexbe_msgs/msg/behavior_modification__type_support.cpp.o[0m
[6.774s] [ 27%] [32mBuilding CXX object CMakeFiles/flexbe_msgs__rosidl_typesupport_c.dir/rosidl_typesupport_c/flexbe_msgs/msg/behavior_request__type_support.cpp.o[0m
[6.791s] [ 28%] [32mBuilding CXX object CMakeFiles/flexbe_msgs__rosidl_typesupport_c.dir/rosidl_typesupport_c/flexbe_msgs/msg/behavior_selection__type_support.cpp.o[0m
[6.792s] [ 28%] [32mBuilding CXX object CMakeFiles/flexbe_msgs__rosidl_typesupport_c.dir/rosidl_typesupport_c/flexbe_msgs/msg/behavior_sync__type_support.cpp.o[0m
[6.804s] [ 28%] [32mBuilding CXX object CMakeFiles/flexbe_msgs__rosidl_typesupport_cpp.dir/rosidl_typesupport_cpp/flexbe_msgs/action/behavior_input__type_support.cpp.o[0m
[6.808s] [ 29%] [32mBuilding CXX object CMakeFiles/flexbe_msgs__rosidl_typesupport_c.dir/rosidl_typesupport_c/flexbe_msgs/msg/command_feedback__type_support.cpp.o[0m
[6.808s] [ 30%] [32mBuilding CXX object CMakeFiles/flexbe_msgs__rosidl_typesupport_cpp.dir/rosidl_typesupport_cpp/flexbe_msgs/msg/ui_command__type_support.cpp.o[0m
[6.812s] [ 30%] [32mBuilding CXX object CMakeFiles/flexbe_msgs__rosidl_typesupport_c.dir/rosidl_typesupport_c/flexbe_msgs/msg/container__type_support.cpp.o[0m
[6.834s] [ 31%] [32mBuilding CXX object CMakeFiles/flexbe_msgs__rosidl_typesupport_c.dir/rosidl_typesupport_c/flexbe_msgs/msg/container_structure__type_support.cpp.o[0m
[6.834s] [ 32%] [32mBuilding CXX object CMakeFiles/flexbe_msgs__rosidl_typesupport_cpp.dir/rosidl_typesupport_cpp/flexbe_msgs/action/behavior_execution__type_support.cpp.o[0m
[6.835s] [ 33%] [32mBuilding CXX object CMakeFiles/flexbe_msgs__rosidl_typesupport_c.dir/rosidl_typesupport_c/flexbe_msgs/msg/outcome_condition__type_support.cpp.o[0m
[6.850s] [ 33%] [32mBuilding CXX object CMakeFiles/flexbe_msgs__rosidl_typesupport_c.dir/rosidl_typesupport_c/flexbe_msgs/msg/outcome_request__type_support.cpp.o[0m
[6.852s] [ 34%] [32mBuilding CXX object CMakeFiles/flexbe_msgs__rosidl_typesupport_cpp.dir/rosidl_typesupport_cpp/flexbe_msgs/action/behavior_synthesis__type_support.cpp.o[0m
[6.860s] [ 35%] [32mBuilding CXX object CMakeFiles/flexbe_msgs__rosidl_typesupport_c.dir/rosidl_typesupport_c/flexbe_msgs/msg/state_instantiation__type_support.cpp.o[0m
[6.884s] [ 35%] [32mBuilding CXX object CMakeFiles/flexbe_msgs__rosidl_typesupport_c.dir/rosidl_typesupport_c/flexbe_msgs/msg/synthesis_error_codes__type_support.cpp.o[0m
[6.898s] [ 36%] [32mBuilding CXX object CMakeFiles/flexbe_msgs__rosidl_typesupport_c.dir/rosidl_typesupport_c/flexbe_msgs/msg/synthesis_request__type_support.cpp.o[0m
[6.908s] [ 37%] [32mBuilding CXX object CMakeFiles/flexbe_msgs__rosidl_typesupport_c.dir/rosidl_typesupport_c/flexbe_msgs/msg/ui_command__type_support.cpp.o[0m
[6.921s] [ 37%] [32mBuilding CXX object CMakeFiles/flexbe_msgs__rosidl_typesupport_c.dir/rosidl_typesupport_c/flexbe_msgs/action/behavior_input__type_support.cpp.o[0m
[6.924s] [ 38%] [32mBuilding CXX object CMakeFiles/flexbe_msgs__rosidl_typesupport_c.dir/rosidl_typesupport_c/flexbe_msgs/action/behavior_execution__type_support.cpp.o[0m
[6.946s] [ 38%] [32mBuilding CXX object CMakeFiles/flexbe_msgs__rosidl_typesupport_c.dir/rosidl_typesupport_c/flexbe_msgs/action/behavior_synthesis__type_support.cpp.o[0m
[7.012s] [ 39%] [32m[1mLinking CXX shared library libflexbe_msgs__rosidl_typesupport_c.so[0m
[7.031s] [ 39%] [32mBuilding CXX object CMakeFiles/flexbe_msgs__rosidl_typesupport_introspection_cpp.dir/rosidl_typesupport_introspection_cpp/flexbe_msgs/msg/detail/behavior_log__type_support.cpp.o[0m
[7.031s] [ 40%] [32mBuilding CXX object CMakeFiles/flexbe_msgs__rosidl_typesupport_introspection_cpp.dir/rosidl_typesupport_introspection_cpp/flexbe_msgs/msg/detail/behavior_request__type_support.cpp.o[0m
[7.032s] [ 40%] [32mBuilding CXX object CMakeFiles/flexbe_msgs__rosidl_typesupport_introspection_cpp.dir/rosidl_typesupport_introspection_cpp/flexbe_msgs/msg/detail/behavior_selection__type_support.cpp.o[0m
[7.032s] [ 41%] [32mBuilding CXX object CMakeFiles/flexbe_msgs__rosidl_typesupport_introspection_cpp.dir/rosidl_typesupport_introspection_cpp/flexbe_msgs/msg/detail/be_status__type_support.cpp.o[0m
[7.036s] [ 42%] [32mBuilding CXX object CMakeFiles/flexbe_msgs__rosidl_typesupport_introspection_cpp.dir/rosidl_typesupport_introspection_cpp/flexbe_msgs/msg/detail/behavior_modification__type_support.cpp.o[0m
[7.101s] [ 42%] Built target flexbe_msgs__rosidl_typesupport_c
[7.115s] [ 42%] [32mBuilding CXX object CMakeFiles/flexbe_msgs__rosidl_typesupport_introspection_cpp.dir/rosidl_typesupport_introspection_cpp/flexbe_msgs/msg/detail/command_feedback__type_support.cpp.o[0m
[7.115s] [ 43%] [32mBuilding CXX object CMakeFiles/flexbe_msgs__rosidl_typesupport_introspection_cpp.dir/rosidl_typesupport_introspection_cpp/flexbe_msgs/msg/detail/behavior_sync__type_support.cpp.o[0m
[7.129s] [ 44%] [32mBuilding CXX object CMakeFiles/flexbe_msgs__rosidl_typesupport_introspection_cpp.dir/rosidl_typesupport_introspection_cpp/flexbe_msgs/msg/detail/container__type_support.cpp.o[0m
[7.145s] [ 45%] [32mBuilding CXX object CMakeFiles/flexbe_msgs__rosidl_typesupport_introspection_cpp.dir/rosidl_typesupport_introspection_cpp/flexbe_msgs/msg/detail/container_structure__type_support.cpp.o[0m
[7.189s] [ 45%] [32mBuilding CXX object CMakeFiles/flexbe_msgs__rosidl_typesupport_introspection_cpp.dir/rosidl_typesupport_introspection_cpp/flexbe_msgs/msg/detail/outcome_condition__type_support.cpp.o[0m
[7.451s] [ 46%] [32mBuilding CXX object CMakeFiles/flexbe_msgs__rosidl_typesupport_introspection_cpp.dir/rosidl_typesupport_introspection_cpp/flexbe_msgs/msg/detail/outcome_request__type_support.cpp.o[0m
[7.475s] [ 46%] [32mBuilding CXX object CMakeFiles/flexbe_msgs__rosidl_typesupport_introspection_cpp.dir/rosidl_typesupport_introspection_cpp/flexbe_msgs/msg/detail/state_instantiation__type_support.cpp.o[0m
[7.484s] [ 46%] [32m[1mLinking CXX shared library libflexbe_msgs__rosidl_typesupport_cpp.so[0m
[7.510s] [ 47%] [32mBuilding CXX object CMakeFiles/flexbe_msgs__rosidl_typesupport_fastrtps_cpp.dir/rosidl_typesupport_fastrtps_cpp/flexbe_msgs/msg/detail/dds_fastrtps/be_status__type_support.cpp.o[0m
[7.537s] [ 47%] [32mBuilding CXX object CMakeFiles/flexbe_msgs__rosidl_typesupport_fastrtps_cpp.dir/rosidl_typesupport_fastrtps_cpp/flexbe_msgs/msg/detail/dds_fastrtps/behavior_log__type_support.cpp.o[0m
[7.573s] [ 48%] [32mBuilding CXX object CMakeFiles/flexbe_msgs__rosidl_typesupport_fastrtps_cpp.dir/rosidl_typesupport_fastrtps_cpp/flexbe_msgs/msg/detail/dds_fastrtps/behavior_modification__type_support.cpp.o[0m
[7.600s] [ 48%] Built target flexbe_msgs__rosidl_typesupport_cpp
[7.613s] [ 48%] [32mBuilding CXX object CMakeFiles/flexbe_msgs__rosidl_typesupport_fastrtps_cpp.dir/rosidl_typesupport_fastrtps_cpp/flexbe_msgs/msg/detail/dds_fastrtps/behavior_request__type_support.cpp.o[0m
[7.632s] [ 49%] [32mBuilding CXX object CMakeFiles/flexbe_msgs__rosidl_typesupport_introspection_cpp.dir/rosidl_typesupport_introspection_cpp/flexbe_msgs/msg/detail/synthesis_error_codes__type_support.cpp.o[0m
[7.650s] [ 50%] [32mBuilding CXX object CMakeFiles/flexbe_msgs__rosidl_typesupport_fastrtps_cpp.dir/rosidl_typesupport_fastrtps_cpp/flexbe_msgs/msg/detail/dds_fastrtps/behavior_selection__type_support.cpp.o[0m
[7.683s] [ 51%] [32mBuilding CXX object CMakeFiles/flexbe_msgs__rosidl_typesupport_introspection_cpp.dir/rosidl_typesupport_introspection_cpp/flexbe_msgs/msg/detail/synthesis_request__type_support.cpp.o[0m
[7.765s] [ 51%] [32mBuilding CXX object CMakeFiles/flexbe_msgs__rosidl_typesupport_introspection_cpp.dir/rosidl_typesupport_introspection_cpp/flexbe_msgs/msg/detail/ui_command__type_support.cpp.o[0m
[7.808s] [ 52%] [32mBuilding CXX object CMakeFiles/flexbe_msgs__rosidl_typesupport_introspection_cpp.dir/rosidl_typesupport_introspection_cpp/flexbe_msgs/action/detail/behavior_input__type_support.cpp.o[0m
[7.827s] [ 53%] [32mBuilding CXX object CMakeFiles/flexbe_msgs__rosidl_typesupport_fastrtps_cpp.dir/rosidl_typesupport_fastrtps_cpp/flexbe_msgs/msg/detail/dds_fastrtps/behavior_sync__type_support.cpp.o[0m
[7.896s] [ 53%] [32mBuilding CXX object CMakeFiles/flexbe_msgs__rosidl_typesupport_fastrtps_cpp.dir/rosidl_typesupport_fastrtps_cpp/flexbe_msgs/msg/detail/dds_fastrtps/command_feedback__type_support.cpp.o[0m
[7.911s] [ 53%] [32mBuilding CXX object CMakeFiles/flexbe_msgs__rosidl_typesupport_introspection_cpp.dir/rosidl_typesupport_introspection_cpp/flexbe_msgs/action/detail/behavior_execution__type_support.cpp.o[0m
[8.009s] [ 54%] [32mBuilding CXX object CMakeFiles/flexbe_msgs__rosidl_typesupport_fastrtps_cpp.dir/rosidl_typesupport_fastrtps_cpp/flexbe_msgs/msg/detail/dds_fastrtps/container__type_support.cpp.o[0m
[8.102s] [ 55%] [32mBuilding CXX object CMakeFiles/flexbe_msgs__rosidl_typesupport_introspection_cpp.dir/rosidl_typesupport_introspection_cpp/flexbe_msgs/action/detail/behavior_synthesis__type_support.cpp.o[0m
[8.109s] [ 55%] [32mBuilding CXX object CMakeFiles/flexbe_msgs__rosidl_typesupport_fastrtps_cpp.dir/rosidl_typesupport_fastrtps_cpp/flexbe_msgs/msg/detail/dds_fastrtps/container_structure__type_support.cpp.o[0m
[8.115s] [ 56%] [32mBuilding C object CMakeFiles/flexbe_msgs__rosidl_typesupport_introspection_c.dir/rosidl_typesupport_introspection_c/flexbe_msgs/msg/detail/be_status__type_support.c.o[0m
[8.141s] [ 57%] [32mBuilding CXX object CMakeFiles/flexbe_msgs__rosidl_typesupport_fastrtps_cpp.dir/rosidl_typesupport_fastrtps_cpp/flexbe_msgs/msg/detail/dds_fastrtps/outcome_condition__type_support.cpp.o[0m
[8.168s] [ 57%] [32mBuilding C object CMakeFiles/flexbe_msgs__rosidl_typesupport_introspection_c.dir/rosidl_typesupport_introspection_c/flexbe_msgs/msg/detail/behavior_log__type_support.c.o[0m
[8.206s] [ 57%] [32mBuilding CXX object CMakeFiles/flexbe_msgs__rosidl_typesupport_fastrtps_c.dir/rosidl_typesupport_fastrtps_c/flexbe_msgs/msg/detail/be_status__type_support_c.cpp.o[0m
[8.214s] [ 58%] [32mBuilding C object CMakeFiles/flexbe_msgs__rosidl_typesupport_introspection_c.dir/rosidl_typesupport_introspection_c/flexbe_msgs/msg/detail/behavior_modification__type_support.c.o[0m
[8.247s] [ 58%] [32mBuilding C object CMakeFiles/flexbe_msgs__rosidl_typesupport_introspection_c.dir/rosidl_typesupport_introspection_c/flexbe_msgs/msg/detail/behavior_request__type_support.c.o[0m
[8.259s] [ 59%] [32mBuilding CXX object CMakeFiles/flexbe_msgs__rosidl_typesupport_fastrtps_cpp.dir/rosidl_typesupport_fastrtps_cpp/flexbe_msgs/msg/detail/dds_fastrtps/outcome_request__type_support.cpp.o[0m
[8.260s] [ 60%] [32mBuilding CXX object CMakeFiles/flexbe_msgs__rosidl_typesupport_fastrtps_c.dir/rosidl_typesupport_fastrtps_c/flexbe_msgs/msg/detail/behavior_log__type_support_c.cpp.o[0m
[8.274s] [ 60%] [32mBuilding CXX object CMakeFiles/flexbe_msgs__rosidl_typesupport_fastrtps_cpp.dir/rosidl_typesupport_fastrtps_cpp/flexbe_msgs/msg/detail/dds_fastrtps/state_instantiation__type_support.cpp.o[0m
[8.302s] [ 61%] [32mBuilding C object CMakeFiles/flexbe_msgs__rosidl_typesupport_introspection_c.dir/rosidl_typesupport_introspection_c/flexbe_msgs/msg/detail/behavior_selection__type_support.c.o[0m
[8.337s] [ 62%] [32mBuilding C object CMakeFiles/flexbe_msgs__rosidl_typesupport_introspection_c.dir/rosidl_typesupport_introspection_c/flexbe_msgs/msg/detail/behavior_sync__type_support.c.o[0m
[8.349s] [ 63%] [32mBuilding CXX object CMakeFiles/flexbe_msgs__rosidl_typesupport_fastrtps_c.dir/rosidl_typesupport_fastrtps_c/flexbe_msgs/msg/detail/behavior_modification__type_support_c.cpp.o[0m
[8.349s] [ 63%] [32mBuilding C object CMakeFiles/flexbe_msgs__rosidl_typesupport_introspection_c.dir/rosidl_typesupport_introspection_c/flexbe_msgs/msg/detail/command_feedback__type_support.c.o[0m
[8.363s] [ 63%] [32mBuilding CXX object CMakeFiles/flexbe_msgs__rosidl_typesupport_fastrtps_c.dir/rosidl_typesupport_fastrtps_c/flexbe_msgs/msg/detail/behavior_request__type_support_c.cpp.o[0m
[8.375s] [ 64%] [32mBuilding C object CMakeFiles/flexbe_msgs__rosidl_typesupport_introspection_c.dir/rosidl_typesupport_introspection_c/flexbe_msgs/msg/detail/container__type_support.c.o[0m
[8.392s] [ 64%] [32mBuilding C object CMakeFiles/flexbe_msgs__rosidl_typesupport_introspection_c.dir/rosidl_typesupport_introspection_c/flexbe_msgs/msg/detail/container_structure__type_support.c.o[0m
[8.417s] [ 65%] [32mBuilding CXX object CMakeFiles/flexbe_msgs__rosidl_typesupport_fastrtps_cpp.dir/rosidl_typesupport_fastrtps_cpp/flexbe_msgs/msg/detail/dds_fastrtps/synthesis_error_codes__type_support.cpp.o[0m
[8.446s] [ 66%] [32mBuilding C object CMakeFiles/flexbe_msgs__rosidl_typesupport_introspection_c.dir/rosidl_typesupport_introspection_c/flexbe_msgs/msg/detail/outcome_condition__type_support.c.o[0m
[8.447s] [ 67%] [32mBuilding CXX object CMakeFiles/flexbe_msgs__rosidl_typesupport_fastrtps_c.dir/rosidl_typesupport_fastrtps_c/flexbe_msgs/msg/detail/behavior_selection__type_support_c.cpp.o[0m
[8.495s] [ 68%] [32mBuilding C object CMakeFiles/flexbe_msgs__rosidl_typesupport_introspection_c.dir/rosidl_typesupport_introspection_c/flexbe_msgs/msg/detail/outcome_request__type_support.c.o[0m
[8.510s] [ 68%] [32mBuilding CXX object CMakeFiles/flexbe_msgs__rosidl_typesupport_fastrtps_c.dir/rosidl_typesupport_fastrtps_c/flexbe_msgs/msg/detail/behavior_sync__type_support_c.cpp.o[0m
[8.540s] [ 68%] [32mBuilding C object CMakeFiles/flexbe_msgs__rosidl_typesupport_introspection_c.dir/rosidl_typesupport_introspection_c/flexbe_msgs/msg/detail/state_instantiation__type_support.c.o[0m
[8.628s] [ 69%] [32mBuilding C object CMakeFiles/flexbe_msgs__rosidl_typesupport_introspection_c.dir/rosidl_typesupport_introspection_c/flexbe_msgs/msg/detail/synthesis_error_codes__type_support.c.o[0m
[8.670s] [ 70%] [32mBuilding CXX object CMakeFiles/flexbe_msgs__rosidl_typesupport_fastrtps_c.dir/rosidl_typesupport_fastrtps_c/flexbe_msgs/msg/detail/command_feedback__type_support_c.cpp.o[0m
[8.671s] [ 70%] [32mBuilding C object CMakeFiles/flexbe_msgs__rosidl_typesupport_introspection_c.dir/rosidl_typesupport_introspection_c/flexbe_msgs/msg/detail/synthesis_request__type_support.c.o[0m
[8.709s] [ 71%] [32mBuilding C object CMakeFiles/flexbe_msgs__rosidl_typesupport_introspection_c.dir/rosidl_typesupport_introspection_c/flexbe_msgs/msg/detail/ui_command__type_support.c.o[0m
[8.719s] [ 73%] [32mBuilding CXX object CMakeFiles/flexbe_msgs__rosidl_typesupport_fastrtps_cpp.dir/rosidl_typesupport_fastrtps_cpp/flexbe_msgs/action/detail/dds_fastrtps/behavior_input__type_support.cpp.o[0m
[8.719s] [ 73%] [32mBuilding CXX object CMakeFiles/flexbe_msgs__rosidl_typesupport_fastrtps_cpp.dir/rosidl_typesupport_fastrtps_cpp/flexbe_msgs/msg/detail/dds_fastrtps/ui_command__type_support.cpp.o[0m
[8.721s] [ 73%] [32mBuilding CXX object CMakeFiles/flexbe_msgs__rosidl_typesupport_fastrtps_cpp.dir/rosidl_typesupport_fastrtps_cpp/flexbe_msgs/msg/detail/dds_fastrtps/synthesis_request__type_support.cpp.o[0m
[8.752s] [ 74%] [32mBuilding C object CMakeFiles/flexbe_msgs__rosidl_typesupport_introspection_c.dir/rosidl_typesupport_introspection_c/flexbe_msgs/action/detail/behavior_input__type_support.c.o[0m
[8.760s] [ 74%] [32mBuilding C object CMakeFiles/flexbe_msgs__rosidl_typesupport_introspection_c.dir/rosidl_typesupport_introspection_c/flexbe_msgs/action/detail/behavior_execution__type_support.c.o[0m
[8.774s] [ 74%] [32mBuilding CXX object CMakeFiles/flexbe_msgs__rosidl_typesupport_fastrtps_cpp.dir/rosidl_typesupport_fastrtps_cpp/flexbe_msgs/action/detail/dds_fastrtps/behavior_execution__type_support.cpp.o[0m
[8.801s] [ 75%] [32mBuilding CXX object CMakeFiles/flexbe_msgs__rosidl_typesupport_fastrtps_cpp.dir/rosidl_typesupport_fastrtps_cpp/flexbe_msgs/action/detail/dds_fastrtps/behavior_synthesis__type_support.cpp.o[0m
[8.806s] [ 76%] [32mBuilding CXX object CMakeFiles/flexbe_msgs__rosidl_typesupport_fastrtps_c.dir/rosidl_typesupport_fastrtps_c/flexbe_msgs/msg/detail/container__type_support_c.cpp.o[0m
[8.820s] [ 76%] [32mBuilding CXX object CMakeFiles/flexbe_msgs__rosidl_typesupport_fastrtps_c.dir/rosidl_typesupport_fastrtps_c/flexbe_msgs/msg/detail/container_structure__type_support_c.cpp.o[0m
[8.829s] [ 77%] [32mBuilding CXX object CMakeFiles/flexbe_msgs__rosidl_typesupport_fastrtps_c.dir/rosidl_typesupport_fastrtps_c/flexbe_msgs/msg/detail/outcome_condition__type_support_c.cpp.o[0m
[8.838s] [ 78%] [32mBuilding C object CMakeFiles/flexbe_msgs__rosidl_typesupport_introspection_c.dir/rosidl_typesupport_introspection_c/flexbe_msgs/action/detail/behavior_synthesis__type_support.c.o[0m
[8.907s] [ 78%] [32mBuilding CXX object CMakeFiles/flexbe_msgs__rosidl_typesupport_fastrtps_c.dir/rosidl_typesupport_fastrtps_c/flexbe_msgs/msg/detail/outcome_request__type_support_c.cpp.o[0m
[8.910s] [ 78%] [32m[1mLinking C shared library libflexbe_msgs__rosidl_typesupport_introspection_c.so[0m
[8.941s] [ 79%] [32mBuilding CXX object CMakeFiles/flexbe_msgs__rosidl_typesupport_fastrtps_c.dir/rosidl_typesupport_fastrtps_c/flexbe_msgs/msg/detail/state_instantiation__type_support_c.cpp.o[0m
[8.962s] [ 79%] Built target flexbe_msgs__rosidl_typesupport_introspection_c
[8.966s] [ 79%] [32mBuilding CXX object CMakeFiles/flexbe_msgs__rosidl_typesupport_fastrtps_c.dir/rosidl_typesupport_fastrtps_c/flexbe_msgs/msg/detail/synthesis_request__type_support_c.cpp.o[0m
[8.967s] [ 80%] [32mBuilding CXX object CMakeFiles/flexbe_msgs__rosidl_typesupport_fastrtps_c.dir/rosidl_typesupport_fastrtps_c/flexbe_msgs/msg/detail/synthesis_error_codes__type_support_c.cpp.o[0m
[8.992s] [ 81%] [32mBuilding CXX object CMakeFiles/flexbe_msgs__rosidl_typesupport_fastrtps_c.dir/rosidl_typesupport_fastrtps_c/flexbe_msgs/msg/detail/ui_command__type_support_c.cpp.o[0m
[9.084s] [ 81%] [32mBuilding CXX object CMakeFiles/flexbe_msgs__rosidl_typesupport_fastrtps_c.dir/rosidl_typesupport_fastrtps_c/flexbe_msgs/action/detail/behavior_input__type_support_c.cpp.o[0m
[9.139s] [ 82%] [32mBuilding CXX object CMakeFiles/flexbe_msgs__rosidl_typesupport_fastrtps_c.dir/rosidl_typesupport_fastrtps_c/flexbe_msgs/action/detail/behavior_execution__type_support_c.cpp.o[0m
[9.284s] [ 83%] [32m[1mLinking CXX shared library libflexbe_msgs__rosidl_typesupport_introspection_cpp.so[0m
[9.294s] [ 84%] [32mBuilding CXX object CMakeFiles/flexbe_msgs__rosidl_typesupport_fastrtps_c.dir/rosidl_typesupport_fastrtps_c/flexbe_msgs/action/detail/behavior_synthesis__type_support_c.cpp.o[0m
[9.434s] [ 84%] Built target flexbe_msgs__rosidl_typesupport_introspection_cpp
[9.611s] [ 84%] [32m[1mLinking CXX shared library libflexbe_msgs__rosidl_typesupport_fastrtps_cpp.so[0m
[9.620s] [ 84%] [32m[1mLinking CXX shared library libflexbe_msgs__rosidl_typesupport_fastrtps_c.so[0m
[9.674s] [ 84%] Built target flexbe_msgs__rosidl_typesupport_fastrtps_cpp
[9.674s] [ 84%] Built target flexbe_msgs__rosidl_typesupport_fastrtps_c
[9.686s] [ 84%] Built target flexbe_msgs
[9.698s] [ 85%] [34m[1mGenerating Python code for ROS interfaces[0m
[12.473s] [ 85%] Built target flexbe_msgs__py
[12.493s] [ 85%] [32mBuilding C object CMakeFiles/flexbe_msgs__rosidl_generator_py.dir/rosidl_generator_py/flexbe_msgs/msg/_be_status_s.c.o[0m
[12.493s] [ 85%] [32mBuilding C object CMakeFiles/flexbe_msgs__rosidl_generator_py.dir/rosidl_generator_py/flexbe_msgs/msg/_behavior_modification_s.c.o[0m
[12.494s] [ 86%] [32mBuilding C object CMakeFiles/flexbe_msgs__rosidl_generator_py.dir/rosidl_generator_py/flexbe_msgs/msg/_behavior_log_s.c.o[0m
[12.494s] [ 87%] [32mBuilding C object CMakeFiles/flexbe_msgs__rosidl_generator_py.dir/rosidl_generator_py/flexbe_msgs/msg/_behavior_request_s.c.o[0m
[12.494s] [ 88%] [32mBuilding C object CMakeFiles/flexbe_msgs__rosidl_generator_py.dir/rosidl_generator_py/flexbe_msgs/msg/_behavior_selection_s.c.o[0m
[12.494s] [ 88%] [32mBuilding C object CMakeFiles/flexbe_msgs__rosidl_generator_py.dir/rosidl_generator_py/flexbe_msgs/msg/_behavior_sync_s.c.o[0m
[12.494s] [ 89%] [32mBuilding C object CMakeFiles/flexbe_msgs__rosidl_generator_py.dir/rosidl_generator_py/flexbe_msgs/msg/_command_feedback_s.c.o[0m
[12.494s] [ 89%] [32mBuilding C object CMakeFiles/flexbe_msgs__rosidl_generator_py.dir/rosidl_generator_py/flexbe_msgs/msg/_container_s.c.o[0m
[12.494s] [ 90%] [32mBuilding C object CMakeFiles/flexbe_msgs__rosidl_generator_py.dir/rosidl_generator_py/flexbe_msgs/msg/_container_structure_s.c.o[0m
[12.494s] [ 91%] [32mBuilding C object CMakeFiles/flexbe_msgs__rosidl_generator_py.dir/rosidl_generator_py/flexbe_msgs/msg/_outcome_condition_s.c.o[0m
[12.494s] [ 91%] [32mBuilding C object CMakeFiles/flexbe_msgs__rosidl_generator_py.dir/rosidl_generator_py/flexbe_msgs/msg/_outcome_request_s.c.o[0m
[12.494s] [ 92%] [32mBuilding C object CMakeFiles/flexbe_msgs__rosidl_generator_py.dir/rosidl_generator_py/flexbe_msgs/msg/_state_instantiation_s.c.o[0m
[12.494s] [ 92%] [32mBuilding C object CMakeFiles/flexbe_msgs__rosidl_generator_py.dir/rosidl_generator_py/flexbe_msgs/msg/_synthesis_error_codes_s.c.o[0m
[12.494s] [ 93%] [32mBuilding C object CMakeFiles/flexbe_msgs__rosidl_generator_py.dir/rosidl_generator_py/flexbe_msgs/msg/_synthesis_request_s.c.o[0m
[12.494s] [ 94%] [32mBuilding C object CMakeFiles/flexbe_msgs__rosidl_generator_py.dir/rosidl_generator_py/flexbe_msgs/msg/_ui_command_s.c.o[0m
[12.495s] [ 94%] [32mBuilding C object CMakeFiles/flexbe_msgs__rosidl_generator_py.dir/rosidl_generator_py/flexbe_msgs/action/_behavior_input_s.c.o[0m
[12.631s] [ 95%] [32mBuilding C object CMakeFiles/flexbe_msgs__rosidl_generator_py.dir/rosidl_generator_py/flexbe_msgs/action/_behavior_execution_s.c.o[0m
[12.633s] [ 95%] [32mBuilding C object CMakeFiles/flexbe_msgs__rosidl_generator_py.dir/rosidl_generator_py/flexbe_msgs/action/_behavior_synthesis_s.c.o[0m
[12.745s] [ 96%] [32m[1mLinking C shared library rosidl_generator_py/flexbe_msgs/libflexbe_msgs__rosidl_generator_py.so[0m
[12.774s] [ 96%] Built target flexbe_msgs__rosidl_generator_py
[12.787s] [ 97%] [32mBuilding C object CMakeFiles/flexbe_msgs__rosidl_typesupport_introspection_c__pyext.dir/rosidl_generator_py/flexbe_msgs/_flexbe_msgs_s.ep.rosidl_typesupport_introspection_c.c.o[0m
[12.788s] [ 98%] [32mBuilding C object CMakeFiles/flexbe_msgs__rosidl_typesupport_c__pyext.dir/rosidl_generator_py/flexbe_msgs/_flexbe_msgs_s.ep.rosidl_typesupport_c.c.o[0m
[12.788s] [ 99%] [32mBuilding C object CMakeFiles/flexbe_msgs__rosidl_typesupport_fastrtps_c__pyext.dir/rosidl_generator_py/flexbe_msgs/_flexbe_msgs_s.ep.rosidl_typesupport_fastrtps_c.c.o[0m
[12.927s] [100%] [32m[1mLinking C shared library rosidl_generator_py/flexbe_msgs/flexbe_msgs_s__rosidl_typesupport_c.cpython-310-x86_64-linux-gnu.so[0m
[12.927s] [100%] [32m[1mLinking C shared library rosidl_generator_py/flexbe_msgs/flexbe_msgs_s__rosidl_typesupport_fastrtps_c.cpython-310-x86_64-linux-gnu.so[0m
[12.927s] [100%] [32m[1mLinking C shared library rosidl_generator_py/flexbe_msgs/flexbe_msgs_s__rosidl_typesupport_introspection_c.cpython-310-x86_64-linux-gnu.so[0m
[12.953s] [100%] Built target flexbe_msgs__rosidl_typesupport_fastrtps_c__pyext
[12.953s] [100%] Built target flexbe_msgs__rosidl_typesupport_c__pyext
[12.953s] [100%] Built target flexbe_msgs__rosidl_typesupport_introspection_c__pyext
