/home/open/work/install/ros2_aruco/lib/python3.10/site-packages/ros2_aruco/aruco_node.py
/home/open/work/install/ros2_aruco/lib/python3.10/site-packages/ros2_aruco/test_mask.py
/home/open/work/install/ros2_aruco/lib/python3.10/site-packages/ros2_aruco/single_aruco_set_tf.py
/home/open/work/install/ros2_aruco/lib/python3.10/site-packages/ros2_aruco/mask_color_and_depth_image.py
/home/open/work/install/ros2_aruco/lib/python3.10/site-packages/ros2_aruco/aruco_generate_marker.py
/home/open/work/install/ros2_aruco/lib/python3.10/site-packages/ros2_aruco/__init__.py
/home/open/work/install/ros2_aruco/lib/python3.10/site-packages/ros2_aruco/three_points_cali_aruco.py
/home/open/work/install/ros2_aruco/lib/python3.10/site-packages/ros2_aruco/transformations.py
/home/open/work/install/ros2_aruco/lib/python3.10/site-packages/ros2_aruco/__pycache__/aruco_node.cpython-310.pyc
/home/open/work/install/ros2_aruco/lib/python3.10/site-packages/ros2_aruco/__pycache__/test_mask.cpython-310.pyc
/home/open/work/install/ros2_aruco/lib/python3.10/site-packages/ros2_aruco/__pycache__/single_aruco_set_tf.cpython-310.pyc
/home/open/work/install/ros2_aruco/lib/python3.10/site-packages/ros2_aruco/__pycache__/mask_color_and_depth_image.cpython-310.pyc
/home/open/work/install/ros2_aruco/lib/python3.10/site-packages/ros2_aruco/__pycache__/aruco_generate_marker.cpython-310.pyc
/home/open/work/install/ros2_aruco/lib/python3.10/site-packages/ros2_aruco/__pycache__/__init__.cpython-310.pyc
/home/open/work/install/ros2_aruco/lib/python3.10/site-packages/ros2_aruco/__pycache__/three_points_cali_aruco.cpython-310.pyc
/home/open/work/install/ros2_aruco/lib/python3.10/site-packages/ros2_aruco/__pycache__/transformations.cpython-310.pyc
/home/open/work/install/ros2_aruco/share/ament_index/resource_index/packages/ros2_aruco
/home/open/work/install/ros2_aruco/share/ros2_aruco/package.xml
/home/open/work/install/ros2_aruco/lib/python3.10/site-packages/ros2_aruco-0.1.0-py3.10.egg-info/requires.txt
/home/open/work/install/ros2_aruco/lib/python3.10/site-packages/ros2_aruco-0.1.0-py3.10.egg-info/zip-safe
/home/open/work/install/ros2_aruco/lib/python3.10/site-packages/ros2_aruco-0.1.0-py3.10.egg-info/PKG-INFO
/home/open/work/install/ros2_aruco/lib/python3.10/site-packages/ros2_aruco-0.1.0-py3.10.egg-info/entry_points.txt
/home/open/work/install/ros2_aruco/lib/python3.10/site-packages/ros2_aruco-0.1.0-py3.10.egg-info/top_level.txt
/home/open/work/install/ros2_aruco/lib/python3.10/site-packages/ros2_aruco-0.1.0-py3.10.egg-info/dependency_links.txt
/home/open/work/install/ros2_aruco/lib/python3.10/site-packages/ros2_aruco-0.1.0-py3.10.egg-info/SOURCES.txt
/home/open/work/install/ros2_aruco/lib/ros2_aruco/aruco_generate_marker
/home/open/work/install/ros2_aruco/lib/ros2_aruco/hiwin_cali
/home/open/work/install/ros2_aruco/lib/ros2_aruco/mask_color_and_depth_image
/home/open/work/install/ros2_aruco/lib/ros2_aruco/test_mask
/home/open/work/install/ros2_aruco/lib/ros2_aruco/tm_aruco
