[1.599s] Invoking command in '/home/open/work/src/py_pubsub': PYTHONPATH=/home/open/work/src/build/py_pubsub/prefix_override:/usr/lib/python3/dist-packages/colcon_core/task/python/colcon_distutils_commands:/home/open/work/src/install/py_pubsub/lib/python3.10/site-packages:${PYTHONPATH} /usr/bin/python3 -W ignore:setup.py install is deprecated setup.py egg_info --egg-base ../build/py_pubsub build --build-base /home/open/work/src/build/py_pubsub/build install --record /home/open/work/src/build/py_pubsub/install.log --single-version-externally-managed install_data
[2.035s] running egg_info
[2.036s] creating ../build/py_pubsub/py_pubsub.egg-info
[2.036s] writing ../build/py_pubsub/py_pubsub.egg-info/PKG-INFO
[2.037s] writing dependency_links to ../build/py_pubsub/py_pubsub.egg-info/dependency_links.txt
[2.037s] writing entry points to ../build/py_pubsub/py_pubsub.egg-info/entry_points.txt
[2.037s] writing requirements to ../build/py_pubsub/py_pubsub.egg-info/requires.txt
[2.037s] writing top-level names to ../build/py_pubsub/py_pubsub.egg-info/top_level.txt
[2.038s] writing manifest file '../build/py_pubsub/py_pubsub.egg-info/SOURCES.txt'
[2.041s] reading manifest file '../build/py_pubsub/py_pubsub.egg-info/SOURCES.txt'
[2.042s] writing manifest file '../build/py_pubsub/py_pubsub.egg-info/SOURCES.txt'
[2.043s] running build
[2.043s] running build_py
[2.043s] creating /home/open/work/src/build/py_pubsub/build
[2.043s] creating /home/open/work/src/build/py_pubsub/build/lib
[2.043s] creating /home/open/work/src/build/py_pubsub/build/lib/py_pubsub
[2.044s] copying py_pubsub/publisher_member_function.py -> /home/open/work/src/build/py_pubsub/build/lib/py_pubsub
[2.044s] copying py_pubsub/subscriber_member_function.py -> /home/open/work/src/build/py_pubsub/build/lib/py_pubsub
[2.044s] copying py_pubsub/__init__.py -> /home/open/work/src/build/py_pubsub/build/lib/py_pubsub
[2.044s] running install
[2.045s] running install_lib
[2.046s] creating /home/open/work/src/install/py_pubsub/lib/python3.10/site-packages/py_pubsub
[2.047s] copying /home/open/work/src/build/py_pubsub/build/lib/py_pubsub/publisher_member_function.py -> /home/open/work/src/install/py_pubsub/lib/python3.10/site-packages/py_pubsub
[2.047s] copying /home/open/work/src/build/py_pubsub/build/lib/py_pubsub/subscriber_member_function.py -> /home/open/work/src/install/py_pubsub/lib/python3.10/site-packages/py_pubsub
[2.047s] copying /home/open/work/src/build/py_pubsub/build/lib/py_pubsub/__init__.py -> /home/open/work/src/install/py_pubsub/lib/python3.10/site-packages/py_pubsub
[2.048s] byte-compiling /home/open/work/src/install/py_pubsub/lib/python3.10/site-packages/py_pubsub/publisher_member_function.py to publisher_member_function.cpython-310.pyc
[2.048s] byte-compiling /home/open/work/src/install/py_pubsub/lib/python3.10/site-packages/py_pubsub/subscriber_member_function.py to subscriber_member_function.cpython-310.pyc
[2.049s] byte-compiling /home/open/work/src/install/py_pubsub/lib/python3.10/site-packages/py_pubsub/__init__.py to __init__.cpython-310.pyc
[2.049s] running install_data
[2.049s] creating /home/open/work/src/install/py_pubsub/share/ament_index
[2.049s] creating /home/open/work/src/install/py_pubsub/share/ament_index/resource_index
[2.050s] creating /home/open/work/src/install/py_pubsub/share/ament_index/resource_index/packages
[2.050s] copying resource/py_pubsub -> /home/open/work/src/install/py_pubsub/share/ament_index/resource_index/packages
[2.050s] copying package.xml -> /home/open/work/src/install/py_pubsub/share/py_pubsub
[2.050s] running install_egg_info
[2.052s] Copying ../build/py_pubsub/py_pubsub.egg-info to /home/open/work/src/install/py_pubsub/lib/python3.10/site-packages/py_pubsub-0.0.0-py3.10.egg-info
[2.053s] running install_scripts
[2.084s] Installing listener script to /home/open/work/src/install/py_pubsub/lib/py_pubsub
[2.084s] Installing talker script to /home/open/work/src/install/py_pubsub/lib/py_pubsub
[2.085s] writing list of installed files to '/home/open/work/src/build/py_pubsub/install.log'
[2.121s] Invoked command in '/home/open/work/src/py_pubsub' returned '0': PYTHONPATH=/home/open/work/src/build/py_pubsub/prefix_override:/usr/lib/python3/dist-packages/colcon_core/task/python/colcon_distutils_commands:/home/open/work/src/install/py_pubsub/lib/python3.10/site-packages:${PYTHONPATH} /usr/bin/python3 -W ignore:setup.py install is deprecated setup.py egg_info --egg-base ../build/py_pubsub build --build-base /home/open/work/src/build/py_pubsub/build install --record /home/open/work/src/build/py_pubsub/install.log --single-version-externally-managed install_data
