Traceback (most recent call last):
  File "/opt/ros/humble/share/rosidl_generator_cpp/cmake/../../../lib/rosidl_generator_cpp/rosidl_generator_cpp", line 38, in <module>
Traceback (most recent call last):
  File "/opt/ros/humble/share/rosidl_generator_c/cmake/../../../lib/rosidl_generator_c/rosidl_generator_c", line 38, in <module>
gmake[2]: *** Deleting file 'rosidl_generator_cpp/realsense2_camera_msgs/msg/imu_info.hpp'
    sys.exit(main())
  File "/opt/ros/humble/share/rosidl_generator_c/cmake/../../../lib/rosidl_generator_c/rosidl_generator_c", line 34, in main
    generate_c(args.generator_arguments_file)
  File "/opt/ros/humble/local/lib/python3.10/dist-packages/rosidl_generator_c/__init__.py", line 37, in generate_c
    return generate_files(
  File "/opt/ros/humble/local/lib/python3.10/dist-packages/rosidl_cmake/__init__.py", line 74, in generate_files
    idl_file = parse_idl_file(locator)
  File "/opt/ros/humble/local/lib/python3.10/dist-packages/rosidl_parser/parser.py", line 64, in parse_idl_file
    content = parse_idl_string(string, png_file=png_file)
  File "/opt/ros/humble/local/lib/python3.10/dist-packages/rosidl_parser/parser.py", line 72, in parse_idl_string
    tree = get_ast_from_idl_string(idl_string)
  File "/opt/ros/humble/local/lib/python3.10/dist-packages/rosidl_parser/parser.py", line 89, in get_ast_from_idl_string
    return _parser.parse(idl_string)
    sys.exit(main())
  File "/usr/lib/python3/dist-packages/lark/lark.py", line 619, in parse
  File "/opt/ros/humble/share/rosidl_generator_cpp/cmake/../../../lib/rosidl_generator_cpp/rosidl_generator_cpp", line 34, in main
    generate_cpp(args.generator_arguments_file)
  File "/opt/ros/humble/local/lib/python3.10/dist-packages/rosidl_generator_cpp/__init__.py", line 38, in generate_cpp
    return generate_files(
  File "/opt/ros/humble/local/lib/python3.10/dist-packages/rosidl_cmake/__init__.py", line 74, in generate_files
    idl_file = parse_idl_file(locator)
  File "/opt/ros/humble/local/lib/python3.10/dist-packages/rosidl_parser/parser.py", line 64, in parse_idl_file
    content = parse_idl_string(string, png_file=png_file)
  File "/opt/ros/humble/local/lib/python3.10/dist-packages/rosidl_parser/parser.py", line 72, in parse_idl_string
    tree = get_ast_from_idl_string(idl_string)
  File "/opt/ros/humble/local/lib/python3.10/dist-packages/rosidl_parser/parser.py", line 89, in get_ast_from_idl_string
    return _parser.parse(idl_string)
  File "/usr/lib/python3/dist-packages/lark/lark.py", line 619, in parse
    return self.parser.parse(text, start=start, on_error=on_error)
  File "/usr/lib/python3/dist-packages/lark/parser_frontends.py", line 99, in parse
gmake[2]: *** Deleting file 'rosidl_generator_c/realsense2_camera_msgs/msg/imu_info.h'
    return self.parser.parse(stream, chosen_start, **kw)
  File "/usr/lib/python3/dist-packages/lark/parsers/earley.py", line 266, in parse
    return self.parser.parse(text, start=start, on_error=on_error)
  File "/usr/lib/python3/dist-packages/lark/parser_frontends.py", line 99, in parse
    return self.parser.parse(stream, chosen_start, **kw)
  File "/usr/lib/python3/dist-packages/lark/parsers/earley.py", line 292, in parse
    to_scan = self._parse(lexer, columns, to_scan, start_symbol)
  File "/usr/lib/python3/dist-packages/lark/parsers/xearley.py", line 144, in _parse
    return transformer.transform(solutions[0])
  File "/usr/lib/python3/dist-packages/lark/parsers/earley_forest.py", line 395, in transform
    self.predict_and_complete(i, to_scan, columns, transitives)
  File "/usr/lib/python3/dist-packages/lark/parsers/earley.py", line 122, in predict_and_complete
    self.visit(root)
    originators = [originator for originator in columns[item.start] if originator.expect is not None and originator.expect == item.s]
  File "/usr/lib/python3/dist-packages/lark/parsers/earley_forest.py", line 532, in visit
  File "/usr/lib/python3/dist-packages/lark/parsers/earley.py", line 122, in <listcomp>
    originators = [originator for originator in columns[item.start] if originator.expect is not None and originator.expect == item.s]
KeyboardInterrupt
    super(ForestToParseTree, self).visit(root)
  File "/usr/lib/python3/dist-packages/lark/parsers/earley_forest.py", line 355, in visit
    next_node = vsni(current)
  File "/usr/lib/python3/dist-packages/lark/parsers/earley_forest.py", line 620, in visit_symbol_node_in
    super(ForestToParseTree, self).visit_symbol_node_in(node)
  File "/usr/lib/python3/dist-packages/lark/parsers/earley_forest.py", line 416, in visit_symbol_node_in
    def visit_symbol_node_in(self, node):
KeyboardInterrupt
gmake[2]: *** [CMakeFiles/realsense2_camera_msgs__rosidl_generator_c.dir/build.make:181: rosidl_generator_c/realsense2_camera_msgs/msg/imu_info.h] Interrupt
gmake[1]: *** [CMakeFiles/Makefile2:212: CMakeFiles/realsense2_camera_msgs__rosidl_generator_c.dir/all] Interrupt
gmake[2]: *** [CMakeFiles/realsense2_camera_msgs__cpp.dir/build.make:201: rosidl_generator_cpp/realsense2_camera_msgs/msg/imu_info.hpp] Interrupt
gmake[1]: *** [CMakeFiles/Makefile2:317: CMakeFiles/realsense2_camera_msgs__cpp.dir/all] Interrupt
gmake: *** [Makefile:146: all] Interrupt
