[0.089s] Invoking command in '/home/open/work/build/hand_eye_flexbe_behaviors': CMAKE_PREFIX_PATH=/opt/ros/humble /usr/bin/cmake /home/open/work/src/hand-eye-calibration_ROS2/hand_eye_flexbe_behaviors -DCMAKE_INSTALL_PREFIX=/home/open/work/install/hand_eye_flexbe_behaviors
[1.845s] -- The C compiler identification is GNU 11.4.0
[1.845s] -- The CXX compiler identification is GNU 11.4.0
[1.845s] -- Detecting C compiler ABI info
[1.845s] -- Detecting C compiler ABI info - done
[1.846s] -- Check for working C compiler: /usr/bin/cc - skipped
[1.846s] -- Detecting C compile features
[1.846s] -- Detecting C compile features - done
[1.846s] -- Detecting CXX compiler ABI info
[1.847s] -- Detecting CXX compiler ABI info - done
[1.847s] -- Check for working CXX compiler: /usr/bin/c++ - skipped
[1.847s] -- Detecting CXX compile features
[1.847s] -- Detecting CXX compile features - done
[1.848s] -- Found ament_cmake: 1.3.9 (/opt/ros/humble/share/ament_cmake/cmake)
[1.848s] -- Found Python3: /usr/bin/python3 (found version "3.10.12") found components: Interpreter 
[1.848s] -- Found rclcpp: 16.0.9 (/opt/ros/humble/share/rclcpp/cmake)
[1.848s] -- Found rosidl_generator_c: 3.1.5 (/opt/ros/humble/share/rosidl_generator_c/cmake)
[1.848s] -- Found rosidl_adapter: 3.1.5 (/opt/ros/humble/share/rosidl_adapter/cmake)
[1.849s] -- Found rosidl_generator_cpp: 3.1.5 (/opt/ros/humble/share/rosidl_generator_cpp/cmake)
[1.849s] -- Using all available rosidl_typesupport_c: rosidl_typesupport_fastrtps_c;rosidl_typesupport_introspection_c
[1.849s] -- Using all available rosidl_typesupport_cpp: rosidl_typesupport_fastrtps_cpp;rosidl_typesupport_introspection_cpp
[1.976s] -- Found rmw_implementation_cmake: 6.1.2 (/opt/ros/humble/share/rmw_implementation_cmake/cmake)
[1.990s] -- Found rmw_fastrtps_cpp: 6.2.6 (/opt/ros/humble/share/rmw_fastrtps_cpp/cmake)
[2.402s] -- Found OpenSSL: /usr/lib/x86_64-linux-gnu/libcrypto.so (found version "3.0.2")  
[2.525s] -- Found FastRTPS: /opt/ros/humble/include  
[2.751s] -- Using RMW implementation 'rmw_fastrtps_cpp' as default
[2.799s] -- Looking for pthread.h
[2.994s] -- Looking for pthread.h - found
[2.995s] -- Performing Test CMAKE_HAVE_LIBC_PTHREAD
[3.235s] -- Performing Test CMAKE_HAVE_LIBC_PTHREAD - Success
[3.239s] -- Found Threads: TRUE  
[3.800s] -- Found rclpy: 3.3.13 (/opt/ros/humble/share/rclpy/cmake)
[4.224s] -- Configuring done
[4.237s] -- Generating done
[4.243s] -- Build files have been written to: /home/open/work/build/hand_eye_flexbe_behaviors
[4.260s] Invoked command in '/home/open/work/build/hand_eye_flexbe_behaviors' returned '0': CMAKE_PREFIX_PATH=/opt/ros/humble /usr/bin/cmake /home/open/work/src/hand-eye-calibration_ROS2/hand_eye_flexbe_behaviors -DCMAKE_INSTALL_PREFIX=/home/open/work/install/hand_eye_flexbe_behaviors
[4.263s] Invoking command in '/home/open/work/build/hand_eye_flexbe_behaviors': CMAKE_PREFIX_PATH=/opt/ros/humble /usr/bin/cmake --build /home/open/work/build/hand_eye_flexbe_behaviors -- -j16 -l16
[4.376s] Built target ament_cmake_python_copy_hand_eye_flexbe_behaviors_setup
[4.378s] Built target ament_cmake_python_copy_hand_eye_flexbe_behaviors
[4.974s] /usr/lib/python3/dist-packages/setuptools/dist.py:723: UserWarning: Usage of dash-separated 'script-dir' will not be supported in future versions. Please use the underscore name 'script_dir' instead
[4.974s]   warnings.warn(
[4.974s] /usr/lib/python3/dist-packages/setuptools/dist.py:723: UserWarning: Usage of dash-separated 'install-scripts' will not be supported in future versions. Please use the underscore name 'install_scripts' instead
[4.975s]   warnings.warn(
[4.988s] running egg_info
[4.989s] creating hand_eye_flexbe_behaviors.egg-info
[4.990s] writing hand_eye_flexbe_behaviors.egg-info/PKG-INFO
[4.990s] writing dependency_links to hand_eye_flexbe_behaviors.egg-info/dependency_links.txt
[4.990s] writing top-level names to hand_eye_flexbe_behaviors.egg-info/top_level.txt
[4.991s] writing manifest file 'hand_eye_flexbe_behaviors.egg-info/SOURCES.txt'
[4.997s] reading manifest file 'hand_eye_flexbe_behaviors.egg-info/SOURCES.txt'
[4.998s] writing manifest file 'hand_eye_flexbe_behaviors.egg-info/SOURCES.txt'
[5.048s] Built target ament_cmake_python_build_hand_eye_flexbe_behaviors_egg
[5.069s] Invoked command in '/home/open/work/build/hand_eye_flexbe_behaviors' returned '0': CMAKE_PREFIX_PATH=/opt/ros/humble /usr/bin/cmake --build /home/open/work/build/hand_eye_flexbe_behaviors -- -j16 -l16
[5.143s] Invoking command in '/home/open/work/build/hand_eye_flexbe_behaviors': CMAKE_PREFIX_PATH=/opt/ros/humble /usr/bin/cmake --install /home/open/work/build/hand_eye_flexbe_behaviors
[5.161s] -- Install configuration: ""
[5.161s] -- Installing: /home/open/work/install/hand_eye_flexbe_behaviors/lib/hand_eye_flexbe_behaviors/manifest
[5.162s] -- Installing: /home/open/work/install/hand_eye_flexbe_behaviors/lib/hand_eye_flexbe_behaviors/manifest/manual_hand_eye_calibration.xml
[5.162s] -- Installing: /home/open/work/install/hand_eye_flexbe_behaviors/lib/hand_eye_flexbe_behaviors/manifest/automatic_hand_eye_calibration.xml
[5.163s] -- Installing: /home/open/work/install/hand_eye_flexbe_behaviors/lib/hand_eye_flexbe_behaviors/manifest/hand_eye_calibration.xml
[5.163s] -- Installing: /home/open/work/install/hand_eye_flexbe_behaviors/lib/hand_eye_flexbe_behaviors/manifest/camera_calibration.xml
[5.164s] -- Installing: /home/open/work/install/hand_eye_flexbe_behaviors/lib/hand_eye_flexbe_behaviors/manifest/verify_calibraion.xml
[5.164s] -- Installing: /home/open/work/install/hand_eye_flexbe_behaviors/lib/hand_eye_flexbe_behaviors/config
[5.165s] -- Installing: /home/open/work/install/hand_eye_flexbe_behaviors/lib/hand_eye_flexbe_behaviors/config/example.yaml
[5.166s] -- Installing: /home/open/work/install/hand_eye_flexbe_behaviors/share/hand_eye_flexbe_behaviors/environment/pythonpath.sh
[5.167s] -- Installing: /home/open/work/install/hand_eye_flexbe_behaviors/share/hand_eye_flexbe_behaviors/environment/pythonpath.dsv
[5.168s] -- Installing: /home/open/work/install/hand_eye_flexbe_behaviors/local/lib/python3.10/dist-packages/hand_eye_flexbe_behaviors-1.0.0-py3.10.egg-info
[5.169s] -- Installing: /home/open/work/install/hand_eye_flexbe_behaviors/local/lib/python3.10/dist-packages/hand_eye_flexbe_behaviors-1.0.0-py3.10.egg-info/PKG-INFO
[5.169s] -- Installing: /home/open/work/install/hand_eye_flexbe_behaviors/local/lib/python3.10/dist-packages/hand_eye_flexbe_behaviors-1.0.0-py3.10.egg-info/top_level.txt
[5.170s] -- Installing: /home/open/work/install/hand_eye_flexbe_behaviors/local/lib/python3.10/dist-packages/hand_eye_flexbe_behaviors-1.0.0-py3.10.egg-info/dependency_links.txt
[5.170s] -- Installing: /home/open/work/install/hand_eye_flexbe_behaviors/local/lib/python3.10/dist-packages/hand_eye_flexbe_behaviors-1.0.0-py3.10.egg-info/SOURCES.txt
[5.172s] -- Installing: /home/open/work/install/hand_eye_flexbe_behaviors/local/lib/python3.10/dist-packages/hand_eye_flexbe_behaviors
[5.172s] -- Installing: /home/open/work/install/hand_eye_flexbe_behaviors/local/lib/python3.10/dist-packages/hand_eye_flexbe_behaviors/hand_eye_calibration_sm.py
[5.172s] -- Installing: /home/open/work/install/hand_eye_flexbe_behaviors/local/lib/python3.10/dist-packages/hand_eye_flexbe_behaviors/verify_calibraion_sm.py
[5.173s] -- Installing: /home/open/work/install/hand_eye_flexbe_behaviors/local/lib/python3.10/dist-packages/hand_eye_flexbe_behaviors/automatic_hand_eye_calibration_sm.py
[5.173s] -- Installing: /home/open/work/install/hand_eye_flexbe_behaviors/local/lib/python3.10/dist-packages/hand_eye_flexbe_behaviors/__init__.py
[5.173s] -- Installing: /home/open/work/install/hand_eye_flexbe_behaviors/local/lib/python3.10/dist-packages/hand_eye_flexbe_behaviors/camera_calibration_sm.py
[5.173s] -- Installing: /home/open/work/install/hand_eye_flexbe_behaviors/local/lib/python3.10/dist-packages/hand_eye_flexbe_behaviors/manual_hand_eye_calibration_sm.py
[5.277s] Listing '/home/open/work/install/hand_eye_flexbe_behaviors/local/lib/python3.10/dist-packages/hand_eye_flexbe_behaviors'...
[5.278s] Compiling '/home/open/work/install/hand_eye_flexbe_behaviors/local/lib/python3.10/dist-packages/hand_eye_flexbe_behaviors/__init__.py'...
[5.278s] Compiling '/home/open/work/install/hand_eye_flexbe_behaviors/local/lib/python3.10/dist-packages/hand_eye_flexbe_behaviors/automatic_hand_eye_calibration_sm.py'...
[5.278s] Compiling '/home/open/work/install/hand_eye_flexbe_behaviors/local/lib/python3.10/dist-packages/hand_eye_flexbe_behaviors/camera_calibration_sm.py'...
[5.278s] Compiling '/home/open/work/install/hand_eye_flexbe_behaviors/local/lib/python3.10/dist-packages/hand_eye_flexbe_behaviors/hand_eye_calibration_sm.py'...
[5.279s] Compiling '/home/open/work/install/hand_eye_flexbe_behaviors/local/lib/python3.10/dist-packages/hand_eye_flexbe_behaviors/manual_hand_eye_calibration_sm.py'...
[5.279s] Compiling '/home/open/work/install/hand_eye_flexbe_behaviors/local/lib/python3.10/dist-packages/hand_eye_flexbe_behaviors/verify_calibraion_sm.py'...
[5.291s] -- Installing: /home/open/work/install/hand_eye_flexbe_behaviors/share/ament_index/resource_index/package_run_dependencies/hand_eye_flexbe_behaviors
[5.291s] -- Installing: /home/open/work/install/hand_eye_flexbe_behaviors/share/ament_index/resource_index/parent_prefix_path/hand_eye_flexbe_behaviors
[5.292s] -- Installing: /home/open/work/install/hand_eye_flexbe_behaviors/share/hand_eye_flexbe_behaviors/environment/ament_prefix_path.sh
[5.292s] -- Installing: /home/open/work/install/hand_eye_flexbe_behaviors/share/hand_eye_flexbe_behaviors/environment/ament_prefix_path.dsv
[5.292s] -- Installing: /home/open/work/install/hand_eye_flexbe_behaviors/share/hand_eye_flexbe_behaviors/environment/path.sh
[5.293s] -- Installing: /home/open/work/install/hand_eye_flexbe_behaviors/share/hand_eye_flexbe_behaviors/environment/path.dsv
[5.293s] -- Installing: /home/open/work/install/hand_eye_flexbe_behaviors/share/hand_eye_flexbe_behaviors/local_setup.bash
[5.293s] -- Installing: /home/open/work/install/hand_eye_flexbe_behaviors/share/hand_eye_flexbe_behaviors/local_setup.sh
[5.295s] -- Installing: /home/open/work/install/hand_eye_flexbe_behaviors/share/hand_eye_flexbe_behaviors/local_setup.zsh
[5.295s] -- Installing: /home/open/work/install/hand_eye_flexbe_behaviors/share/hand_eye_flexbe_behaviors/local_setup.dsv
[5.295s] -- Installing: /home/open/work/install/hand_eye_flexbe_behaviors/share/hand_eye_flexbe_behaviors/package.dsv
[5.297s] -- Installing: /home/open/work/install/hand_eye_flexbe_behaviors/share/ament_index/resource_index/packages/hand_eye_flexbe_behaviors
[5.298s] -- Installing: /home/open/work/install/hand_eye_flexbe_behaviors/share/hand_eye_flexbe_behaviors/cmake/hand_eye_flexbe_behaviorsConfig.cmake
[5.298s] -- Installing: /home/open/work/install/hand_eye_flexbe_behaviors/share/hand_eye_flexbe_behaviors/cmake/hand_eye_flexbe_behaviorsConfig-version.cmake
[5.298s] -- Installing: /home/open/work/install/hand_eye_flexbe_behaviors/share/hand_eye_flexbe_behaviors/package.xml
[5.305s] Invoked command in '/home/open/work/build/hand_eye_flexbe_behaviors' returned '0': CMAKE_PREFIX_PATH=/opt/ros/humble /usr/bin/cmake --install /home/open/work/build/hand_eye_flexbe_behaviors
