[0.055s] Invoking command in '/home/open/work/src/build/visp_bridge': CMAKE_PREFIX_PATH=/opt/ros/humble /usr/bin/cmake /home/open/work/src/hand-eye-calibration_ROS2/vision_visp/visp_bridge -DCMAKE_INSTALL_PREFIX=/home/open/work/src/install/visp_bridge
[1.099s] -- The C compiler identification is GNU 11.4.0
[1.099s] -- The CXX compiler identification is GNU 11.4.0
[1.099s] -- Detecting C compiler ABI info
[1.099s] -- Detecting C compiler ABI info - done
[1.099s] -- Check for working C compiler: /usr/bin/cc - skipped
[1.099s] -- Detecting C compile features
[1.099s] -- Detecting C compile features - done
[1.100s] -- Detecting CXX compiler ABI info
[1.100s] -- Detecting CXX compiler ABI info - done
[1.100s] -- Check for working CXX compiler: /usr/bin/c++ - skipped
[1.100s] -- Detecting CXX compile features
[1.100s] -- Detecting CXX compile features - done
[1.100s] -- Found ament_cmake_ros: 0.10.0 (/opt/ros/humble/share/ament_cmake_ros/cmake)
[1.100s] -- Found Python3: /usr/bin/python3 (found version "3.10.12") found components: Interpreter 
[1.100s] -- Found geometry_msgs: 4.2.4 (/opt/ros/humble/share/geometry_msgs/cmake)
[1.101s] -- Found rosidl_generator_c: 3.1.5 (/opt/ros/humble/share/rosidl_generator_c/cmake)
[1.101s] -- Found rosidl_adapter: 3.1.5 (/opt/ros/humble/share/rosidl_adapter/cmake)
[1.101s] -- Found rosidl_generator_cpp: 3.1.5 (/opt/ros/humble/share/rosidl_generator_cpp/cmake)
[1.101s] -- Using all available rosidl_typesupport_c: rosidl_typesupport_fastrtps_c;rosidl_typesupport_introspection_c
[1.101s] -- Using all available rosidl_typesupport_cpp: rosidl_typesupport_fastrtps_cpp;rosidl_typesupport_introspection_cpp
[1.167s] -- Found sensor_msgs: 4.2.4 (/opt/ros/humble/share/sensor_msgs/cmake)
[1.415s] -- Found camera_calibration_parsers: 3.1.9 (/opt/ros/humble/share/camera_calibration_parsers/cmake)
[1.590s] -- Found rmw_implementation_cmake: 6.1.2 (/opt/ros/humble/share/rmw_implementation_cmake/cmake)
[1.597s] -- Found rmw_fastrtps_cpp: 6.2.6 (/opt/ros/humble/share/rmw_fastrtps_cpp/cmake)
[1.831s] -- Found OpenSSL: /usr/lib/x86_64-linux-gnu/libcrypto.so (found version "3.0.2")  
[1.903s] -- Found FastRTPS: /opt/ros/humble/include  
[2.034s] -- Using RMW implementation 'rmw_fastrtps_cpp' as default
[2.059s] -- Looking for pthread.h
[2.197s] -- Looking for pthread.h - found
[2.198s] -- Performing Test CMAKE_HAVE_LIBC_PTHREAD
[2.298s] -- Performing Test CMAKE_HAVE_LIBC_PTHREAD - Success
[2.300s] -- Found Threads: TRUE  
[2.663s] -- Performing Test COMPILER_HAS_HIDDEN_VISIBILITY
[2.772s] -- Performing Test COMPILER_HAS_HIDDEN_VISIBILITY - Success
[2.773s] -- Performing Test COMPILER_HAS_HIDDEN_INLINE_VISIBILITY
[2.887s] -- Performing Test COMPILER_HAS_HIDDEN_INLINE_VISIBILITY - Success
[2.888s] -- Performing Test COMPILER_HAS_DEPRECATED_ATTR
[2.999s] -- Performing Test COMPILER_HAS_DEPRECATED_ATTR - Success
[3.105s] -- Configuring done
[3.130s] -- Generating done
[3.133s] -- Build files have been written to: /home/open/work/src/build/visp_bridge
[3.151s] Invoked command in '/home/open/work/src/build/visp_bridge' returned '0': CMAKE_PREFIX_PATH=/opt/ros/humble /usr/bin/cmake /home/open/work/src/hand-eye-calibration_ROS2/vision_visp/visp_bridge -DCMAKE_INSTALL_PREFIX=/home/open/work/src/install/visp_bridge
[3.153s] Invoking command in '/home/open/work/src/build/visp_bridge': CMAKE_PREFIX_PATH=/opt/ros/humble /usr/bin/cmake --build /home/open/work/src/build/visp_bridge -- -j16 -l16
[3.241s] [ 16%] [32mBuilding CXX object src/CMakeFiles/visp_bridge.dir/camera.cpp.o[0m
[3.244s] [ 33%] [32mBuilding CXX object src/CMakeFiles/visp_bridge.dir/3dpose.cpp.o[0m
[3.245s] [ 50%] [32mBuilding CXX object src/CMakeFiles/visp_bridge.dir/image.cpp.o[0m
[6.957s] [ 66%] [32m[1mLinking CXX shared library libvisp_bridge.so[0m
[7.903s] [ 66%] Built target visp_bridge
[7.977s] [ 83%] [32mBuilding CXX object tool/CMakeFiles/visp_bridge_cam_param_converter.dir/cam_param_converter.cpp.o[0m
[12.392s] [100%] [32m[1mLinking CXX executable visp_bridge_cam_param_converter[0m
[12.691s] [100%] Built target visp_bridge_cam_param_converter
[12.711s] Invoked command in '/home/open/work/src/build/visp_bridge' returned '0': CMAKE_PREFIX_PATH=/opt/ros/humble /usr/bin/cmake --build /home/open/work/src/build/visp_bridge -- -j16 -l16
[12.759s] Invoking command in '/home/open/work/src/build/visp_bridge': CMAKE_PREFIX_PATH=/opt/ros/humble /usr/bin/cmake --install /home/open/work/src/build/visp_bridge
[12.776s] -- Install configuration: ""
[12.776s] -- Installing: /home/open/work/src/install/visp_bridge/include/visp_bridge
[12.776s] -- Installing: /home/open/work/src/install/visp_bridge/include/visp_bridge/visp_bridge
[12.776s] -- Installing: /home/open/work/src/install/visp_bridge/include/visp_bridge/visp_bridge/image.h
[12.776s] -- Installing: /home/open/work/src/install/visp_bridge/include/visp_bridge/visp_bridge/3dpose.h
[12.777s] -- Installing: /home/open/work/src/install/visp_bridge/include/visp_bridge/visp_bridge/camera.h
[12.777s] -- Installing: /home/open/work/src/install/visp_bridge/lib/libvisp_bridge.so
[12.777s] -- Set runtime path of "/home/open/work/src/install/visp_bridge/lib/libvisp_bridge.so" to ""
[12.777s] -- Installing: /home/open/work/src/install/visp_bridge/share/ament_index/resource_index/package_run_dependencies/visp_bridge
[12.777s] -- Installing: /home/open/work/src/install/visp_bridge/share/ament_index/resource_index/parent_prefix_path/visp_bridge
[12.777s] -- Installing: /home/open/work/src/install/visp_bridge/share/visp_bridge/environment/ament_prefix_path.sh
[12.778s] -- Installing: /home/open/work/src/install/visp_bridge/share/visp_bridge/environment/ament_prefix_path.dsv
[12.778s] -- Installing: /home/open/work/src/install/visp_bridge/share/visp_bridge/environment/path.sh
[12.778s] -- Installing: /home/open/work/src/install/visp_bridge/share/visp_bridge/environment/path.dsv
[12.778s] -- Installing: /home/open/work/src/install/visp_bridge/share/visp_bridge/local_setup.bash
[12.779s] -- Installing: /home/open/work/src/install/visp_bridge/share/visp_bridge/local_setup.sh
[12.779s] -- Installing: /home/open/work/src/install/visp_bridge/share/visp_bridge/local_setup.zsh
[12.780s] -- Installing: /home/open/work/src/install/visp_bridge/share/visp_bridge/local_setup.dsv
[12.780s] -- Installing: /home/open/work/src/install/visp_bridge/share/visp_bridge/package.dsv
[12.780s] -- Installing: /home/open/work/src/install/visp_bridge/share/ament_index/resource_index/packages/visp_bridge
[12.781s] -- Installing: /home/open/work/src/install/visp_bridge/share/visp_bridge/cmake/export_visp_bridgeExport.cmake
[12.781s] -- Installing: /home/open/work/src/install/visp_bridge/share/visp_bridge/cmake/export_visp_bridgeExport-noconfig.cmake
[12.781s] -- Installing: /home/open/work/src/install/visp_bridge/share/visp_bridge/cmake/ament_cmake_export_targets-extras.cmake
[12.782s] -- Installing: /home/open/work/src/install/visp_bridge/share/visp_bridge/cmake/ament_cmake_export_dependencies-extras.cmake
[12.782s] -- Installing: /home/open/work/src/install/visp_bridge/share/visp_bridge/cmake/visp_bridgeConfig.cmake
[12.782s] -- Installing: /home/open/work/src/install/visp_bridge/share/visp_bridge/cmake/visp_bridgeConfig-version.cmake
[12.783s] -- Installing: /home/open/work/src/install/visp_bridge/share/visp_bridge/package.xml
[12.784s] -- Up-to-date: /home/open/work/src/install/visp_bridge/lib/libvisp_bridge.so
[12.785s] -- Installing: /home/open/work/src/install/visp_bridge/include/visp_bridge/visp_bridge/visp_bridge_export.h
[12.785s] -- Installing: /home/open/work/src/install/visp_bridge/lib/visp_bridge/visp_bridge_cam_param_converter
[12.786s] -- Set runtime path of "/home/open/work/src/install/visp_bridge/lib/visp_bridge/visp_bridge_cam_param_converter" to ""
[12.786s] -- Installing: /home/open/work/src/install/visp_bridge/share/data
[12.786s] -- Installing: /home/open/work/src/install/visp_bridge/share/data/visp-camera-model-with-distortion.xml
[12.787s] -- Installing: /home/open/work/src/install/visp_bridge/share/data/ros-camera-model-with-distortion.ini
[12.787s] -- Installing: /home/open/work/src/install/visp_bridge/share/data/ros-camera-model-without-distortion.ini
[12.788s] -- Installing: /home/open/work/src/install/visp_bridge/share/data/visp-camera-model-without-distortion.xml
[12.792s] Invoked command in '/home/open/work/src/build/visp_bridge' returned '0': CMAKE_PREFIX_PATH=/opt/ros/humble /usr/bin/cmake --install /home/open/work/src/build/visp_bridge
