[35m[1mConsolidate compiler generated dependencies of target charuco_detector_interfaces__rosidl_generator_c[0m
[  3%] Built target charuco_detector_interfaces__cpp
[  3%] Built target ament_cmake_python_copy_charuco_detector_interfaces
[ 12%] Built target charuco_detector_interfaces__rosidl_generator_c
[ 16%] [34m[1mGenerating C introspection for ROS interfaces[0m
[ 19%] [34m[1mGenerating C type support dispatch for ROS interfaces[0m
[ 22%] [32mBuilding CXX object CMakeFiles/charuco_detector_interfaces__rosidl_typesupport_cpp.dir/rosidl_typesupport_cpp/charuco_detector_interfaces/srv/eye2base__type_support.cpp.o[0m
[ 25%] [34m[1mGenerating C type support for eProsima Fast-RTPS[0m
[ 32%] [32mBuilding CXX object CMakeFiles/charuco_detector_interfaces__rosidl_typesupport_fastrtps_cpp.dir/rosidl_typesupport_fastrtps_cpp/charuco_detector_interfaces/srv/detail/dds_fastrtps/eye2base__type_support.cpp.o[0m
[ 32%] [32mBuilding CXX object CMakeFiles/charuco_detector_interfaces__rosidl_typesupport_introspection_cpp.dir/rosidl_typesupport_introspection_cpp/charuco_detector_interfaces/srv/detail/eye2base__type_support.cpp.o[0m
running egg_info
writing charuco_detector_interfaces.egg-info/PKG-INFO
writing dependency_links to charuco_detector_interfaces.egg-info/dependency_links.txt
writing top-level names to charuco_detector_interfaces.egg-info/top_level.txt
[ 35%] [32mBuilding CXX object CMakeFiles/charuco_detector_interfaces__rosidl_typesupport_c.dir/rosidl_typesupport_c/charuco_detector_interfaces/srv/eye2base__type_support.cpp.o[0m
reading manifest file 'charuco_detector_interfaces.egg-info/SOURCES.txt'
writing manifest file 'charuco_detector_interfaces.egg-info/SOURCES.txt'
[ 35%] Built target ament_cmake_python_build_charuco_detector_interfaces_egg
[ 38%] [32m[1mLinking CXX shared library libcharuco_detector_interfaces__rosidl_typesupport_c.so[0m
[ 41%] [32mBuilding C object CMakeFiles/charuco_detector_interfaces__rosidl_typesupport_introspection_c.dir/rosidl_typesupport_introspection_c/charuco_detector_interfaces/srv/detail/eye2base__type_support.c.o[0m
[ 41%] Built target charuco_detector_interfaces__rosidl_typesupport_c
[ 45%] [32mBuilding CXX object CMakeFiles/charuco_detector_interfaces__rosidl_typesupport_fastrtps_c.dir/rosidl_typesupport_fastrtps_c/charuco_detector_interfaces/srv/detail/eye2base__type_support_c.cpp.o[0m
[ 48%] [32m[1mLinking CXX shared library libcharuco_detector_interfaces__rosidl_typesupport_cpp.so[0m
[ 51%] [32m[1mLinking C shared library libcharuco_detector_interfaces__rosidl_typesupport_introspection_c.so[0m
[ 51%] Built target charuco_detector_interfaces__rosidl_typesupport_introspection_c
[ 54%] Built target charuco_detector_interfaces__rosidl_typesupport_cpp
[ 58%] [32m[1mLinking CXX shared library libcharuco_detector_interfaces__rosidl_typesupport_introspection_cpp.so[0m
[ 61%] [32m[1mLinking CXX shared library libcharuco_detector_interfaces__rosidl_typesupport_fastrtps_cpp.so[0m
[ 64%] Built target charuco_detector_interfaces__rosidl_typesupport_introspection_cpp
[ 67%] Built target charuco_detector_interfaces__rosidl_typesupport_fastrtps_cpp
[ 70%] [32m[1mLinking CXX shared library libcharuco_detector_interfaces__rosidl_typesupport_fastrtps_c.so[0m
[ 70%] Built target charuco_detector_interfaces__rosidl_typesupport_fastrtps_c
[ 70%] Built target charuco_detector_interfaces
[ 74%] [34m[1mGenerating Python code for ROS interfaces[0m
[ 74%] Built target charuco_detector_interfaces__py
[ 77%] [32mBuilding C object CMakeFiles/charuco_detector_interfaces__rosidl_generator_py.dir/rosidl_generator_py/charuco_detector_interfaces/srv/_eye2base_s.c.o[0m
[ 80%] [32m[1mLinking C shared library rosidl_generator_py/charuco_detector_interfaces/libcharuco_detector_interfaces__rosidl_generator_py.so[0m
[ 80%] Built target charuco_detector_interfaces__rosidl_generator_py
[ 83%] [32mBuilding C object CMakeFiles/charuco_detector_interfaces__rosidl_typesupport_introspection_c__pyext.dir/rosidl_generator_py/charuco_detector_interfaces/_charuco_detector_interfaces_s.ep.rosidl_typesupport_introspection_c.c.o[0m
[ 87%] [32mBuilding C object CMakeFiles/charuco_detector_interfaces__rosidl_typesupport_fastrtps_c__pyext.dir/rosidl_generator_py/charuco_detector_interfaces/_charuco_detector_interfaces_s.ep.rosidl_typesupport_fastrtps_c.c.o[0m
[ 90%] [32mBuilding C object CMakeFiles/charuco_detector_interfaces__rosidl_typesupport_c__pyext.dir/rosidl_generator_py/charuco_detector_interfaces/_charuco_detector_interfaces_s.ep.rosidl_typesupport_c.c.o[0m
[ 93%] [32m[1mLinking C shared library rosidl_generator_py/charuco_detector_interfaces/charuco_detector_interfaces_s__rosidl_typesupport_c.cpython-310-x86_64-linux-gnu.so[0m
[ 96%] [32m[1mLinking C shared library rosidl_generator_py/charuco_detector_interfaces/charuco_detector_interfaces_s__rosidl_typesupport_introspection_c.cpython-310-x86_64-linux-gnu.so[0m
[100%] [32m[1mLinking C shared library rosidl_generator_py/charuco_detector_interfaces/charuco_detector_interfaces_s__rosidl_typesupport_fastrtps_c.cpython-310-x86_64-linux-gnu.so[0m
[100%] Built target charuco_detector_interfaces__rosidl_typesupport_c__pyext
[100%] Built target charuco_detector_interfaces__rosidl_typesupport_introspection_c__pyext
[100%] Built target charuco_detector_interfaces__rosidl_typesupport_fastrtps_c__pyext
