-- The C compiler identification is GNU 11.4.0
-- The CXX compiler identification is GNU 11.4.0
-- Detecting C compiler ABI info
-- Detecting C compiler ABI info - done
-- Check for working C compiler: /usr/bin/cc - skipped
-- Detecting C compile features
-- Detecting C compile features - done
-- Detecting CXX compiler ABI info
-- Detecting CXX compiler ABI info - done
-- Check for working CXX compiler: /usr/bin/c++ - skipped
-- Detecting CXX compile features
-- Detecting CXX compile features - done
-- Found ament_cmake_auto: 1.3.9 (/opt/ros/humble/share/ament_cmake_auto/cmake)
-- Found Python3: /usr/bin/python3 (found version "3.10.12") found components: Interpreter 
-- Found rosidl_generator_c: 3.1.5 (/opt/ros/humble/share/rosidl_generator_c/cmake)
-- Found rosidl_adapter: 3.1.5 (/opt/ros/humble/share/rosidl_adapter/cmake)
-- Found rosidl_generator_cpp: 3.1.5 (/opt/ros/humble/share/rosidl_generator_cpp/cmake)
-- Using all available rosidl_typesupport_c: rosidl_typesupport_fastrtps_c;rosidl_typesupport_introspection_c
-- Using all available rosidl_typesupport_cpp: rosidl_typesupport_fastrtps_cpp;rosidl_typesupport_introspection_cpp
-- Found rmw_implementation_cmake: 6.1.2 (/opt/ros/humble/share/rmw_implementation_cmake/cmake)
-- Found rmw_fastrtps_cpp: 6.2.6 (/opt/ros/humble/share/rmw_fastrtps_cpp/cmake)
-- Found OpenSSL: /usr/lib/x86_64-linux-gnu/libcrypto.so (found version "3.0.2")  
-- Found FastRTPS: /opt/ros/humble/include  
-- Using RMW implementation 'rmw_fastrtps_cpp' as default
-- Looking for pthread.h
-- Looking for pthread.h - found
-- Performing Test CMAKE_HAVE_LIBC_PTHREAD
-- Performing Test CMAKE_HAVE_LIBC_PTHREAD - Success
-- Found Threads: TRUE  
-- Using all available rosidl_typesupport_c: rosidl_typesupport_fastrtps_c;rosidl_typesupport_introspection_c
-- Using all available rosidl_typesupport_cpp: rosidl_typesupport_fastrtps_cpp;rosidl_typesupport_introspection_cpp
-- Found PythonInterp: /usr/bin/python3 (found suitable version "3.10.12", minimum required is "3.6") 
-- Found python_cmake_module: 0.10.0 (/opt/ros/humble/share/python_cmake_module/cmake)
-- Found PythonLibs: /usr/lib/x86_64-linux-gnu/libpython3.10.so (found suitable version "3.10.12", minimum required is "3.5") 
-- Using PYTHON_EXECUTABLE: /usr/bin/python3
-- Using PYTHON_INCLUDE_DIRS: /usr/include/python3.10
-- Using PYTHON_LIBRARIES: /usr/lib/x86_64-linux-gnu/libpython3.10.so
-- Found PythonExtra: .so  
-- Configuring done
-- Generating done
-- Build files have been written to: /home/open/work/src/build/visp_camera_calibration
[  1%] [34m[1mGenerating C code for ROS interfaces[0m
[  2%] [34m[1mGenerating C++ code for ROS interfaces[0m
[  4%] [32mBuilding CXX object CMakeFiles/visp_camera_calibration_common.dir/src/names.cpp.o[0m
[  4%] Built target ament_cmake_python_copy_visp_camera_calibration
running egg_info
creating visp_camera_calibration.egg-info
writing visp_camera_calibration.egg-info/PKG-INFO
writing dependency_links to visp_camera_calibration.egg-info/dependency_links.txt
writing top-level names to visp_camera_calibration.egg-info/top_level.txt
writing manifest file 'visp_camera_calibration.egg-info/SOURCES.txt'
reading manifest file 'visp_camera_calibration.egg-info/SOURCES.txt'
writing manifest file 'visp_camera_calibration.egg-info/SOURCES.txt'
[  4%] Built target ament_cmake_python_build_visp_camera_calibration_egg
[  5%] [32m[1mLinking CXX shared library libvisp_camera_calibration_common.so[0m
[  5%] Built target visp_camera_calibration_common
[  5%] Built target visp_camera_calibration__cpp
[  6%] [32mBuilding C object CMakeFiles/visp_camera_calibration__rosidl_generator_c.dir/rosidl_generator_c/visp_camera_calibration/msg/detail/calib_point_array__functions.c.o[0m
[  8%] [32mBuilding C object CMakeFiles/visp_camera_calibration__rosidl_generator_c.dir/rosidl_generator_c/visp_camera_calibration/msg/detail/calib_point__functions.c.o[0m
[  9%] [32mBuilding C object CMakeFiles/visp_camera_calibration__rosidl_generator_c.dir/rosidl_generator_c/visp_camera_calibration/msg/detail/image_point__functions.c.o[0m
[ 10%] [32mBuilding C object CMakeFiles/visp_camera_calibration__rosidl_generator_c.dir/rosidl_generator_c/visp_camera_calibration/srv/detail/calibrate__functions.c.o[0m
[ 12%] [32mBuilding C object CMakeFiles/visp_camera_calibration__rosidl_generator_c.dir/rosidl_generator_c/visp_camera_calibration/msg/detail/image_and_points__functions.c.o[0m
[ 13%] [34m[1mGenerating C++ type support dispatch for ROS interfaces[0m
[ 14%] [34m[1mGenerating C++ type support for eProsima Fast-RTPS[0m
[ 16%] [34m[1mGenerating C++ introspection for ROS interfaces[0m
[ 17%] [32m[1mLinking C shared library libvisp_camera_calibration__rosidl_generator_c.so[0m
[ 17%] Built target visp_camera_calibration__rosidl_generator_c
[ 20%] [34m[1mGenerating C type support for eProsima Fast-RTPS[0m
[ 20%] [34m[1mGenerating C type support dispatch for ROS interfaces[0m
[ 21%] [34m[1mGenerating C introspection for ROS interfaces[0m
[ 22%] [32mBuilding CXX object CMakeFiles/visp_camera_calibration__rosidl_typesupport_cpp.dir/rosidl_typesupport_cpp/visp_camera_calibration/msg/calib_point_array__type_support.cpp.o[0m
[ 24%] [32mBuilding CXX object CMakeFiles/visp_camera_calibration__rosidl_typesupport_cpp.dir/rosidl_typesupport_cpp/visp_camera_calibration/msg/calib_point__type_support.cpp.o[0m
[ 25%] [32mBuilding CXX object CMakeFiles/visp_camera_calibration__rosidl_typesupport_cpp.dir/rosidl_typesupport_cpp/visp_camera_calibration/msg/image_point__type_support.cpp.o[0m
[ 27%] [32mBuilding CXX object CMakeFiles/visp_camera_calibration__rosidl_typesupport_cpp.dir/rosidl_typesupport_cpp/visp_camera_calibration/msg/image_and_points__type_support.cpp.o[0m
[ 28%] [32mBuilding CXX object CMakeFiles/visp_camera_calibration__rosidl_typesupport_cpp.dir/rosidl_typesupport_cpp/visp_camera_calibration/srv/calibrate__type_support.cpp.o[0m
[ 29%] [32mBuilding CXX object CMakeFiles/visp_camera_calibration__rosidl_typesupport_introspection_cpp.dir/rosidl_typesupport_introspection_cpp/visp_camera_calibration/msg/detail/calib_point__type_support.cpp.o[0m
[ 31%] [32mBuilding CXX object CMakeFiles/visp_camera_calibration__rosidl_typesupport_introspection_cpp.dir/rosidl_typesupport_introspection_cpp/visp_camera_calibration/msg/detail/image_and_points__type_support.cpp.o[0m
[ 32%] [32mBuilding CXX object CMakeFiles/visp_camera_calibration__rosidl_typesupport_introspection_cpp.dir/rosidl_typesupport_introspection_cpp/visp_camera_calibration/msg/detail/calib_point_array__type_support.cpp.o[0m
[ 33%] [32mBuilding CXX object CMakeFiles/visp_camera_calibration__rosidl_typesupport_introspection_cpp.dir/rosidl_typesupport_introspection_cpp/visp_camera_calibration/msg/detail/image_point__type_support.cpp.o[0m
[ 35%] [32mBuilding CXX object CMakeFiles/visp_camera_calibration__rosidl_typesupport_introspection_cpp.dir/rosidl_typesupport_introspection_cpp/visp_camera_calibration/srv/detail/calibrate__type_support.cpp.o[0m
[ 36%] [32mBuilding CXX object CMakeFiles/visp_camera_calibration__rosidl_typesupport_c.dir/rosidl_typesupport_c/visp_camera_calibration/msg/calib_point_array__type_support.cpp.o[0m
[ 37%] [32mBuilding CXX object CMakeFiles/visp_camera_calibration__rosidl_typesupport_c.dir/rosidl_typesupport_c/visp_camera_calibration/msg/calib_point__type_support.cpp.o[0m
[ 39%] [32mBuilding CXX object CMakeFiles/visp_camera_calibration__rosidl_typesupport_c.dir/rosidl_typesupport_c/visp_camera_calibration/msg/image_and_points__type_support.cpp.o[0m
[ 40%] [32mBuilding CXX object CMakeFiles/visp_camera_calibration__rosidl_typesupport_c.dir/rosidl_typesupport_c/visp_camera_calibration/msg/image_point__type_support.cpp.o[0m
[ 41%] [32mBuilding CXX object CMakeFiles/visp_camera_calibration__rosidl_typesupport_c.dir/rosidl_typesupport_c/visp_camera_calibration/srv/calibrate__type_support.cpp.o[0m
[ 43%] [32mBuilding CXX object CMakeFiles/visp_camera_calibration__rosidl_typesupport_fastrtps_c.dir/rosidl_typesupport_fastrtps_c/visp_camera_calibration/msg/detail/calib_point_array__type_support_c.cpp.o[0m
[ 44%] [32mBuilding CXX object CMakeFiles/visp_camera_calibration__rosidl_typesupport_fastrtps_c.dir/rosidl_typesupport_fastrtps_c/visp_camera_calibration/msg/detail/calib_point__type_support_c.cpp.o[0m
[ 47%] [32m[1mLinking CXX shared library libvisp_camera_calibration__rosidl_typesupport_c.so[0m
[ 47%] [32mBuilding CXX object CMakeFiles/visp_camera_calibration__rosidl_typesupport_fastrtps_c.dir/rosidl_typesupport_fastrtps_c/visp_camera_calibration/msg/detail/image_and_points__type_support_c.cpp.o[0m
[ 48%] [32mBuilding C object CMakeFiles/visp_camera_calibration__rosidl_typesupport_introspection_c.dir/rosidl_typesupport_introspection_c/visp_camera_calibration/msg/detail/calib_point_array__type_support.c.o[0m
[ 48%] Built target visp_camera_calibration__rosidl_typesupport_c
[ 50%] [32mBuilding C object CMakeFiles/visp_camera_calibration__rosidl_typesupport_introspection_c.dir/rosidl_typesupport_introspection_c/visp_camera_calibration/msg/detail/calib_point__type_support.c.o[0m
[ 51%] [32mBuilding CXX object CMakeFiles/visp_camera_calibration__rosidl_typesupport_fastrtps_cpp.dir/rosidl_typesupport_fastrtps_cpp/visp_camera_calibration/msg/detail/dds_fastrtps/calib_point_array__type_support.cpp.o[0m
[ 52%] [32mBuilding C object CMakeFiles/visp_camera_calibration__rosidl_typesupport_introspection_c.dir/rosidl_typesupport_introspection_c/visp_camera_calibration/msg/detail/image_and_points__type_support.c.o[0m
[ 54%] [32mBuilding CXX object CMakeFiles/visp_camera_calibration__rosidl_typesupport_fastrtps_c.dir/rosidl_typesupport_fastrtps_c/visp_camera_calibration/msg/detail/image_point__type_support_c.cpp.o[0m
[ 55%] [32mBuilding C object CMakeFiles/visp_camera_calibration__rosidl_typesupport_introspection_c.dir/rosidl_typesupport_introspection_c/visp_camera_calibration/msg/detail/image_point__type_support.c.o[0m
[ 56%] [32mBuilding CXX object CMakeFiles/visp_camera_calibration__rosidl_typesupport_fastrtps_cpp.dir/rosidl_typesupport_fastrtps_cpp/visp_camera_calibration/msg/detail/dds_fastrtps/calib_point__type_support.cpp.o[0m
[ 58%] [32mBuilding CXX object CMakeFiles/visp_camera_calibration__rosidl_typesupport_fastrtps_c.dir/rosidl_typesupport_fastrtps_c/visp_camera_calibration/srv/detail/calibrate__type_support_c.cpp.o[0m
[ 59%] [32mBuilding C object CMakeFiles/visp_camera_calibration__rosidl_typesupport_introspection_c.dir/rosidl_typesupport_introspection_c/visp_camera_calibration/srv/detail/calibrate__type_support.c.o[0m
[ 60%] [32m[1mLinking C shared library libvisp_camera_calibration__rosidl_typesupport_introspection_c.so[0m
[ 62%] [32mBuilding CXX object CMakeFiles/visp_camera_calibration__rosidl_typesupport_fastrtps_cpp.dir/rosidl_typesupport_fastrtps_cpp/visp_camera_calibration/msg/detail/dds_fastrtps/image_and_points__type_support.cpp.o[0m
[ 62%] Built target visp_camera_calibration__rosidl_typesupport_introspection_c
[ 63%] [32mBuilding CXX object CMakeFiles/visp_camera_calibration__rosidl_typesupport_fastrtps_cpp.dir/rosidl_typesupport_fastrtps_cpp/visp_camera_calibration/msg/detail/dds_fastrtps/image_point__type_support.cpp.o[0m
[ 64%] [32mBuilding CXX object CMakeFiles/visp_camera_calibration__rosidl_typesupport_fastrtps_cpp.dir/rosidl_typesupport_fastrtps_cpp/visp_camera_calibration/srv/detail/dds_fastrtps/calibrate__type_support.cpp.o[0m
[ 66%] [32m[1mLinking CXX shared library libvisp_camera_calibration__rosidl_typesupport_cpp.so[0m
[ 66%] Built target visp_camera_calibration__rosidl_typesupport_cpp
[ 67%] [32mBuilding CXX object CMakeFiles/visp_camera_calibration_calibrator.dir/src/calibrator.cpp.o[0m
[ 68%] [32mBuilding CXX object CMakeFiles/visp_camera_calibration_camera.dir/src/camera.cpp.o[0m
[ 70%] [32mBuilding CXX object CMakeFiles/visp_camera_calibration_calibrator.dir/src/calibrator_main.cpp.o[0m
[ 71%] [32mBuilding CXX object CMakeFiles/visp_camera_calibration_image_processing.dir/src/image_processing_main.cpp.o[0m
[ 72%] [32mBuilding CXX object CMakeFiles/visp_camera_calibration_camera.dir/src/camera_main.cpp.o[0m
[ 74%] [32mBuilding CXX object CMakeFiles/visp_camera_calibration_image_processing.dir/src/image_processing.cpp.o[0m
[ 75%] [32m[1mLinking CXX shared library libvisp_camera_calibration__rosidl_typesupport_introspection_cpp.so[0m
[ 77%] [32m[1mLinking CXX shared library libvisp_camera_calibration__rosidl_typesupport_fastrtps_c.so[0m
[ 77%] Built target visp_camera_calibration__rosidl_typesupport_introspection_cpp
[ 77%] Built target visp_camera_calibration__rosidl_typesupport_fastrtps_c
[ 78%] [32m[1mLinking CXX shared library libvisp_camera_calibration__rosidl_typesupport_fastrtps_cpp.so[0m
[ 78%] Built target visp_camera_calibration__rosidl_typesupport_fastrtps_cpp
[ 78%] Built target visp_camera_calibration
[ 79%] [34m[1mGenerating Python code for ROS interfaces[0m
[ 79%] Built target visp_camera_calibration__py
[ 81%] [32mBuilding C object CMakeFiles/visp_camera_calibration__rosidl_generator_py.dir/rosidl_generator_py/visp_camera_calibration/msg/_calib_point_s.c.o[0m
[ 82%] [32mBuilding C object CMakeFiles/visp_camera_calibration__rosidl_generator_py.dir/rosidl_generator_py/visp_camera_calibration/msg/_calib_point_array_s.c.o[0m
[ 83%] [32mBuilding C object CMakeFiles/visp_camera_calibration__rosidl_generator_py.dir/rosidl_generator_py/visp_camera_calibration/msg/_image_and_points_s.c.o[0m
[ 85%] [32mBuilding C object CMakeFiles/visp_camera_calibration__rosidl_generator_py.dir/rosidl_generator_py/visp_camera_calibration/msg/_image_point_s.c.o[0m
[ 86%] [32mBuilding C object CMakeFiles/visp_camera_calibration__rosidl_generator_py.dir/rosidl_generator_py/visp_camera_calibration/srv/_calibrate_s.c.o[0m
[ 87%] [32m[1mLinking C shared library rosidl_generator_py/visp_camera_calibration/libvisp_camera_calibration__rosidl_generator_py.so[0m
[ 87%] Built target visp_camera_calibration__rosidl_generator_py
[ 89%] [32mBuilding C object CMakeFiles/visp_camera_calibration__rosidl_typesupport_introspection_c__pyext.dir/rosidl_generator_py/visp_camera_calibration/_visp_camera_calibration_s.ep.rosidl_typesupport_introspection_c.c.o[0m
[ 90%] [32mBuilding C object CMakeFiles/visp_camera_calibration__rosidl_typesupport_fastrtps_c__pyext.dir/rosidl_generator_py/visp_camera_calibration/_visp_camera_calibration_s.ep.rosidl_typesupport_fastrtps_c.c.o[0m
[ 91%] [32mBuilding C object CMakeFiles/visp_camera_calibration__rosidl_typesupport_c__pyext.dir/rosidl_generator_py/visp_camera_calibration/_visp_camera_calibration_s.ep.rosidl_typesupport_c.c.o[0m
[ 93%] [32m[1mLinking C shared library rosidl_generator_py/visp_camera_calibration/visp_camera_calibration_s__rosidl_typesupport_introspection_c.cpython-310-x86_64-linux-gnu.so[0m
[ 94%] [32m[1mLinking C shared library rosidl_generator_py/visp_camera_calibration/visp_camera_calibration_s__rosidl_typesupport_c.cpython-310-x86_64-linux-gnu.so[0m
[ 95%] [32m[1mLinking C shared library rosidl_generator_py/visp_camera_calibration/visp_camera_calibration_s__rosidl_typesupport_fastrtps_c.cpython-310-x86_64-linux-gnu.so[0m
[ 95%] Built target visp_camera_calibration__rosidl_typesupport_introspection_c__pyext
[ 95%] Built target visp_camera_calibration__rosidl_typesupport_c__pyext
[ 95%] Built target visp_camera_calibration__rosidl_typesupport_fastrtps_c__pyext
[ 97%] [32m[1mLinking CXX executable visp_camera_calibration_camera[0m
[ 97%] Built target visp_camera_calibration_camera
[ 98%] [32m[1mLinking CXX executable visp_camera_calibration_calibrator[0m
[ 98%] Built target visp_camera_calibration_calibrator
[100%] [32m[1mLinking CXX executable visp_camera_calibration_image_processing[0m
[100%] Built target visp_camera_calibration_image_processing
-- Install configuration: ""
-- Installing: /home/open/work/src/install/visp_camera_calibration/share/ament_index/resource_index/rosidl_interfaces/visp_camera_calibration
-- Installing: /home/open/work/src/install/visp_camera_calibration/include/visp_camera_calibration/visp_camera_calibration
-- Installing: /home/open/work/src/install/visp_camera_calibration/include/visp_camera_calibration/visp_camera_calibration/msg
-- Installing: /home/open/work/src/install/visp_camera_calibration/include/visp_camera_calibration/visp_camera_calibration/msg/rosidl_generator_c__visibility_control.h
-- Installing: /home/open/work/src/install/visp_camera_calibration/include/visp_camera_calibration/visp_camera_calibration/msg/image_point.h
-- Installing: /home/open/work/src/install/visp_camera_calibration/include/visp_camera_calibration/visp_camera_calibration/msg/detail
-- Installing: /home/open/work/src/install/visp_camera_calibration/include/visp_camera_calibration/visp_camera_calibration/msg/detail/image_and_points__functions.c
-- Installing: /home/open/work/src/install/visp_camera_calibration/include/visp_camera_calibration/visp_camera_calibration/msg/detail/image_point__functions.h
-- Installing: /home/open/work/src/install/visp_camera_calibration/include/visp_camera_calibration/visp_camera_calibration/msg/detail/calib_point_array__functions.c
-- Installing: /home/open/work/src/install/visp_camera_calibration/include/visp_camera_calibration/visp_camera_calibration/msg/detail/image_point__functions.c
-- Installing: /home/open/work/src/install/visp_camera_calibration/include/visp_camera_calibration/visp_camera_calibration/msg/detail/calib_point_array__type_support.h
-- Installing: /home/open/work/src/install/visp_camera_calibration/include/visp_camera_calibration/visp_camera_calibration/msg/detail/calib_point__functions.c
-- Installing: /home/open/work/src/install/visp_camera_calibration/include/visp_camera_calibration/visp_camera_calibration/msg/detail/image_and_points__type_support.h
-- Installing: /home/open/work/src/install/visp_camera_calibration/include/visp_camera_calibration/visp_camera_calibration/msg/detail/calib_point__struct.h
-- Installing: /home/open/work/src/install/visp_camera_calibration/include/visp_camera_calibration/visp_camera_calibration/msg/detail/image_and_points__functions.h
-- Installing: /home/open/work/src/install/visp_camera_calibration/include/visp_camera_calibration/visp_camera_calibration/msg/detail/calib_point_array__struct.h
-- Installing: /home/open/work/src/install/visp_camera_calibration/include/visp_camera_calibration/visp_camera_calibration/msg/detail/image_point__type_support.h
-- Installing: /home/open/work/src/install/visp_camera_calibration/include/visp_camera_calibration/visp_camera_calibration/msg/detail/calib_point__functions.h
-- Installing: /home/open/work/src/install/visp_camera_calibration/include/visp_camera_calibration/visp_camera_calibration/msg/detail/image_and_points__struct.h
-- Installing: /home/open/work/src/install/visp_camera_calibration/include/visp_camera_calibration/visp_camera_calibration/msg/detail/image_point__struct.h
-- Installing: /home/open/work/src/install/visp_camera_calibration/include/visp_camera_calibration/visp_camera_calibration/msg/detail/calib_point_array__functions.h
-- Installing: /home/open/work/src/install/visp_camera_calibration/include/visp_camera_calibration/visp_camera_calibration/msg/detail/calib_point__type_support.h
-- Installing: /home/open/work/src/install/visp_camera_calibration/include/visp_camera_calibration/visp_camera_calibration/msg/image_and_points.h
-- Installing: /home/open/work/src/install/visp_camera_calibration/include/visp_camera_calibration/visp_camera_calibration/msg/calib_point.h
-- Installing: /home/open/work/src/install/visp_camera_calibration/include/visp_camera_calibration/visp_camera_calibration/msg/calib_point_array.h
-- Installing: /home/open/work/src/install/visp_camera_calibration/include/visp_camera_calibration/visp_camera_calibration/srv
-- Installing: /home/open/work/src/install/visp_camera_calibration/include/visp_camera_calibration/visp_camera_calibration/srv/detail
-- Installing: /home/open/work/src/install/visp_camera_calibration/include/visp_camera_calibration/visp_camera_calibration/srv/detail/calibrate__struct.h
-- Installing: /home/open/work/src/install/visp_camera_calibration/include/visp_camera_calibration/visp_camera_calibration/srv/detail/calibrate__functions.h
-- Installing: /home/open/work/src/install/visp_camera_calibration/include/visp_camera_calibration/visp_camera_calibration/srv/detail/calibrate__functions.c
-- Installing: /home/open/work/src/install/visp_camera_calibration/include/visp_camera_calibration/visp_camera_calibration/srv/detail/calibrate__type_support.h
-- Installing: /home/open/work/src/install/visp_camera_calibration/include/visp_camera_calibration/visp_camera_calibration/srv/calibrate.h
-- Installing: /home/open/work/src/install/visp_camera_calibration/share/visp_camera_calibration/environment/library_path.sh
-- Installing: /home/open/work/src/install/visp_camera_calibration/share/visp_camera_calibration/environment/library_path.dsv
-- Installing: /home/open/work/src/install/visp_camera_calibration/lib/libvisp_camera_calibration__rosidl_generator_c.so
-- Set runtime path of "/home/open/work/src/install/visp_camera_calibration/lib/libvisp_camera_calibration__rosidl_generator_c.so" to ""
-- Up-to-date: /home/open/work/src/install/visp_camera_calibration/include/visp_camera_calibration/visp_camera_calibration
-- Up-to-date: /home/open/work/src/install/visp_camera_calibration/include/visp_camera_calibration/visp_camera_calibration/msg
-- Installing: /home/open/work/src/install/visp_camera_calibration/include/visp_camera_calibration/visp_camera_calibration/msg/rosidl_typesupport_fastrtps_c__visibility_control.h
-- Up-to-date: /home/open/work/src/install/visp_camera_calibration/include/visp_camera_calibration/visp_camera_calibration/msg/detail
-- Installing: /home/open/work/src/install/visp_camera_calibration/include/visp_camera_calibration/visp_camera_calibration/msg/detail/image_point__rosidl_typesupport_fastrtps_c.h
-- Installing: /home/open/work/src/install/visp_camera_calibration/include/visp_camera_calibration/visp_camera_calibration/msg/detail/image_and_points__rosidl_typesupport_fastrtps_c.h
-- Installing: /home/open/work/src/install/visp_camera_calibration/include/visp_camera_calibration/visp_camera_calibration/msg/detail/calib_point__rosidl_typesupport_fastrtps_c.h
-- Installing: /home/open/work/src/install/visp_camera_calibration/include/visp_camera_calibration/visp_camera_calibration/msg/detail/calib_point_array__rosidl_typesupport_fastrtps_c.h
-- Up-to-date: /home/open/work/src/install/visp_camera_calibration/include/visp_camera_calibration/visp_camera_calibration/srv
-- Up-to-date: /home/open/work/src/install/visp_camera_calibration/include/visp_camera_calibration/visp_camera_calibration/srv/detail
-- Installing: /home/open/work/src/install/visp_camera_calibration/include/visp_camera_calibration/visp_camera_calibration/srv/detail/calibrate__rosidl_typesupport_fastrtps_c.h
-- Installing: /home/open/work/src/install/visp_camera_calibration/lib/libvisp_camera_calibration__rosidl_typesupport_fastrtps_c.so
-- Set runtime path of "/home/open/work/src/install/visp_camera_calibration/lib/libvisp_camera_calibration__rosidl_typesupport_fastrtps_c.so" to ""
-- Up-to-date: /home/open/work/src/install/visp_camera_calibration/include/visp_camera_calibration/visp_camera_calibration
-- Up-to-date: /home/open/work/src/install/visp_camera_calibration/include/visp_camera_calibration/visp_camera_calibration/msg
-- Installing: /home/open/work/src/install/visp_camera_calibration/include/visp_camera_calibration/visp_camera_calibration/msg/image_point.hpp
-- Installing: /home/open/work/src/install/visp_camera_calibration/include/visp_camera_calibration/visp_camera_calibration/msg/calib_point_array.hpp
-- Installing: /home/open/work/src/install/visp_camera_calibration/include/visp_camera_calibration/visp_camera_calibration/msg/image_and_points.hpp
-- Installing: /home/open/work/src/install/visp_camera_calibration/include/visp_camera_calibration/visp_camera_calibration/msg/calib_point.hpp
-- Up-to-date: /home/open/work/src/install/visp_camera_calibration/include/visp_camera_calibration/visp_camera_calibration/msg/detail
-- Installing: /home/open/work/src/install/visp_camera_calibration/include/visp_camera_calibration/visp_camera_calibration/msg/detail/calib_point_array__builder.hpp
-- Installing: /home/open/work/src/install/visp_camera_calibration/include/visp_camera_calibration/visp_camera_calibration/msg/detail/image_and_points__struct.hpp
-- Installing: /home/open/work/src/install/visp_camera_calibration/include/visp_camera_calibration/visp_camera_calibration/msg/detail/image_point__builder.hpp
-- Installing: /home/open/work/src/install/visp_camera_calibration/include/visp_camera_calibration/visp_camera_calibration/msg/detail/calib_point_array__struct.hpp
-- Installing: /home/open/work/src/install/visp_camera_calibration/include/visp_camera_calibration/visp_camera_calibration/msg/detail/calib_point__traits.hpp
-- Installing: /home/open/work/src/install/visp_camera_calibration/include/visp_camera_calibration/visp_camera_calibration/msg/detail/calib_point_array__traits.hpp
-- Installing: /home/open/work/src/install/visp_camera_calibration/include/visp_camera_calibration/visp_camera_calibration/msg/detail/image_point__traits.hpp
-- Installing: /home/open/work/src/install/visp_camera_calibration/include/visp_camera_calibration/visp_camera_calibration/msg/detail/calib_point__struct.hpp
-- Installing: /home/open/work/src/install/visp_camera_calibration/include/visp_camera_calibration/visp_camera_calibration/msg/detail/image_point__struct.hpp
-- Installing: /home/open/work/src/install/visp_camera_calibration/include/visp_camera_calibration/visp_camera_calibration/msg/detail/image_and_points__traits.hpp
-- Installing: /home/open/work/src/install/visp_camera_calibration/include/visp_camera_calibration/visp_camera_calibration/msg/detail/image_and_points__builder.hpp
-- Installing: /home/open/work/src/install/visp_camera_calibration/include/visp_camera_calibration/visp_camera_calibration/msg/detail/calib_point__builder.hpp
-- Up-to-date: /home/open/work/src/install/visp_camera_calibration/include/visp_camera_calibration/visp_camera_calibration/srv
-- Installing: /home/open/work/src/install/visp_camera_calibration/include/visp_camera_calibration/visp_camera_calibration/srv/calibrate.hpp
-- Up-to-date: /home/open/work/src/install/visp_camera_calibration/include/visp_camera_calibration/visp_camera_calibration/srv/detail
-- Installing: /home/open/work/src/install/visp_camera_calibration/include/visp_camera_calibration/visp_camera_calibration/srv/detail/calibrate__traits.hpp
-- Installing: /home/open/work/src/install/visp_camera_calibration/include/visp_camera_calibration/visp_camera_calibration/srv/detail/calibrate__struct.hpp
-- Installing: /home/open/work/src/install/visp_camera_calibration/include/visp_camera_calibration/visp_camera_calibration/srv/detail/calibrate__builder.hpp
-- Up-to-date: /home/open/work/src/install/visp_camera_calibration/include/visp_camera_calibration/visp_camera_calibration
-- Up-to-date: /home/open/work/src/install/visp_camera_calibration/include/visp_camera_calibration/visp_camera_calibration/msg
-- Installing: /home/open/work/src/install/visp_camera_calibration/include/visp_camera_calibration/visp_camera_calibration/msg/rosidl_typesupport_fastrtps_cpp__visibility_control.h
-- Up-to-date: /home/open/work/src/install/visp_camera_calibration/include/visp_camera_calibration/visp_camera_calibration/msg/detail
-- Installing: /home/open/work/src/install/visp_camera_calibration/include/visp_camera_calibration/visp_camera_calibration/msg/detail/calib_point_array__rosidl_typesupport_fastrtps_cpp.hpp
-- Installing: /home/open/work/src/install/visp_camera_calibration/include/visp_camera_calibration/visp_camera_calibration/msg/detail/dds_fastrtps
-- Installing: /home/open/work/src/install/visp_camera_calibration/include/visp_camera_calibration/visp_camera_calibration/msg/detail/image_point__rosidl_typesupport_fastrtps_cpp.hpp
-- Installing: /home/open/work/src/install/visp_camera_calibration/include/visp_camera_calibration/visp_camera_calibration/msg/detail/image_and_points__rosidl_typesupport_fastrtps_cpp.hpp
-- Installing: /home/open/work/src/install/visp_camera_calibration/include/visp_camera_calibration/visp_camera_calibration/msg/detail/calib_point__rosidl_typesupport_fastrtps_cpp.hpp
-- Up-to-date: /home/open/work/src/install/visp_camera_calibration/include/visp_camera_calibration/visp_camera_calibration/srv
-- Up-to-date: /home/open/work/src/install/visp_camera_calibration/include/visp_camera_calibration/visp_camera_calibration/srv/detail
-- Installing: /home/open/work/src/install/visp_camera_calibration/include/visp_camera_calibration/visp_camera_calibration/srv/detail/dds_fastrtps
-- Installing: /home/open/work/src/install/visp_camera_calibration/include/visp_camera_calibration/visp_camera_calibration/srv/detail/calibrate__rosidl_typesupport_fastrtps_cpp.hpp
-- Installing: /home/open/work/src/install/visp_camera_calibration/lib/libvisp_camera_calibration__rosidl_typesupport_fastrtps_cpp.so
-- Set runtime path of "/home/open/work/src/install/visp_camera_calibration/lib/libvisp_camera_calibration__rosidl_typesupport_fastrtps_cpp.so" to ""
-- Up-to-date: /home/open/work/src/install/visp_camera_calibration/include/visp_camera_calibration/visp_camera_calibration
-- Up-to-date: /home/open/work/src/install/visp_camera_calibration/include/visp_camera_calibration/visp_camera_calibration/msg
-- Installing: /home/open/work/src/install/visp_camera_calibration/include/visp_camera_calibration/visp_camera_calibration/msg/rosidl_typesupport_introspection_c__visibility_control.h
-- Up-to-date: /home/open/work/src/install/visp_camera_calibration/include/visp_camera_calibration/visp_camera_calibration/msg/detail
-- Installing: /home/open/work/src/install/visp_camera_calibration/include/visp_camera_calibration/visp_camera_calibration/msg/detail/image_point__rosidl_typesupport_introspection_c.h
-- Installing: /home/open/work/src/install/visp_camera_calibration/include/visp_camera_calibration/visp_camera_calibration/msg/detail/calib_point_array__type_support.c
-- Installing: /home/open/work/src/install/visp_camera_calibration/include/visp_camera_calibration/visp_camera_calibration/msg/detail/calib_point__rosidl_typesupport_introspection_c.h
-- Installing: /home/open/work/src/install/visp_camera_calibration/include/visp_camera_calibration/visp_camera_calibration/msg/detail/image_and_points__type_support.c
-- Installing: /home/open/work/src/install/visp_camera_calibration/include/visp_camera_calibration/visp_camera_calibration/msg/detail/calib_point__type_support.c
-- Installing: /home/open/work/src/install/visp_camera_calibration/include/visp_camera_calibration/visp_camera_calibration/msg/detail/image_point__type_support.c
-- Installing: /home/open/work/src/install/visp_camera_calibration/include/visp_camera_calibration/visp_camera_calibration/msg/detail/image_and_points__rosidl_typesupport_introspection_c.h
-- Installing: /home/open/work/src/install/visp_camera_calibration/include/visp_camera_calibration/visp_camera_calibration/msg/detail/calib_point_array__rosidl_typesupport_introspection_c.h
-- Up-to-date: /home/open/work/src/install/visp_camera_calibration/include/visp_camera_calibration/visp_camera_calibration/srv
-- Up-to-date: /home/open/work/src/install/visp_camera_calibration/include/visp_camera_calibration/visp_camera_calibration/srv/detail
-- Installing: /home/open/work/src/install/visp_camera_calibration/include/visp_camera_calibration/visp_camera_calibration/srv/detail/calibrate__type_support.c
-- Installing: /home/open/work/src/install/visp_camera_calibration/include/visp_camera_calibration/visp_camera_calibration/srv/detail/calibrate__rosidl_typesupport_introspection_c.h
-- Installing: /home/open/work/src/install/visp_camera_calibration/lib/libvisp_camera_calibration__rosidl_typesupport_introspection_c.so
-- Set runtime path of "/home/open/work/src/install/visp_camera_calibration/lib/libvisp_camera_calibration__rosidl_typesupport_introspection_c.so" to ""
-- Installing: /home/open/work/src/install/visp_camera_calibration/lib/libvisp_camera_calibration__rosidl_typesupport_c.so
-- Set runtime path of "/home/open/work/src/install/visp_camera_calibration/lib/libvisp_camera_calibration__rosidl_typesupport_c.so" to ""
-- Up-to-date: /home/open/work/src/install/visp_camera_calibration/include/visp_camera_calibration/visp_camera_calibration
-- Up-to-date: /home/open/work/src/install/visp_camera_calibration/include/visp_camera_calibration/visp_camera_calibration/msg
-- Up-to-date: /home/open/work/src/install/visp_camera_calibration/include/visp_camera_calibration/visp_camera_calibration/msg/detail
-- Installing: /home/open/work/src/install/visp_camera_calibration/include/visp_camera_calibration/visp_camera_calibration/msg/detail/calib_point_array__type_support.cpp
-- Installing: /home/open/work/src/install/visp_camera_calibration/include/visp_camera_calibration/visp_camera_calibration/msg/detail/image_and_points__type_support.cpp
-- Installing: /home/open/work/src/install/visp_camera_calibration/include/visp_camera_calibration/visp_camera_calibration/msg/detail/calib_point_array__rosidl_typesupport_introspection_cpp.hpp
-- Installing: /home/open/work/src/install/visp_camera_calibration/include/visp_camera_calibration/visp_camera_calibration/msg/detail/image_point__type_support.cpp
-- Installing: /home/open/work/src/install/visp_camera_calibration/include/visp_camera_calibration/visp_camera_calibration/msg/detail/image_and_points__rosidl_typesupport_introspection_cpp.hpp
-- Installing: /home/open/work/src/install/visp_camera_calibration/include/visp_camera_calibration/visp_camera_calibration/msg/detail/calib_point__rosidl_typesupport_introspection_cpp.hpp
-- Installing: /home/open/work/src/install/visp_camera_calibration/include/visp_camera_calibration/visp_camera_calibration/msg/detail/calib_point__type_support.cpp
-- Installing: /home/open/work/src/install/visp_camera_calibration/include/visp_camera_calibration/visp_camera_calibration/msg/detail/image_point__rosidl_typesupport_introspection_cpp.hpp
-- Up-to-date: /home/open/work/src/install/visp_camera_calibration/include/visp_camera_calibration/visp_camera_calibration/srv
-- Up-to-date: /home/open/work/src/install/visp_camera_calibration/include/visp_camera_calibration/visp_camera_calibration/srv/detail
-- Installing: /home/open/work/src/install/visp_camera_calibration/include/visp_camera_calibration/visp_camera_calibration/srv/detail/calibrate__type_support.cpp
-- Installing: /home/open/work/src/install/visp_camera_calibration/include/visp_camera_calibration/visp_camera_calibration/srv/detail/calibrate__rosidl_typesupport_introspection_cpp.hpp
-- Installing: /home/open/work/src/install/visp_camera_calibration/lib/libvisp_camera_calibration__rosidl_typesupport_introspection_cpp.so
-- Set runtime path of "/home/open/work/src/install/visp_camera_calibration/lib/libvisp_camera_calibration__rosidl_typesupport_introspection_cpp.so" to ""
-- Installing: /home/open/work/src/install/visp_camera_calibration/lib/libvisp_camera_calibration__rosidl_typesupport_cpp.so
-- Set runtime path of "/home/open/work/src/install/visp_camera_calibration/lib/libvisp_camera_calibration__rosidl_typesupport_cpp.so" to ""
-- Installing: /home/open/work/src/install/visp_camera_calibration/share/visp_camera_calibration/environment/pythonpath.sh
-- Installing: /home/open/work/src/install/visp_camera_calibration/share/visp_camera_calibration/environment/pythonpath.dsv
-- Installing: /home/open/work/src/install/visp_camera_calibration/local/lib/python3.10/dist-packages/visp_camera_calibration-0.13.1-py3.10.egg-info
-- Installing: /home/open/work/src/install/visp_camera_calibration/local/lib/python3.10/dist-packages/visp_camera_calibration-0.13.1-py3.10.egg-info/PKG-INFO
-- Installing: /home/open/work/src/install/visp_camera_calibration/local/lib/python3.10/dist-packages/visp_camera_calibration-0.13.1-py3.10.egg-info/top_level.txt
-- Installing: /home/open/work/src/install/visp_camera_calibration/local/lib/python3.10/dist-packages/visp_camera_calibration-0.13.1-py3.10.egg-info/dependency_links.txt
-- Installing: /home/open/work/src/install/visp_camera_calibration/local/lib/python3.10/dist-packages/visp_camera_calibration-0.13.1-py3.10.egg-info/SOURCES.txt
-- Installing: /home/open/work/src/install/visp_camera_calibration/local/lib/python3.10/dist-packages/visp_camera_calibration
-- Installing: /home/open/work/src/install/visp_camera_calibration/local/lib/python3.10/dist-packages/visp_camera_calibration/visp_camera_calibration_s__rosidl_typesupport_fastrtps_c.cpython-310-x86_64-linux-gnu.so
-- Installing: /home/open/work/src/install/visp_camera_calibration/local/lib/python3.10/dist-packages/visp_camera_calibration/libvisp_camera_calibration__rosidl_generator_py.so
-- Installing: /home/open/work/src/install/visp_camera_calibration/local/lib/python3.10/dist-packages/visp_camera_calibration/msg
-- Installing: /home/open/work/src/install/visp_camera_calibration/local/lib/python3.10/dist-packages/visp_camera_calibration/msg/_image_and_points.py
-- Installing: /home/open/work/src/install/visp_camera_calibration/local/lib/python3.10/dist-packages/visp_camera_calibration/msg/__init__.py
-- Installing: /home/open/work/src/install/visp_camera_calibration/local/lib/python3.10/dist-packages/visp_camera_calibration/msg/_image_point.py
-- Installing: /home/open/work/src/install/visp_camera_calibration/local/lib/python3.10/dist-packages/visp_camera_calibration/msg/_image_and_points_s.c
-- Installing: /home/open/work/src/install/visp_camera_calibration/local/lib/python3.10/dist-packages/visp_camera_calibration/msg/_calib_point_array.py
-- Installing: /home/open/work/src/install/visp_camera_calibration/local/lib/python3.10/dist-packages/visp_camera_calibration/msg/_calib_point.py
-- Installing: /home/open/work/src/install/visp_camera_calibration/local/lib/python3.10/dist-packages/visp_camera_calibration/msg/_calib_point_array_s.c
-- Installing: /home/open/work/src/install/visp_camera_calibration/local/lib/python3.10/dist-packages/visp_camera_calibration/msg/_calib_point_s.c
-- Installing: /home/open/work/src/install/visp_camera_calibration/local/lib/python3.10/dist-packages/visp_camera_calibration/msg/_image_point_s.c
-- Installing: /home/open/work/src/install/visp_camera_calibration/local/lib/python3.10/dist-packages/visp_camera_calibration/srv
-- Installing: /home/open/work/src/install/visp_camera_calibration/local/lib/python3.10/dist-packages/visp_camera_calibration/srv/_calibrate_s.c
-- Installing: /home/open/work/src/install/visp_camera_calibration/local/lib/python3.10/dist-packages/visp_camera_calibration/srv/_calibrate.py
-- Installing: /home/open/work/src/install/visp_camera_calibration/local/lib/python3.10/dist-packages/visp_camera_calibration/srv/__init__.py
-- Installing: /home/open/work/src/install/visp_camera_calibration/local/lib/python3.10/dist-packages/visp_camera_calibration/_visp_camera_calibration_s.ep.rosidl_typesupport_c.c
-- Installing: /home/open/work/src/install/visp_camera_calibration/local/lib/python3.10/dist-packages/visp_camera_calibration/__init__.py
-- Installing: /home/open/work/src/install/visp_camera_calibration/local/lib/python3.10/dist-packages/visp_camera_calibration/_visp_camera_calibration_s.ep.rosidl_typesupport_fastrtps_c.c
-- Installing: /home/open/work/src/install/visp_camera_calibration/local/lib/python3.10/dist-packages/visp_camera_calibration/visp_camera_calibration_s__rosidl_typesupport_c.cpython-310-x86_64-linux-gnu.so
-- Installing: /home/open/work/src/install/visp_camera_calibration/local/lib/python3.10/dist-packages/visp_camera_calibration/visp_camera_calibration_s__rosidl_typesupport_introspection_c.cpython-310-x86_64-linux-gnu.so
-- Installing: /home/open/work/src/install/visp_camera_calibration/local/lib/python3.10/dist-packages/visp_camera_calibration/_visp_camera_calibration_s.ep.rosidl_typesupport_introspection_c.c
Listing '/home/open/work/src/install/visp_camera_calibration/local/lib/python3.10/dist-packages/visp_camera_calibration'...
Compiling '/home/open/work/src/install/visp_camera_calibration/local/lib/python3.10/dist-packages/visp_camera_calibration/__init__.py'...
Listing '/home/open/work/src/install/visp_camera_calibration/local/lib/python3.10/dist-packages/visp_camera_calibration/msg'...
Compiling '/home/open/work/src/install/visp_camera_calibration/local/lib/python3.10/dist-packages/visp_camera_calibration/msg/__init__.py'...
Compiling '/home/open/work/src/install/visp_camera_calibration/local/lib/python3.10/dist-packages/visp_camera_calibration/msg/_calib_point.py'...
Compiling '/home/open/work/src/install/visp_camera_calibration/local/lib/python3.10/dist-packages/visp_camera_calibration/msg/_calib_point_array.py'...
Compiling '/home/open/work/src/install/visp_camera_calibration/local/lib/python3.10/dist-packages/visp_camera_calibration/msg/_image_and_points.py'...
Compiling '/home/open/work/src/install/visp_camera_calibration/local/lib/python3.10/dist-packages/visp_camera_calibration/msg/_image_point.py'...
Listing '/home/open/work/src/install/visp_camera_calibration/local/lib/python3.10/dist-packages/visp_camera_calibration/srv'...
Compiling '/home/open/work/src/install/visp_camera_calibration/local/lib/python3.10/dist-packages/visp_camera_calibration/srv/__init__.py'...
Compiling '/home/open/work/src/install/visp_camera_calibration/local/lib/python3.10/dist-packages/visp_camera_calibration/srv/_calibrate.py'...
-- Installing: /home/open/work/src/install/visp_camera_calibration/local/lib/python3.10/dist-packages/visp_camera_calibration/visp_camera_calibration_s__rosidl_typesupport_fastrtps_c.cpython-310-x86_64-linux-gnu.so
-- Set runtime path of "/home/open/work/src/install/visp_camera_calibration/local/lib/python3.10/dist-packages/visp_camera_calibration/visp_camera_calibration_s__rosidl_typesupport_fastrtps_c.cpython-310-x86_64-linux-gnu.so" to ""
-- Installing: /home/open/work/src/install/visp_camera_calibration/local/lib/python3.10/dist-packages/visp_camera_calibration/visp_camera_calibration_s__rosidl_typesupport_introspection_c.cpython-310-x86_64-linux-gnu.so
-- Set runtime path of "/home/open/work/src/install/visp_camera_calibration/local/lib/python3.10/dist-packages/visp_camera_calibration/visp_camera_calibration_s__rosidl_typesupport_introspection_c.cpython-310-x86_64-linux-gnu.so" to ""
-- Installing: /home/open/work/src/install/visp_camera_calibration/local/lib/python3.10/dist-packages/visp_camera_calibration/visp_camera_calibration_s__rosidl_typesupport_c.cpython-310-x86_64-linux-gnu.so
-- Set runtime path of "/home/open/work/src/install/visp_camera_calibration/local/lib/python3.10/dist-packages/visp_camera_calibration/visp_camera_calibration_s__rosidl_typesupport_c.cpython-310-x86_64-linux-gnu.so" to ""
-- Installing: /home/open/work/src/install/visp_camera_calibration/lib/libvisp_camera_calibration__rosidl_generator_py.so
-- Set runtime path of "/home/open/work/src/install/visp_camera_calibration/lib/libvisp_camera_calibration__rosidl_generator_py.so" to ""
-- Installing: /home/open/work/src/install/visp_camera_calibration/share/visp_camera_calibration/msg/CalibPointArray.idl
-- Installing: /home/open/work/src/install/visp_camera_calibration/share/visp_camera_calibration/msg/CalibPoint.idl
-- Installing: /home/open/work/src/install/visp_camera_calibration/share/visp_camera_calibration/msg/ImageAndPoints.idl
-- Installing: /home/open/work/src/install/visp_camera_calibration/share/visp_camera_calibration/msg/ImagePoint.idl
-- Installing: /home/open/work/src/install/visp_camera_calibration/share/visp_camera_calibration/srv/Calibrate.idl
-- Installing: /home/open/work/src/install/visp_camera_calibration/share/visp_camera_calibration/msg/CalibPointArray.msg
-- Installing: /home/open/work/src/install/visp_camera_calibration/share/visp_camera_calibration/msg/CalibPoint.msg
-- Installing: /home/open/work/src/install/visp_camera_calibration/share/visp_camera_calibration/msg/ImageAndPoints.msg
-- Installing: /home/open/work/src/install/visp_camera_calibration/share/visp_camera_calibration/msg/ImagePoint.msg
-- Installing: /home/open/work/src/install/visp_camera_calibration/share/visp_camera_calibration/srv/Calibrate.srv
-- Installing: /home/open/work/src/install/visp_camera_calibration/share/visp_camera_calibration/srv/Calibrate_Request.msg
-- Installing: /home/open/work/src/install/visp_camera_calibration/share/visp_camera_calibration/srv/Calibrate_Response.msg
-- Installing: /home/open/work/src/install/visp_camera_calibration/lib/visp_camera_calibration/visp_camera_calibration_calibrator
-- Set runtime path of "/home/open/work/src/install/visp_camera_calibration/lib/visp_camera_calibration/visp_camera_calibration_calibrator" to ""
-- Installing: /home/open/work/src/install/visp_camera_calibration/lib/visp_camera_calibration/visp_camera_calibration_image_processing
-- Set runtime path of "/home/open/work/src/install/visp_camera_calibration/lib/visp_camera_calibration/visp_camera_calibration_image_processing" to ""
-- Installing: /home/open/work/src/install/visp_camera_calibration/lib/visp_camera_calibration/visp_camera_calibration_camera
-- Set runtime path of "/home/open/work/src/install/visp_camera_calibration/lib/visp_camera_calibration/visp_camera_calibration_camera" to ""
-- Installing: /home/open/work/src/install/visp_camera_calibration/share/visp_camera_calibration/launch
-- Installing: /home/open/work/src/install/visp_camera_calibration/share/visp_camera_calibration/launch/lagadic_grid.launch
-- Installing: /home/open/work/src/install/visp_camera_calibration/share/visp_camera_calibration/launch/images
-- Installing: /home/open/work/src/install/visp_camera_calibration/share/visp_camera_calibration/launch/images/grid36-04.pgm
-- Installing: /home/open/work/src/install/visp_camera_calibration/share/visp_camera_calibration/launch/images/grid2d.pdf
-- Installing: /home/open/work/src/install/visp_camera_calibration/share/visp_camera_calibration/launch/images/grid36-03.pgm
-- Installing: /home/open/work/src/install/visp_camera_calibration/share/visp_camera_calibration/launch/images/grid36-01.pgm
-- Installing: /home/open/work/src/install/visp_camera_calibration/share/visp_camera_calibration/launch/images/grid36-02.pgm
-- Installing: /home/open/work/src/install/visp_camera_calibration/share/visp_camera_calibration/launch/images/grid2d.fig
-- Installing: /home/open/work/src/install/visp_camera_calibration/share/ament_index/resource_index/package_run_dependencies/visp_camera_calibration
-- Installing: /home/open/work/src/install/visp_camera_calibration/share/ament_index/resource_index/parent_prefix_path/visp_camera_calibration
-- Installing: /home/open/work/src/install/visp_camera_calibration/share/visp_camera_calibration/environment/ament_prefix_path.sh
-- Installing: /home/open/work/src/install/visp_camera_calibration/share/visp_camera_calibration/environment/ament_prefix_path.dsv
-- Installing: /home/open/work/src/install/visp_camera_calibration/share/visp_camera_calibration/environment/path.sh
-- Installing: /home/open/work/src/install/visp_camera_calibration/share/visp_camera_calibration/environment/path.dsv
-- Installing: /home/open/work/src/install/visp_camera_calibration/share/visp_camera_calibration/local_setup.bash
-- Installing: /home/open/work/src/install/visp_camera_calibration/share/visp_camera_calibration/local_setup.sh
-- Installing: /home/open/work/src/install/visp_camera_calibration/share/visp_camera_calibration/local_setup.zsh
-- Installing: /home/open/work/src/install/visp_camera_calibration/share/visp_camera_calibration/local_setup.dsv
-- Installing: /home/open/work/src/install/visp_camera_calibration/share/visp_camera_calibration/package.dsv
-- Installing: /home/open/work/src/install/visp_camera_calibration/share/ament_index/resource_index/packages/visp_camera_calibration
-- Installing: /home/open/work/src/install/visp_camera_calibration/share/visp_camera_calibration/cmake/export_visp_camera_calibration__rosidl_generator_cExport.cmake
-- Installing: /home/open/work/src/install/visp_camera_calibration/share/visp_camera_calibration/cmake/export_visp_camera_calibration__rosidl_generator_cExport-noconfig.cmake
-- Installing: /home/open/work/src/install/visp_camera_calibration/share/visp_camera_calibration/cmake/export_visp_camera_calibration__rosidl_typesupport_fastrtps_cExport.cmake
-- Installing: /home/open/work/src/install/visp_camera_calibration/share/visp_camera_calibration/cmake/export_visp_camera_calibration__rosidl_typesupport_fastrtps_cExport-noconfig.cmake
-- Installing: /home/open/work/src/install/visp_camera_calibration/share/visp_camera_calibration/cmake/export_visp_camera_calibration__rosidl_generator_cppExport.cmake
-- Installing: /home/open/work/src/install/visp_camera_calibration/share/visp_camera_calibration/cmake/export_visp_camera_calibration__rosidl_typesupport_fastrtps_cppExport.cmake
-- Installing: /home/open/work/src/install/visp_camera_calibration/share/visp_camera_calibration/cmake/export_visp_camera_calibration__rosidl_typesupport_fastrtps_cppExport-noconfig.cmake
-- Installing: /home/open/work/src/install/visp_camera_calibration/share/visp_camera_calibration/cmake/visp_camera_calibration__rosidl_typesupport_introspection_cExport.cmake
-- Installing: /home/open/work/src/install/visp_camera_calibration/share/visp_camera_calibration/cmake/visp_camera_calibration__rosidl_typesupport_introspection_cExport-noconfig.cmake
-- Installing: /home/open/work/src/install/visp_camera_calibration/share/visp_camera_calibration/cmake/visp_camera_calibration__rosidl_typesupport_cExport.cmake
-- Installing: /home/open/work/src/install/visp_camera_calibration/share/visp_camera_calibration/cmake/visp_camera_calibration__rosidl_typesupport_cExport-noconfig.cmake
-- Installing: /home/open/work/src/install/visp_camera_calibration/share/visp_camera_calibration/cmake/visp_camera_calibration__rosidl_typesupport_introspection_cppExport.cmake
-- Installing: /home/open/work/src/install/visp_camera_calibration/share/visp_camera_calibration/cmake/visp_camera_calibration__rosidl_typesupport_introspection_cppExport-noconfig.cmake
-- Installing: /home/open/work/src/install/visp_camera_calibration/share/visp_camera_calibration/cmake/visp_camera_calibration__rosidl_typesupport_cppExport.cmake
-- Installing: /home/open/work/src/install/visp_camera_calibration/share/visp_camera_calibration/cmake/visp_camera_calibration__rosidl_typesupport_cppExport-noconfig.cmake
-- Installing: /home/open/work/src/install/visp_camera_calibration/share/visp_camera_calibration/cmake/export_visp_camera_calibration__rosidl_generator_pyExport.cmake
-- Installing: /home/open/work/src/install/visp_camera_calibration/share/visp_camera_calibration/cmake/export_visp_camera_calibration__rosidl_generator_pyExport-noconfig.cmake
-- Installing: /home/open/work/src/install/visp_camera_calibration/share/visp_camera_calibration/cmake/rosidl_cmake-extras.cmake
-- Installing: /home/open/work/src/install/visp_camera_calibration/share/visp_camera_calibration/cmake/ament_cmake_export_dependencies-extras.cmake
-- Installing: /home/open/work/src/install/visp_camera_calibration/share/visp_camera_calibration/cmake/ament_cmake_export_include_directories-extras.cmake
-- Installing: /home/open/work/src/install/visp_camera_calibration/share/visp_camera_calibration/cmake/ament_cmake_export_libraries-extras.cmake
-- Installing: /home/open/work/src/install/visp_camera_calibration/share/visp_camera_calibration/cmake/ament_cmake_export_targets-extras.cmake
-- Installing: /home/open/work/src/install/visp_camera_calibration/share/visp_camera_calibration/cmake/rosidl_cmake_export_typesupport_targets-extras.cmake
-- Installing: /home/open/work/src/install/visp_camera_calibration/share/visp_camera_calibration/cmake/rosidl_cmake_export_typesupport_libraries-extras.cmake
-- Installing: /home/open/work/src/install/visp_camera_calibration/share/visp_camera_calibration/cmake/visp_camera_calibrationConfig.cmake
-- Installing: /home/open/work/src/install/visp_camera_calibration/share/visp_camera_calibration/cmake/visp_camera_calibrationConfig-version.cmake
-- Installing: /home/open/work/src/install/visp_camera_calibration/share/visp_camera_calibration/package.xml
