[1.077s] Invoking command in '/home/open/work/src/build/tutorial_interfaces': CMAKE_PREFIX_PATH=/opt/ros/humble /usr/bin/cmake /home/open/work/src/tutorial_interfaces -DCMAKE_INSTALL_PREFIX=/home/open/work/src/install/tutorial_interfaces
[1.129s] -- The C compiler identification is GNU 11.4.0
[1.230s] -- The CXX compiler identification is GNU 11.4.0
[1.241s] -- Detecting C compiler ABI info
[1.352s] -- Detecting C compiler ABI info - done
[1.374s] -- Check for working C compiler: /usr/bin/cc - skipped
[1.374s] -- Detecting C compile features
[1.375s] -- Detecting C compile features - done
[1.383s] -- Detecting CXX compiler ABI info
[1.512s] -- Detecting CXX compiler ABI info - done
[1.531s] -- Check for working CXX compiler: /usr/bin/c++ - skipped
[1.532s] -- Detecting CXX compile features
[1.532s] -- Detecting CXX compile features - done
[1.536s] -- Found ament_cmake: 1.3.9 (/opt/ros/humble/share/ament_cmake/cmake)
[1.779s] -- Found Python3: /usr/bin/python3 (found version "3.10.12") found components: Interpreter 
[1.946s] -- Found ament_lint_auto: 0.12.11 (/opt/ros/humble/share/ament_lint_auto/cmake)
[2.126s] -- Found geometry_msgs: 4.2.4 (/opt/ros/humble/share/geometry_msgs/cmake)
[2.225s] -- Found rosidl_generator_c: 3.1.5 (/opt/ros/humble/share/rosidl_generator_c/cmake)
[2.238s] -- Found rosidl_adapter: 3.1.5 (/opt/ros/humble/share/rosidl_adapter/cmake)
[2.261s] -- Found rosidl_generator_cpp: 3.1.5 (/opt/ros/humble/share/rosidl_generator_cpp/cmake)
[2.299s] -- Using all available rosidl_typesupport_c: rosidl_typesupport_fastrtps_c;rosidl_typesupport_introspection_c
[2.345s] -- Using all available rosidl_typesupport_cpp: rosidl_typesupport_fastrtps_cpp;rosidl_typesupport_introspection_cpp
[2.522s] -- Found rosidl_default_generators: 1.2.0 (/opt/ros/humble/share/rosidl_default_generators/cmake)
[2.869s] -- Found ament_cmake_ros: 0.10.0 (/opt/ros/humble/share/ament_cmake_ros/cmake)
[3.743s] -- Using all available rosidl_typesupport_c: rosidl_typesupport_fastrtps_c;rosidl_typesupport_introspection_c
[4.070s] -- Using all available rosidl_typesupport_cpp: rosidl_typesupport_fastrtps_cpp;rosidl_typesupport_introspection_cpp
[4.121s] -- Found PythonInterp: /usr/bin/python3 (found suitable version "3.10.12", minimum required is "3.6") 
[4.125s] -- Found python_cmake_module: 0.10.0 (/opt/ros/humble/share/python_cmake_module/cmake)
[4.173s] -- Found PythonLibs: /usr/lib/x86_64-linux-gnu/libpython3.10.so (found suitable version "3.10.12", minimum required is "3.5") 
[4.173s] -- Using PYTHON_EXECUTABLE: /usr/bin/python3
[4.173s] -- Using PYTHON_INCLUDE_DIRS: /usr/include/python3.10
[4.173s] -- Using PYTHON_LIBRARIES: /usr/lib/x86_64-linux-gnu/libpython3.10.so
[4.220s] -- Found PythonExtra: .so  
[4.370s] -- Added test 'lint_cmake' to check CMake code style
[4.373s] -- Added test 'xmllint' to check XML markup files
[4.385s] -- Configuring done
[4.480s] -- Generating done
[4.487s] -- Build files have been written to: /home/open/work/src/build/tutorial_interfaces
[4.511s] Invoked command in '/home/open/work/src/build/tutorial_interfaces' returned '0': CMAKE_PREFIX_PATH=/opt/ros/humble /usr/bin/cmake /home/open/work/src/tutorial_interfaces -DCMAKE_INSTALL_PREFIX=/home/open/work/src/install/tutorial_interfaces
[4.518s] Invoking command in '/home/open/work/src/build/tutorial_interfaces': CMAKE_PREFIX_PATH=/opt/ros/humble /usr/bin/cmake --build /home/open/work/src/build/tutorial_interfaces -- -j16 -l16
[4.655s] [  2%] [34m[1mGenerating C code for ROS interfaces[0m
[4.694s] [  4%] [34m[1mGenerating C++ code for ROS interfaces[0m
[4.737s] [  4%] Built target ament_cmake_python_copy_tutorial_interfaces
[5.737s] running egg_info
[5.738s] creating tutorial_interfaces.egg-info
[5.739s] writing tutorial_interfaces.egg-info/PKG-INFO
[5.742s] writing dependency_links to tutorial_interfaces.egg-info/dependency_links.txt
[5.742s] writing top-level names to tutorial_interfaces.egg-info/top_level.txt
[5.742s] writing manifest file 'tutorial_interfaces.egg-info/SOURCES.txt'
[5.744s] reading manifest file 'tutorial_interfaces.egg-info/SOURCES.txt'
[5.749s] writing manifest file 'tutorial_interfaces.egg-info/SOURCES.txt'
[5.829s] [  4%] Built target ament_cmake_python_build_tutorial_interfaces_egg
[6.066s] [  4%] Built target tutorial_interfaces__cpp
[6.095s] [  6%] [34m[1mGenerating C++ type support dispatch for ROS interfaces[0m
[6.108s] [  8%] [34m[1mGenerating C++ type support for eProsima Fast-RTPS[0m
[6.111s] [ 10%] [34m[1mGenerating C++ introspection for ROS interfaces[0m
[6.402s] [ 12%] [32mBuilding C object CMakeFiles/tutorial_interfaces__rosidl_generator_c.dir/rosidl_generator_c/tutorial_interfaces/msg/detail/num__functions.c.o[0m
[6.409s] [ 14%] [32mBuilding C object CMakeFiles/tutorial_interfaces__rosidl_generator_c.dir/rosidl_generator_c/tutorial_interfaces/msg/detail/sphere__functions.c.o[0m
[6.412s] [ 17%] [32mBuilding C object CMakeFiles/tutorial_interfaces__rosidl_generator_c.dir/rosidl_generator_c/tutorial_interfaces/srv/detail/add_three_ints__functions.c.o[0m
[6.623s] [ 19%] [32m[1mLinking C shared library libtutorial_interfaces__rosidl_generator_c.so[0m
[6.775s] [ 19%] Built target tutorial_interfaces__rosidl_generator_c
[6.817s] [ 21%] [34m[1mGenerating C introspection for ROS interfaces[0m
[6.822s] [ 23%] [34m[1mGenerating C type support for eProsima Fast-RTPS[0m
[6.827s] [ 25%] [34m[1mGenerating C type support dispatch for ROS interfaces[0m
[7.587s] [ 27%] [32mBuilding CXX object CMakeFiles/tutorial_interfaces__rosidl_typesupport_cpp.dir/rosidl_typesupport_cpp/tutorial_interfaces/msg/num__type_support.cpp.o[0m
[7.590s] [ 29%] [32mBuilding CXX object CMakeFiles/tutorial_interfaces__rosidl_typesupport_cpp.dir/rosidl_typesupport_cpp/tutorial_interfaces/msg/sphere__type_support.cpp.o[0m
[7.627s] [ 31%] [32mBuilding CXX object CMakeFiles/tutorial_interfaces__rosidl_typesupport_cpp.dir/rosidl_typesupport_cpp/tutorial_interfaces/srv/add_three_ints__type_support.cpp.o[0m
[8.420s] [ 34%] [32mBuilding CXX object CMakeFiles/tutorial_interfaces__rosidl_typesupport_introspection_cpp.dir/rosidl_typesupport_introspection_cpp/tutorial_interfaces/msg/detail/sphere__type_support.cpp.o[0m
[8.424s] [ 36%] [32mBuilding CXX object CMakeFiles/tutorial_interfaces__rosidl_typesupport_introspection_cpp.dir/rosidl_typesupport_introspection_cpp/tutorial_interfaces/msg/detail/num__type_support.cpp.o[0m
[8.452s] [ 38%] [32mBuilding CXX object CMakeFiles/tutorial_interfaces__rosidl_typesupport_introspection_cpp.dir/rosidl_typesupport_introspection_cpp/tutorial_interfaces/srv/detail/add_three_ints__type_support.cpp.o[0m
[8.462s] [ 40%] [32mBuilding C object CMakeFiles/tutorial_interfaces__rosidl_typesupport_introspection_c.dir/rosidl_typesupport_introspection_c/tutorial_interfaces/msg/detail/num__type_support.c.o[0m
[8.479s] [ 42%] [32mBuilding C object CMakeFiles/tutorial_interfaces__rosidl_typesupport_introspection_c.dir/rosidl_typesupport_introspection_c/tutorial_interfaces/msg/detail/sphere__type_support.c.o[0m
[8.485s] [ 44%] [32mBuilding C object CMakeFiles/tutorial_interfaces__rosidl_typesupport_introspection_c.dir/rosidl_typesupport_introspection_c/tutorial_interfaces/srv/detail/add_three_ints__type_support.c.o[0m
[8.676s] [ 46%] [32mBuilding CXX object CMakeFiles/tutorial_interfaces__rosidl_typesupport_c.dir/rosidl_typesupport_c/tutorial_interfaces/msg/num__type_support.cpp.o[0m
[8.678s] [ 48%] [32mBuilding CXX object CMakeFiles/tutorial_interfaces__rosidl_typesupport_c.dir/rosidl_typesupport_c/tutorial_interfaces/msg/sphere__type_support.cpp.o[0m
[8.703s] [ 51%] [32mBuilding CXX object CMakeFiles/tutorial_interfaces__rosidl_typesupport_c.dir/rosidl_typesupport_c/tutorial_interfaces/srv/add_three_ints__type_support.cpp.o[0m
[8.729s] [ 53%] [32mBuilding CXX object CMakeFiles/tutorial_interfaces__rosidl_typesupport_fastrtps_cpp.dir/rosidl_typesupport_fastrtps_cpp/tutorial_interfaces/msg/detail/dds_fastrtps/num__type_support.cpp.o[0m
[8.739s] [ 55%] [32mBuilding CXX object CMakeFiles/tutorial_interfaces__rosidl_typesupport_fastrtps_cpp.dir/rosidl_typesupport_fastrtps_cpp/tutorial_interfaces/msg/detail/dds_fastrtps/sphere__type_support.cpp.o[0m
[8.757s] [ 59%] [32m[1mLinking C shared library libtutorial_interfaces__rosidl_typesupport_introspection_c.so[0m
[8.763s] [ 57%] [32mBuilding CXX object CMakeFiles/tutorial_interfaces__rosidl_typesupport_fastrtps_cpp.dir/rosidl_typesupport_fastrtps_cpp/tutorial_interfaces/srv/detail/dds_fastrtps/add_three_ints__type_support.cpp.o[0m
[8.888s] [ 61%] [32m[1mLinking CXX shared library libtutorial_interfaces__rosidl_typesupport_c.so[0m
[8.957s] [ 61%] Built target tutorial_interfaces__rosidl_typesupport_introspection_c
[9.023s] [ 61%] Built target tutorial_interfaces__rosidl_typesupport_c
[9.243s] [ 63%] [32mBuilding CXX object CMakeFiles/tutorial_interfaces__rosidl_typesupport_fastrtps_c.dir/rosidl_typesupport_fastrtps_c/tutorial_interfaces/msg/detail/num__type_support_c.cpp.o[0m
[9.266s] [ 65%] [32mBuilding CXX object CMakeFiles/tutorial_interfaces__rosidl_typesupport_fastrtps_c.dir/rosidl_typesupport_fastrtps_c/tutorial_interfaces/msg/detail/sphere__type_support_c.cpp.o[0m
[9.290s] [ 68%] [32mBuilding CXX object CMakeFiles/tutorial_interfaces__rosidl_typesupport_fastrtps_c.dir/rosidl_typesupport_fastrtps_c/tutorial_interfaces/srv/detail/add_three_ints__type_support_c.cpp.o[0m
[9.710s] [ 70%] [32m[1mLinking CXX shared library libtutorial_interfaces__rosidl_typesupport_cpp.so[0m
[10.011s] [ 70%] Built target tutorial_interfaces__rosidl_typesupport_cpp
[11.024s] [ 72%] [32m[1mLinking CXX shared library libtutorial_interfaces__rosidl_typesupport_introspection_cpp.so[0m
[11.325s] [ 72%] Built target tutorial_interfaces__rosidl_typesupport_introspection_cpp
[11.377s] [ 74%] [32m[1mLinking CXX shared library libtutorial_interfaces__rosidl_typesupport_fastrtps_cpp.so[0m
[11.503s] [ 76%] [32m[1mLinking CXX shared library libtutorial_interfaces__rosidl_typesupport_fastrtps_c.so[0m
[11.667s] [ 76%] Built target tutorial_interfaces__rosidl_typesupport_fastrtps_cpp
[11.815s] [ 76%] Built target tutorial_interfaces__rosidl_typesupport_fastrtps_c
[11.892s] [ 76%] Built target tutorial_interfaces
[11.959s] [ 78%] [34m[1mGenerating Python code for ROS interfaces[0m
[13.469s] [ 78%] Built target tutorial_interfaces__py
[13.509s] [ 80%] [32mBuilding C object CMakeFiles/tutorial_interfaces__rosidl_generator_py.dir/rosidl_generator_py/tutorial_interfaces/msg/_num_s.c.o[0m
[13.509s] [ 82%] [32mBuilding C object CMakeFiles/tutorial_interfaces__rosidl_generator_py.dir/rosidl_generator_py/tutorial_interfaces/msg/_sphere_s.c.o[0m
[13.509s] [ 85%] [32mBuilding C object CMakeFiles/tutorial_interfaces__rosidl_generator_py.dir/rosidl_generator_py/tutorial_interfaces/srv/_add_three_ints_s.c.o[0m
[13.782s] [ 87%] [32m[1mLinking C shared library rosidl_generator_py/tutorial_interfaces/libtutorial_interfaces__rosidl_generator_py.so[0m
[13.874s] [ 87%] Built target tutorial_interfaces__rosidl_generator_py
[13.962s] [ 89%] [32mBuilding C object CMakeFiles/tutorial_interfaces__rosidl_typesupport_introspection_c__pyext.dir/rosidl_generator_py/tutorial_interfaces/_tutorial_interfaces_s.ep.rosidl_typesupport_introspection_c.c.o[0m
[13.978s] [ 91%] [32mBuilding C object CMakeFiles/tutorial_interfaces__rosidl_typesupport_fastrtps_c__pyext.dir/rosidl_generator_py/tutorial_interfaces/_tutorial_interfaces_s.ep.rosidl_typesupport_fastrtps_c.c.o[0m
[13.987s] [ 93%] [32mBuilding C object CMakeFiles/tutorial_interfaces__rosidl_typesupport_c__pyext.dir/rosidl_generator_py/tutorial_interfaces/_tutorial_interfaces_s.ep.rosidl_typesupport_c.c.o[0m
[14.303s] [ 95%] [32m[1mLinking C shared library rosidl_generator_py/tutorial_interfaces/tutorial_interfaces_s__rosidl_typesupport_fastrtps_c.cpython-310-x86_64-linux-gnu.so[0m
[14.324s] [ 97%] [32m[1mLinking C shared library rosidl_generator_py/tutorial_interfaces/tutorial_interfaces_s__rosidl_typesupport_introspection_c.cpython-310-x86_64-linux-gnu.so[0m
[14.333s] [100%] [32m[1mLinking C shared library rosidl_generator_py/tutorial_interfaces/tutorial_interfaces_s__rosidl_typesupport_c.cpython-310-x86_64-linux-gnu.so[0m
[14.406s] [100%] Built target tutorial_interfaces__rosidl_typesupport_fastrtps_c__pyext
[14.422s] [100%] Built target tutorial_interfaces__rosidl_typesupport_c__pyext
[14.431s] [100%] Built target tutorial_interfaces__rosidl_typesupport_introspection_c__pyext
[14.461s] Invoked command in '/home/open/work/src/build/tutorial_interfaces' returned '0': CMAKE_PREFIX_PATH=/opt/ros/humble /usr/bin/cmake --build /home/open/work/src/build/tutorial_interfaces -- -j16 -l16
[14.702s] Invoking command in '/home/open/work/src/build/tutorial_interfaces': CMAKE_PREFIX_PATH=/opt/ros/humble /usr/bin/cmake --install /home/open/work/src/build/tutorial_interfaces
[14.717s] -- Install configuration: ""
[14.717s] -- Installing: /home/open/work/src/install/tutorial_interfaces/share/ament_index/resource_index/rosidl_interfaces/tutorial_interfaces
[14.717s] -- Installing: /home/open/work/src/install/tutorial_interfaces/include/tutorial_interfaces/tutorial_interfaces
[14.718s] -- Installing: /home/open/work/src/install/tutorial_interfaces/include/tutorial_interfaces/tutorial_interfaces/msg
[14.718s] -- Installing: /home/open/work/src/install/tutorial_interfaces/include/tutorial_interfaces/tutorial_interfaces/msg/rosidl_generator_c__visibility_control.h
[14.718s] -- Installing: /home/open/work/src/install/tutorial_interfaces/include/tutorial_interfaces/tutorial_interfaces/msg/sphere.h
[14.722s] -- Installing: /home/open/work/src/install/tutorial_interfaces/include/tutorial_interfaces/tutorial_interfaces/msg/num.h
[14.722s] -- Installing: /home/open/work/src/install/tutorial_interfaces/include/tutorial_interfaces/tutorial_interfaces/msg/detail
[14.723s] -- Installing: /home/open/work/src/install/tutorial_interfaces/include/tutorial_interfaces/tutorial_interfaces/msg/detail/sphere__functions.c
[14.723s] -- Installing: /home/open/work/src/install/tutorial_interfaces/include/tutorial_interfaces/tutorial_interfaces/msg/detail/num__type_support.h
[14.723s] -- Installing: /home/open/work/src/install/tutorial_interfaces/include/tutorial_interfaces/tutorial_interfaces/msg/detail/num__functions.h
[14.723s] -- Installing: /home/open/work/src/install/tutorial_interfaces/include/tutorial_interfaces/tutorial_interfaces/msg/detail/sphere__struct.h
[14.723s] -- Installing: /home/open/work/src/install/tutorial_interfaces/include/tutorial_interfaces/tutorial_interfaces/msg/detail/sphere__type_support.h
[14.723s] -- Installing: /home/open/work/src/install/tutorial_interfaces/include/tutorial_interfaces/tutorial_interfaces/msg/detail/num__struct.h
[14.724s] -- Installing: /home/open/work/src/install/tutorial_interfaces/include/tutorial_interfaces/tutorial_interfaces/msg/detail/num__functions.c
[14.724s] -- Installing: /home/open/work/src/install/tutorial_interfaces/include/tutorial_interfaces/tutorial_interfaces/msg/detail/sphere__functions.h
[14.724s] -- Installing: /home/open/work/src/install/tutorial_interfaces/include/tutorial_interfaces/tutorial_interfaces/srv
[14.724s] -- Installing: /home/open/work/src/install/tutorial_interfaces/include/tutorial_interfaces/tutorial_interfaces/srv/add_three_ints.h
[14.724s] -- Installing: /home/open/work/src/install/tutorial_interfaces/include/tutorial_interfaces/tutorial_interfaces/srv/detail
[14.724s] -- Installing: /home/open/work/src/install/tutorial_interfaces/include/tutorial_interfaces/tutorial_interfaces/srv/detail/add_three_ints__type_support.h
[14.725s] -- Installing: /home/open/work/src/install/tutorial_interfaces/include/tutorial_interfaces/tutorial_interfaces/srv/detail/add_three_ints__struct.h
[14.725s] -- Installing: /home/open/work/src/install/tutorial_interfaces/include/tutorial_interfaces/tutorial_interfaces/srv/detail/add_three_ints__functions.c
[14.725s] -- Installing: /home/open/work/src/install/tutorial_interfaces/include/tutorial_interfaces/tutorial_interfaces/srv/detail/add_three_ints__functions.h
[14.725s] -- Installing: /home/open/work/src/install/tutorial_interfaces/share/tutorial_interfaces/environment/library_path.sh
[14.725s] -- Installing: /home/open/work/src/install/tutorial_interfaces/share/tutorial_interfaces/environment/library_path.dsv
[14.726s] -- Installing: /home/open/work/src/install/tutorial_interfaces/lib/libtutorial_interfaces__rosidl_generator_c.so
[14.726s] -- Set runtime path of "/home/open/work/src/install/tutorial_interfaces/lib/libtutorial_interfaces__rosidl_generator_c.so" to ""
[14.726s] -- Up-to-date: /home/open/work/src/install/tutorial_interfaces/include/tutorial_interfaces/tutorial_interfaces
[14.726s] -- Up-to-date: /home/open/work/src/install/tutorial_interfaces/include/tutorial_interfaces/tutorial_interfaces/msg
[14.726s] -- Installing: /home/open/work/src/install/tutorial_interfaces/include/tutorial_interfaces/tutorial_interfaces/msg/rosidl_typesupport_fastrtps_c__visibility_control.h
[14.726s] -- Up-to-date: /home/open/work/src/install/tutorial_interfaces/include/tutorial_interfaces/tutorial_interfaces/msg/detail
[14.727s] -- Installing: /home/open/work/src/install/tutorial_interfaces/include/tutorial_interfaces/tutorial_interfaces/msg/detail/sphere__rosidl_typesupport_fastrtps_c.h
[14.727s] -- Installing: /home/open/work/src/install/tutorial_interfaces/include/tutorial_interfaces/tutorial_interfaces/msg/detail/num__rosidl_typesupport_fastrtps_c.h
[14.727s] -- Up-to-date: /home/open/work/src/install/tutorial_interfaces/include/tutorial_interfaces/tutorial_interfaces/srv
[14.727s] -- Up-to-date: /home/open/work/src/install/tutorial_interfaces/include/tutorial_interfaces/tutorial_interfaces/srv/detail
[14.727s] -- Installing: /home/open/work/src/install/tutorial_interfaces/include/tutorial_interfaces/tutorial_interfaces/srv/detail/add_three_ints__rosidl_typesupport_fastrtps_c.h
[14.727s] -- Installing: /home/open/work/src/install/tutorial_interfaces/lib/libtutorial_interfaces__rosidl_typesupport_fastrtps_c.so
[14.728s] -- Set runtime path of "/home/open/work/src/install/tutorial_interfaces/lib/libtutorial_interfaces__rosidl_typesupport_fastrtps_c.so" to ""
[14.728s] -- Up-to-date: /home/open/work/src/install/tutorial_interfaces/include/tutorial_interfaces/tutorial_interfaces
[14.728s] -- Up-to-date: /home/open/work/src/install/tutorial_interfaces/include/tutorial_interfaces/tutorial_interfaces/msg
[14.728s] -- Installing: /home/open/work/src/install/tutorial_interfaces/include/tutorial_interfaces/tutorial_interfaces/msg/sphere.hpp
[14.728s] -- Up-to-date: /home/open/work/src/install/tutorial_interfaces/include/tutorial_interfaces/tutorial_interfaces/msg/detail
[14.728s] -- Installing: /home/open/work/src/install/tutorial_interfaces/include/tutorial_interfaces/tutorial_interfaces/msg/detail/sphere__builder.hpp
[14.729s] -- Installing: /home/open/work/src/install/tutorial_interfaces/include/tutorial_interfaces/tutorial_interfaces/msg/detail/sphere__struct.hpp
[14.729s] -- Installing: /home/open/work/src/install/tutorial_interfaces/include/tutorial_interfaces/tutorial_interfaces/msg/detail/sphere__traits.hpp
[14.729s] -- Installing: /home/open/work/src/install/tutorial_interfaces/include/tutorial_interfaces/tutorial_interfaces/msg/detail/num__traits.hpp
[14.729s] -- Installing: /home/open/work/src/install/tutorial_interfaces/include/tutorial_interfaces/tutorial_interfaces/msg/detail/num__struct.hpp
[14.729s] -- Installing: /home/open/work/src/install/tutorial_interfaces/include/tutorial_interfaces/tutorial_interfaces/msg/detail/num__builder.hpp
[14.730s] -- Installing: /home/open/work/src/install/tutorial_interfaces/include/tutorial_interfaces/tutorial_interfaces/msg/num.hpp
[14.730s] -- Up-to-date: /home/open/work/src/install/tutorial_interfaces/include/tutorial_interfaces/tutorial_interfaces/srv
[14.730s] -- Installing: /home/open/work/src/install/tutorial_interfaces/include/tutorial_interfaces/tutorial_interfaces/srv/add_three_ints.hpp
[14.730s] -- Up-to-date: /home/open/work/src/install/tutorial_interfaces/include/tutorial_interfaces/tutorial_interfaces/srv/detail
[14.730s] -- Installing: /home/open/work/src/install/tutorial_interfaces/include/tutorial_interfaces/tutorial_interfaces/srv/detail/add_three_ints__builder.hpp
[14.733s] -- Installing: /home/open/work/src/install/tutorial_interfaces/include/tutorial_interfaces/tutorial_interfaces/srv/detail/add_three_ints__traits.hpp
[14.734s] -- Installing: /home/open/work/src/install/tutorial_interfaces/include/tutorial_interfaces/tutorial_interfaces/srv/detail/add_three_ints__struct.hpp
[14.734s] -- Up-to-date: /home/open/work/src/install/tutorial_interfaces/include/tutorial_interfaces/tutorial_interfaces
[14.734s] -- Up-to-date: /home/open/work/src/install/tutorial_interfaces/include/tutorial_interfaces/tutorial_interfaces/msg
[14.734s] -- Installing: /home/open/work/src/install/tutorial_interfaces/include/tutorial_interfaces/tutorial_interfaces/msg/rosidl_typesupport_fastrtps_cpp__visibility_control.h
[14.734s] -- Up-to-date: /home/open/work/src/install/tutorial_interfaces/include/tutorial_interfaces/tutorial_interfaces/msg/detail
[14.735s] -- Installing: /home/open/work/src/install/tutorial_interfaces/include/tutorial_interfaces/tutorial_interfaces/msg/detail/sphere__rosidl_typesupport_fastrtps_cpp.hpp
[14.736s] -- Installing: /home/open/work/src/install/tutorial_interfaces/include/tutorial_interfaces/tutorial_interfaces/msg/detail/num__rosidl_typesupport_fastrtps_cpp.hpp
[14.736s] -- Installing: /home/open/work/src/install/tutorial_interfaces/include/tutorial_interfaces/tutorial_interfaces/msg/detail/dds_fastrtps
[14.736s] -- Up-to-date: /home/open/work/src/install/tutorial_interfaces/include/tutorial_interfaces/tutorial_interfaces/srv
[14.736s] -- Up-to-date: /home/open/work/src/install/tutorial_interfaces/include/tutorial_interfaces/tutorial_interfaces/srv/detail
[14.736s] -- Installing: /home/open/work/src/install/tutorial_interfaces/include/tutorial_interfaces/tutorial_interfaces/srv/detail/dds_fastrtps
[14.736s] -- Installing: /home/open/work/src/install/tutorial_interfaces/include/tutorial_interfaces/tutorial_interfaces/srv/detail/add_three_ints__rosidl_typesupport_fastrtps_cpp.hpp
[14.737s] -- Installing: /home/open/work/src/install/tutorial_interfaces/lib/libtutorial_interfaces__rosidl_typesupport_fastrtps_cpp.so
[14.737s] -- Set runtime path of "/home/open/work/src/install/tutorial_interfaces/lib/libtutorial_interfaces__rosidl_typesupport_fastrtps_cpp.so" to ""
[14.737s] -- Up-to-date: /home/open/work/src/install/tutorial_interfaces/include/tutorial_interfaces/tutorial_interfaces
[14.737s] -- Up-to-date: /home/open/work/src/install/tutorial_interfaces/include/tutorial_interfaces/tutorial_interfaces/msg
[14.738s] -- Installing: /home/open/work/src/install/tutorial_interfaces/include/tutorial_interfaces/tutorial_interfaces/msg/rosidl_typesupport_introspection_c__visibility_control.h
[14.738s] -- Up-to-date: /home/open/work/src/install/tutorial_interfaces/include/tutorial_interfaces/tutorial_interfaces/msg/detail
[14.738s] -- Installing: /home/open/work/src/install/tutorial_interfaces/include/tutorial_interfaces/tutorial_interfaces/msg/detail/num__rosidl_typesupport_introspection_c.h
[14.738s] -- Installing: /home/open/work/src/install/tutorial_interfaces/include/tutorial_interfaces/tutorial_interfaces/msg/detail/sphere__type_support.c
[14.738s] -- Installing: /home/open/work/src/install/tutorial_interfaces/include/tutorial_interfaces/tutorial_interfaces/msg/detail/num__type_support.c
[14.738s] -- Installing: /home/open/work/src/install/tutorial_interfaces/include/tutorial_interfaces/tutorial_interfaces/msg/detail/sphere__rosidl_typesupport_introspection_c.h
[14.738s] -- Up-to-date: /home/open/work/src/install/tutorial_interfaces/include/tutorial_interfaces/tutorial_interfaces/srv
[14.739s] -- Up-to-date: /home/open/work/src/install/tutorial_interfaces/include/tutorial_interfaces/tutorial_interfaces/srv/detail
[14.739s] -- Installing: /home/open/work/src/install/tutorial_interfaces/include/tutorial_interfaces/tutorial_interfaces/srv/detail/add_three_ints__type_support.c
[14.740s] -- Installing: /home/open/work/src/install/tutorial_interfaces/include/tutorial_interfaces/tutorial_interfaces/srv/detail/add_three_ints__rosidl_typesupport_introspection_c.h
[14.740s] -- Installing: /home/open/work/src/install/tutorial_interfaces/lib/libtutorial_interfaces__rosidl_typesupport_introspection_c.so
[14.740s] -- Set runtime path of "/home/open/work/src/install/tutorial_interfaces/lib/libtutorial_interfaces__rosidl_typesupport_introspection_c.so" to ""
[14.740s] -- Installing: /home/open/work/src/install/tutorial_interfaces/lib/libtutorial_interfaces__rosidl_typesupport_c.so
[14.740s] -- Set runtime path of "/home/open/work/src/install/tutorial_interfaces/lib/libtutorial_interfaces__rosidl_typesupport_c.so" to ""
[14.740s] -- Up-to-date: /home/open/work/src/install/tutorial_interfaces/include/tutorial_interfaces/tutorial_interfaces
[14.741s] -- Up-to-date: /home/open/work/src/install/tutorial_interfaces/include/tutorial_interfaces/tutorial_interfaces/msg
[14.741s] -- Up-to-date: /home/open/work/src/install/tutorial_interfaces/include/tutorial_interfaces/tutorial_interfaces/msg/detail
[14.741s] -- Installing: /home/open/work/src/install/tutorial_interfaces/include/tutorial_interfaces/tutorial_interfaces/msg/detail/sphere__type_support.cpp
[14.741s] -- Installing: /home/open/work/src/install/tutorial_interfaces/include/tutorial_interfaces/tutorial_interfaces/msg/detail/num__type_support.cpp
[14.741s] -- Installing: /home/open/work/src/install/tutorial_interfaces/include/tutorial_interfaces/tutorial_interfaces/msg/detail/num__rosidl_typesupport_introspection_cpp.hpp
[14.741s] -- Installing: /home/open/work/src/install/tutorial_interfaces/include/tutorial_interfaces/tutorial_interfaces/msg/detail/sphere__rosidl_typesupport_introspection_cpp.hpp
[14.741s] -- Up-to-date: /home/open/work/src/install/tutorial_interfaces/include/tutorial_interfaces/tutorial_interfaces/srv
[14.741s] -- Up-to-date: /home/open/work/src/install/tutorial_interfaces/include/tutorial_interfaces/tutorial_interfaces/srv/detail
[14.742s] -- Installing: /home/open/work/src/install/tutorial_interfaces/include/tutorial_interfaces/tutorial_interfaces/srv/detail/add_three_ints__rosidl_typesupport_introspection_cpp.hpp
[14.742s] -- Installing: /home/open/work/src/install/tutorial_interfaces/include/tutorial_interfaces/tutorial_interfaces/srv/detail/add_three_ints__type_support.cpp
[14.742s] -- Installing: /home/open/work/src/install/tutorial_interfaces/lib/libtutorial_interfaces__rosidl_typesupport_introspection_cpp.so
[14.742s] -- Set runtime path of "/home/open/work/src/install/tutorial_interfaces/lib/libtutorial_interfaces__rosidl_typesupport_introspection_cpp.so" to ""
[14.742s] -- Installing: /home/open/work/src/install/tutorial_interfaces/lib/libtutorial_interfaces__rosidl_typesupport_cpp.so
[14.742s] -- Set runtime path of "/home/open/work/src/install/tutorial_interfaces/lib/libtutorial_interfaces__rosidl_typesupport_cpp.so" to ""
[14.743s] -- Installing: /home/open/work/src/install/tutorial_interfaces/share/tutorial_interfaces/environment/pythonpath.sh
[14.743s] -- Installing: /home/open/work/src/install/tutorial_interfaces/share/tutorial_interfaces/environment/pythonpath.dsv
[14.743s] -- Installing: /home/open/work/src/install/tutorial_interfaces/local/lib/python3.10/dist-packages/tutorial_interfaces-0.0.0-py3.10.egg-info
[14.744s] -- Installing: /home/open/work/src/install/tutorial_interfaces/local/lib/python3.10/dist-packages/tutorial_interfaces-0.0.0-py3.10.egg-info/PKG-INFO
[14.744s] -- Installing: /home/open/work/src/install/tutorial_interfaces/local/lib/python3.10/dist-packages/tutorial_interfaces-0.0.0-py3.10.egg-info/top_level.txt
[14.744s] -- Installing: /home/open/work/src/install/tutorial_interfaces/local/lib/python3.10/dist-packages/tutorial_interfaces-0.0.0-py3.10.egg-info/dependency_links.txt
[14.744s] -- Installing: /home/open/work/src/install/tutorial_interfaces/local/lib/python3.10/dist-packages/tutorial_interfaces-0.0.0-py3.10.egg-info/SOURCES.txt
[14.744s] -- Installing: /home/open/work/src/install/tutorial_interfaces/local/lib/python3.10/dist-packages/tutorial_interfaces
[14.744s] -- Installing: /home/open/work/src/install/tutorial_interfaces/local/lib/python3.10/dist-packages/tutorial_interfaces/_tutorial_interfaces_s.ep.rosidl_typesupport_fastrtps_c.c
[14.744s] -- Installing: /home/open/work/src/install/tutorial_interfaces/local/lib/python3.10/dist-packages/tutorial_interfaces/tutorial_interfaces_s__rosidl_typesupport_c.cpython-310-x86_64-linux-gnu.so
[14.745s] -- Installing: /home/open/work/src/install/tutorial_interfaces/local/lib/python3.10/dist-packages/tutorial_interfaces/_tutorial_interfaces_s.ep.rosidl_typesupport_c.c
[14.745s] -- Installing: /home/open/work/src/install/tutorial_interfaces/local/lib/python3.10/dist-packages/tutorial_interfaces/msg
[14.745s] -- Installing: /home/open/work/src/install/tutorial_interfaces/local/lib/python3.10/dist-packages/tutorial_interfaces/msg/_sphere_s.c
[14.745s] -- Installing: /home/open/work/src/install/tutorial_interfaces/local/lib/python3.10/dist-packages/tutorial_interfaces/msg/_sphere.py
[14.745s] -- Installing: /home/open/work/src/install/tutorial_interfaces/local/lib/python3.10/dist-packages/tutorial_interfaces/msg/_num_s.c
[14.745s] -- Installing: /home/open/work/src/install/tutorial_interfaces/local/lib/python3.10/dist-packages/tutorial_interfaces/msg/__init__.py
[14.745s] -- Installing: /home/open/work/src/install/tutorial_interfaces/local/lib/python3.10/dist-packages/tutorial_interfaces/msg/_num.py
[14.745s] -- Installing: /home/open/work/src/install/tutorial_interfaces/local/lib/python3.10/dist-packages/tutorial_interfaces/srv
[14.746s] -- Installing: /home/open/work/src/install/tutorial_interfaces/local/lib/python3.10/dist-packages/tutorial_interfaces/srv/_add_three_ints.py
[14.746s] -- Installing: /home/open/work/src/install/tutorial_interfaces/local/lib/python3.10/dist-packages/tutorial_interfaces/srv/_add_three_ints_s.c
[14.746s] -- Installing: /home/open/work/src/install/tutorial_interfaces/local/lib/python3.10/dist-packages/tutorial_interfaces/srv/__init__.py
[14.746s] -- Installing: /home/open/work/src/install/tutorial_interfaces/local/lib/python3.10/dist-packages/tutorial_interfaces/libtutorial_interfaces__rosidl_generator_py.so
[14.746s] -- Installing: /home/open/work/src/install/tutorial_interfaces/local/lib/python3.10/dist-packages/tutorial_interfaces/tutorial_interfaces_s__rosidl_typesupport_introspection_c.cpython-310-x86_64-linux-gnu.so
[14.746s] -- Installing: /home/open/work/src/install/tutorial_interfaces/local/lib/python3.10/dist-packages/tutorial_interfaces/__init__.py
[14.747s] -- Installing: /home/open/work/src/install/tutorial_interfaces/local/lib/python3.10/dist-packages/tutorial_interfaces/_tutorial_interfaces_s.ep.rosidl_typesupport_introspection_c.c
[14.747s] -- Installing: /home/open/work/src/install/tutorial_interfaces/local/lib/python3.10/dist-packages/tutorial_interfaces/tutorial_interfaces_s__rosidl_typesupport_fastrtps_c.cpython-310-x86_64-linux-gnu.so
[14.828s] Listing '/home/open/work/src/install/tutorial_interfaces/local/lib/python3.10/dist-packages/tutorial_interfaces'...
[14.829s] Compiling '/home/open/work/src/install/tutorial_interfaces/local/lib/python3.10/dist-packages/tutorial_interfaces/__init__.py'...
[14.829s] Listing '/home/open/work/src/install/tutorial_interfaces/local/lib/python3.10/dist-packages/tutorial_interfaces/msg'...
[14.829s] Compiling '/home/open/work/src/install/tutorial_interfaces/local/lib/python3.10/dist-packages/tutorial_interfaces/msg/__init__.py'...
[14.829s] Compiling '/home/open/work/src/install/tutorial_interfaces/local/lib/python3.10/dist-packages/tutorial_interfaces/msg/_num.py'...
[14.829s] Compiling '/home/open/work/src/install/tutorial_interfaces/local/lib/python3.10/dist-packages/tutorial_interfaces/msg/_sphere.py'...
[14.829s] Listing '/home/open/work/src/install/tutorial_interfaces/local/lib/python3.10/dist-packages/tutorial_interfaces/srv'...
[14.829s] Compiling '/home/open/work/src/install/tutorial_interfaces/local/lib/python3.10/dist-packages/tutorial_interfaces/srv/__init__.py'...
[14.829s] Compiling '/home/open/work/src/install/tutorial_interfaces/local/lib/python3.10/dist-packages/tutorial_interfaces/srv/_add_three_ints.py'...
[14.840s] -- Installing: /home/open/work/src/install/tutorial_interfaces/local/lib/python3.10/dist-packages/tutorial_interfaces/tutorial_interfaces_s__rosidl_typesupport_fastrtps_c.cpython-310-x86_64-linux-gnu.so
[14.841s] -- Set runtime path of "/home/open/work/src/install/tutorial_interfaces/local/lib/python3.10/dist-packages/tutorial_interfaces/tutorial_interfaces_s__rosidl_typesupport_fastrtps_c.cpython-310-x86_64-linux-gnu.so" to ""
[14.841s] -- Installing: /home/open/work/src/install/tutorial_interfaces/local/lib/python3.10/dist-packages/tutorial_interfaces/tutorial_interfaces_s__rosidl_typesupport_introspection_c.cpython-310-x86_64-linux-gnu.so
[14.842s] -- Set runtime path of "/home/open/work/src/install/tutorial_interfaces/local/lib/python3.10/dist-packages/tutorial_interfaces/tutorial_interfaces_s__rosidl_typesupport_introspection_c.cpython-310-x86_64-linux-gnu.so" to ""
[14.843s] -- Installing: /home/open/work/src/install/tutorial_interfaces/local/lib/python3.10/dist-packages/tutorial_interfaces/tutorial_interfaces_s__rosidl_typesupport_c.cpython-310-x86_64-linux-gnu.so
[14.844s] -- Set runtime path of "/home/open/work/src/install/tutorial_interfaces/local/lib/python3.10/dist-packages/tutorial_interfaces/tutorial_interfaces_s__rosidl_typesupport_c.cpython-310-x86_64-linux-gnu.so" to ""
[14.845s] -- Installing: /home/open/work/src/install/tutorial_interfaces/lib/libtutorial_interfaces__rosidl_generator_py.so
[14.852s] -- Set runtime path of "/home/open/work/src/install/tutorial_interfaces/lib/libtutorial_interfaces__rosidl_generator_py.so" to ""
[14.852s] -- Installing: /home/open/work/src/install/tutorial_interfaces/share/tutorial_interfaces/msg/Num.idl
[14.852s] -- Installing: /home/open/work/src/install/tutorial_interfaces/share/tutorial_interfaces/msg/Sphere.idl
[14.852s] -- Installing: /home/open/work/src/install/tutorial_interfaces/share/tutorial_interfaces/srv/AddThreeInts.idl
[14.852s] -- Installing: /home/open/work/src/install/tutorial_interfaces/share/tutorial_interfaces/msg/Num.msg
[14.853s] -- Installing: /home/open/work/src/install/tutorial_interfaces/share/tutorial_interfaces/msg/Sphere.msg
[14.853s] -- Installing: /home/open/work/src/install/tutorial_interfaces/share/tutorial_interfaces/srv/AddThreeInts.srv
[14.853s] -- Installing: /home/open/work/src/install/tutorial_interfaces/share/tutorial_interfaces/srv/AddThreeInts_Request.msg
[14.853s] -- Installing: /home/open/work/src/install/tutorial_interfaces/share/tutorial_interfaces/srv/AddThreeInts_Response.msg
[14.853s] -- Installing: /home/open/work/src/install/tutorial_interfaces/share/ament_index/resource_index/package_run_dependencies/tutorial_interfaces
[14.853s] -- Installing: /home/open/work/src/install/tutorial_interfaces/share/ament_index/resource_index/parent_prefix_path/tutorial_interfaces
[14.853s] -- Installing: /home/open/work/src/install/tutorial_interfaces/share/tutorial_interfaces/environment/ament_prefix_path.sh
[14.857s] -- Installing: /home/open/work/src/install/tutorial_interfaces/share/tutorial_interfaces/environment/ament_prefix_path.dsv
[14.857s] -- Installing: /home/open/work/src/install/tutorial_interfaces/share/tutorial_interfaces/environment/path.sh
[14.857s] -- Installing: /home/open/work/src/install/tutorial_interfaces/share/tutorial_interfaces/environment/path.dsv
[14.857s] -- Installing: /home/open/work/src/install/tutorial_interfaces/share/tutorial_interfaces/local_setup.bash
[14.857s] -- Installing: /home/open/work/src/install/tutorial_interfaces/share/tutorial_interfaces/local_setup.sh
[14.857s] -- Installing: /home/open/work/src/install/tutorial_interfaces/share/tutorial_interfaces/local_setup.zsh
[14.858s] -- Installing: /home/open/work/src/install/tutorial_interfaces/share/tutorial_interfaces/local_setup.dsv
[14.859s] -- Installing: /home/open/work/src/install/tutorial_interfaces/share/tutorial_interfaces/package.dsv
[14.859s] -- Installing: /home/open/work/src/install/tutorial_interfaces/share/ament_index/resource_index/packages/tutorial_interfaces
[14.860s] -- Installing: /home/open/work/src/install/tutorial_interfaces/share/tutorial_interfaces/cmake/export_tutorial_interfaces__rosidl_generator_cExport.cmake
[14.861s] -- Installing: /home/open/work/src/install/tutorial_interfaces/share/tutorial_interfaces/cmake/export_tutorial_interfaces__rosidl_generator_cExport-noconfig.cmake
[14.862s] -- Installing: /home/open/work/src/install/tutorial_interfaces/share/tutorial_interfaces/cmake/export_tutorial_interfaces__rosidl_typesupport_fastrtps_cExport.cmake
[14.862s] -- Installing: /home/open/work/src/install/tutorial_interfaces/share/tutorial_interfaces/cmake/export_tutorial_interfaces__rosidl_typesupport_fastrtps_cExport-noconfig.cmake
[14.867s] -- Installing: /home/open/work/src/install/tutorial_interfaces/share/tutorial_interfaces/cmake/export_tutorial_interfaces__rosidl_generator_cppExport.cmake
[14.867s] -- Installing: /home/open/work/src/install/tutorial_interfaces/share/tutorial_interfaces/cmake/export_tutorial_interfaces__rosidl_typesupport_fastrtps_cppExport.cmake
[14.867s] -- Installing: /home/open/work/src/install/tutorial_interfaces/share/tutorial_interfaces/cmake/export_tutorial_interfaces__rosidl_typesupport_fastrtps_cppExport-noconfig.cmake
[14.867s] -- Installing: /home/open/work/src/install/tutorial_interfaces/share/tutorial_interfaces/cmake/tutorial_interfaces__rosidl_typesupport_introspection_cExport.cmake
[14.867s] -- Installing: /home/open/work/src/install/tutorial_interfaces/share/tutorial_interfaces/cmake/tutorial_interfaces__rosidl_typesupport_introspection_cExport-noconfig.cmake
[14.869s] -- Installing: /home/open/work/src/install/tutorial_interfaces/share/tutorial_interfaces/cmake/tutorial_interfaces__rosidl_typesupport_cExport.cmake
[14.869s] -- Installing: /home/open/work/src/install/tutorial_interfaces/share/tutorial_interfaces/cmake/tutorial_interfaces__rosidl_typesupport_cExport-noconfig.cmake
[14.869s] -- Installing: /home/open/work/src/install/tutorial_interfaces/share/tutorial_interfaces/cmake/tutorial_interfaces__rosidl_typesupport_introspection_cppExport.cmake
[14.869s] -- Installing: /home/open/work/src/install/tutorial_interfaces/share/tutorial_interfaces/cmake/tutorial_interfaces__rosidl_typesupport_introspection_cppExport-noconfig.cmake
[14.870s] -- Installing: /home/open/work/src/install/tutorial_interfaces/share/tutorial_interfaces/cmake/tutorial_interfaces__rosidl_typesupport_cppExport.cmake
[14.870s] -- Installing: /home/open/work/src/install/tutorial_interfaces/share/tutorial_interfaces/cmake/tutorial_interfaces__rosidl_typesupport_cppExport-noconfig.cmake
[14.870s] -- Installing: /home/open/work/src/install/tutorial_interfaces/share/tutorial_interfaces/cmake/export_tutorial_interfaces__rosidl_generator_pyExport.cmake
[14.870s] -- Installing: /home/open/work/src/install/tutorial_interfaces/share/tutorial_interfaces/cmake/export_tutorial_interfaces__rosidl_generator_pyExport-noconfig.cmake
[14.870s] -- Installing: /home/open/work/src/install/tutorial_interfaces/share/tutorial_interfaces/cmake/rosidl_cmake-extras.cmake
[14.871s] -- Installing: /home/open/work/src/install/tutorial_interfaces/share/tutorial_interfaces/cmake/ament_cmake_export_dependencies-extras.cmake
[14.872s] -- Installing: /home/open/work/src/install/tutorial_interfaces/share/tutorial_interfaces/cmake/ament_cmake_export_include_directories-extras.cmake
[14.872s] -- Installing: /home/open/work/src/install/tutorial_interfaces/share/tutorial_interfaces/cmake/ament_cmake_export_libraries-extras.cmake
[14.872s] -- Installing: /home/open/work/src/install/tutorial_interfaces/share/tutorial_interfaces/cmake/ament_cmake_export_targets-extras.cmake
[14.873s] -- Installing: /home/open/work/src/install/tutorial_interfaces/share/tutorial_interfaces/cmake/rosidl_cmake_export_typesupport_targets-extras.cmake
[14.873s] -- Installing: /home/open/work/src/install/tutorial_interfaces/share/tutorial_interfaces/cmake/rosidl_cmake_export_typesupport_libraries-extras.cmake
[14.874s] -- Installing: /home/open/work/src/install/tutorial_interfaces/share/tutorial_interfaces/cmake/tutorial_interfacesConfig.cmake
[14.874s] -- Installing: /home/open/work/src/install/tutorial_interfaces/share/tutorial_interfaces/cmake/tutorial_interfacesConfig-version.cmake
[14.874s] -- Installing: /home/open/work/src/install/tutorial_interfaces/share/tutorial_interfaces/package.xml
[14.883s] Invoked command in '/home/open/work/src/build/tutorial_interfaces' returned '0': CMAKE_PREFIX_PATH=/opt/ros/humble /usr/bin/cmake --install /home/open/work/src/build/tutorial_interfaces
