[  2%] [34m[1mGenerating C code for ROS interfaces[0m
[  5%] [34m[1mGenerating C++ code for ROS interfaces[0m
[  5%] Built target ament_cmake_python_copy_hiwin_interfaces
running egg_info
writing hiwin_interfaces.egg-info/PKG-INFO
writing dependency_links to hiwin_interfaces.egg-info/dependency_links.txt
writing top-level names to hiwin_interfaces.egg-info/top_level.txt
reading manifest file 'hiwin_interfaces.egg-info/SOURCES.txt'
writing manifest file 'hiwin_interfaces.egg-info/SOURCES.txt'
[  5%] Built target ament_cmake_python_build_hiwin_interfaces_egg
[  7%] [32mBuilding C object CMakeFiles/hiwin_interfaces__rosidl_generator_c.dir/rosidl_generator_c/hiwin_interfaces/srv/detail/robot_command__functions.c.o[0m
[ 10%] [32mBuilding C object CMakeFiles/hiwin_interfaces__rosidl_generator_c.dir/rosidl_generator_c/hiwin_interfaces/srv/detail/hiwinmodbus__functions.c.o[0m
[ 10%] Built target hiwin_interfaces__cpp
[ 12%] [32m[1mLinking C shared library libhiwin_interfaces__rosidl_generator_c.so[0m
[ 15%] [34m[1mGenerating C++ type support dispatch for ROS interfaces[0m
[ 17%] [34m[1mGenerating C++ type support for eProsima Fast-RTPS[0m
[ 20%] [34m[1mGenerating C++ introspection for ROS interfaces[0m
[ 20%] Built target hiwin_interfaces__rosidl_generator_c
[ 23%] [34m[1mGenerating C introspection for ROS interfaces[0m
[ 25%] [34m[1mGenerating C type support for eProsima Fast-RTPS[0m
[ 28%] [34m[1mGenerating C type support dispatch for ROS interfaces[0m
[ 30%] [32mBuilding CXX object CMakeFiles/hiwin_interfaces__rosidl_typesupport_cpp.dir/rosidl_typesupport_cpp/hiwin_interfaces/srv/hiwinmodbus__type_support.cpp.o[0m
[ 33%] [32mBuilding CXX object CMakeFiles/hiwin_interfaces__rosidl_typesupport_cpp.dir/rosidl_typesupport_cpp/hiwin_interfaces/srv/robot_command__type_support.cpp.o[0m
[ 35%] [32mBuilding CXX object CMakeFiles/hiwin_interfaces__rosidl_typesupport_c.dir/rosidl_typesupport_c/hiwin_interfaces/srv/robot_command__type_support.cpp.o[0m
[ 38%] [32mBuilding CXX object CMakeFiles/hiwin_interfaces__rosidl_typesupport_c.dir/rosidl_typesupport_c/hiwin_interfaces/srv/hiwinmodbus__type_support.cpp.o[0m
[ 41%] [32mBuilding CXX object CMakeFiles/hiwin_interfaces__rosidl_typesupport_fastrtps_c.dir/rosidl_typesupport_fastrtps_c/hiwin_interfaces/srv/detail/robot_command__type_support_c.cpp.o[0m
[ 43%] [32mBuilding CXX object CMakeFiles/hiwin_interfaces__rosidl_typesupport_fastrtps_c.dir/rosidl_typesupport_fastrtps_c/hiwin_interfaces/srv/detail/hiwinmodbus__type_support_c.cpp.o[0m
[ 46%] [32mBuilding CXX object CMakeFiles/hiwin_interfaces__rosidl_typesupport_fastrtps_cpp.dir/rosidl_typesupport_fastrtps_cpp/hiwin_interfaces/srv/detail/dds_fastrtps/hiwinmodbus__type_support.cpp.o[0m
[ 48%] [32mBuilding CXX object CMakeFiles/hiwin_interfaces__rosidl_typesupport_fastrtps_cpp.dir/rosidl_typesupport_fastrtps_cpp/hiwin_interfaces/srv/detail/dds_fastrtps/robot_command__type_support.cpp.o[0m
[ 51%] [32m[1mLinking CXX shared library libhiwin_interfaces__rosidl_typesupport_c.so[0m
[ 53%] [32mBuilding C object CMakeFiles/hiwin_interfaces__rosidl_typesupport_introspection_c.dir/rosidl_typesupport_introspection_c/hiwin_interfaces/srv/detail/hiwinmodbus__type_support.c.o[0m
[ 56%] [32mBuilding C object CMakeFiles/hiwin_interfaces__rosidl_typesupport_introspection_c.dir/rosidl_typesupport_introspection_c/hiwin_interfaces/srv/detail/robot_command__type_support.c.o[0m
[ 56%] Built target hiwin_interfaces__rosidl_typesupport_c
[ 58%] [32m[1mLinking C shared library libhiwin_interfaces__rosidl_typesupport_introspection_c.so[0m
[ 61%] [32mBuilding CXX object CMakeFiles/hiwin_interfaces__rosidl_typesupport_introspection_cpp.dir/rosidl_typesupport_introspection_cpp/hiwin_interfaces/srv/detail/hiwinmodbus__type_support.cpp.o[0m
[ 64%] [32mBuilding CXX object CMakeFiles/hiwin_interfaces__rosidl_typesupport_introspection_cpp.dir/rosidl_typesupport_introspection_cpp/hiwin_interfaces/srv/detail/robot_command__type_support.cpp.o[0m
[ 64%] Built target hiwin_interfaces__rosidl_typesupport_introspection_c
[ 66%] [32m[1mLinking CXX shared library libhiwin_interfaces__rosidl_typesupport_cpp.so[0m
[ 66%] Built target hiwin_interfaces__rosidl_typesupport_cpp
[ 69%] [32m[1mLinking CXX shared library libhiwin_interfaces__rosidl_typesupport_fastrtps_c.so[0m
[ 69%] Built target hiwin_interfaces__rosidl_typesupport_fastrtps_c
[ 71%] [32m[1mLinking CXX shared library libhiwin_interfaces__rosidl_typesupport_fastrtps_cpp.so[0m
[ 74%] [32m[1mLinking CXX shared library libhiwin_interfaces__rosidl_typesupport_introspection_cpp.so[0m
[ 74%] Built target hiwin_interfaces__rosidl_typesupport_fastrtps_cpp
[ 74%] Built target hiwin_interfaces__rosidl_typesupport_introspection_cpp
[ 74%] Built target hiwin_interfaces
[ 76%] [34m[1mGenerating Python code for ROS interfaces[0m
[ 76%] Built target hiwin_interfaces__py
[ 79%] [32mBuilding C object CMakeFiles/hiwin_interfaces__rosidl_generator_py.dir/rosidl_generator_py/hiwin_interfaces/srv/_hiwinmodbus_s.c.o[0m
[ 82%] [32mBuilding C object CMakeFiles/hiwin_interfaces__rosidl_generator_py.dir/rosidl_generator_py/hiwin_interfaces/srv/_robot_command_s.c.o[0m
[ 84%] [32m[1mLinking C shared library rosidl_generator_py/hiwin_interfaces/libhiwin_interfaces__rosidl_generator_py.so[0m
[ 84%] Built target hiwin_interfaces__rosidl_generator_py
[ 87%] [32mBuilding C object CMakeFiles/hiwin_interfaces__rosidl_typesupport_c__pyext.dir/rosidl_generator_py/hiwin_interfaces/_hiwin_interfaces_s.ep.rosidl_typesupport_c.c.o[0m
[ 89%] [32mBuilding C object CMakeFiles/hiwin_interfaces__rosidl_typesupport_fastrtps_c__pyext.dir/rosidl_generator_py/hiwin_interfaces/_hiwin_interfaces_s.ep.rosidl_typesupport_fastrtps_c.c.o[0m
[ 92%] [32mBuilding C object CMakeFiles/hiwin_interfaces__rosidl_typesupport_introspection_c__pyext.dir/rosidl_generator_py/hiwin_interfaces/_hiwin_interfaces_s.ep.rosidl_typesupport_introspection_c.c.o[0m
[ 94%] [32m[1mLinking C shared library rosidl_generator_py/hiwin_interfaces/hiwin_interfaces_s__rosidl_typesupport_introspection_c.cpython-310-x86_64-linux-gnu.so[0m
[ 94%] Built target hiwin_interfaces__rosidl_typesupport_introspection_c__pyext
[100%] [32m[1mLinking C shared library rosidl_generator_py/hiwin_interfaces/hiwin_interfaces_s__rosidl_typesupport_fastrtps_c.cpython-310-x86_64-linux-gnu.so[0m
[100%] [32m[1mLinking C shared library rosidl_generator_py/hiwin_interfaces/hiwin_interfaces_s__rosidl_typesupport_c.cpython-310-x86_64-linux-gnu.so[0m
[100%] Built target hiwin_interfaces__rosidl_typesupport_fastrtps_c__pyext
[100%] Built target hiwin_interfaces__rosidl_typesupport_c__pyext
