[0.029s] Invoking command in '/home/open/work/build/hiwin_interfaces': CMAKE_PREFIX_PATH=/opt/ros/humble /usr/bin/cmake --build /home/open/work/build/hiwin_interfaces -- -j16 -l16
[1.069s] [  2%] [34m[1mGenerating C code for ROS interfaces[0m
[1.069s] [  5%] [34m[1mGenerating C++ code for ROS interfaces[0m
[1.069s] [  5%] Built target ament_cmake_python_copy_hiwin_interfaces
[1.069s] running egg_info
[1.069s] writing hiwin_interfaces.egg-info/PKG-INFO
[1.069s] writing dependency_links to hiwin_interfaces.egg-info/dependency_links.txt
[1.070s] writing top-level names to hiwin_interfaces.egg-info/top_level.txt
[1.070s] reading manifest file 'hiwin_interfaces.egg-info/SOURCES.txt'
[1.070s] writing manifest file 'hiwin_interfaces.egg-info/SOURCES.txt'
[1.070s] [  5%] Built target ament_cmake_python_build_hiwin_interfaces_egg
[1.070s] [  7%] [32mBuilding C object CMakeFiles/hiwin_interfaces__rosidl_generator_c.dir/rosidl_generator_c/hiwin_interfaces/srv/detail/robot_command__functions.c.o[0m
[1.070s] [ 10%] [32mBuilding C object CMakeFiles/hiwin_interfaces__rosidl_generator_c.dir/rosidl_generator_c/hiwin_interfaces/srv/detail/hiwinmodbus__functions.c.o[0m
[1.143s] [ 10%] Built target hiwin_interfaces__cpp
[1.165s] [ 12%] [32m[1mLinking C shared library libhiwin_interfaces__rosidl_generator_c.so[0m
[1.182s] [ 15%] [34m[1mGenerating C++ type support dispatch for ROS interfaces[0m
[1.182s] [ 17%] [34m[1mGenerating C++ type support for eProsima Fast-RTPS[0m
[1.182s] [ 20%] [34m[1mGenerating C++ introspection for ROS interfaces[0m
[1.264s] [ 20%] Built target hiwin_interfaces__rosidl_generator_c
[1.280s] [ 23%] [34m[1mGenerating C introspection for ROS interfaces[0m
[1.286s] [ 25%] [34m[1mGenerating C type support for eProsima Fast-RTPS[0m
[1.288s] [ 28%] [34m[1mGenerating C type support dispatch for ROS interfaces[0m
[2.481s] [ 30%] [32mBuilding CXX object CMakeFiles/hiwin_interfaces__rosidl_typesupport_cpp.dir/rosidl_typesupport_cpp/hiwin_interfaces/srv/hiwinmodbus__type_support.cpp.o[0m
[2.482s] [ 33%] [32mBuilding CXX object CMakeFiles/hiwin_interfaces__rosidl_typesupport_cpp.dir/rosidl_typesupport_cpp/hiwin_interfaces/srv/robot_command__type_support.cpp.o[0m
[2.666s] [ 35%] [32mBuilding CXX object CMakeFiles/hiwin_interfaces__rosidl_typesupport_c.dir/rosidl_typesupport_c/hiwin_interfaces/srv/robot_command__type_support.cpp.o[0m
[2.671s] [ 38%] [32mBuilding CXX object CMakeFiles/hiwin_interfaces__rosidl_typesupport_c.dir/rosidl_typesupport_c/hiwin_interfaces/srv/hiwinmodbus__type_support.cpp.o[0m
[2.703s] [ 41%] [32mBuilding CXX object CMakeFiles/hiwin_interfaces__rosidl_typesupport_fastrtps_c.dir/rosidl_typesupport_fastrtps_c/hiwin_interfaces/srv/detail/robot_command__type_support_c.cpp.o[0m
[2.720s] [ 43%] [32mBuilding CXX object CMakeFiles/hiwin_interfaces__rosidl_typesupport_fastrtps_c.dir/rosidl_typesupport_fastrtps_c/hiwin_interfaces/srv/detail/hiwinmodbus__type_support_c.cpp.o[0m
[2.822s] [ 46%] [32mBuilding CXX object CMakeFiles/hiwin_interfaces__rosidl_typesupport_fastrtps_cpp.dir/rosidl_typesupport_fastrtps_cpp/hiwin_interfaces/srv/detail/dds_fastrtps/hiwinmodbus__type_support.cpp.o[0m
[2.822s] [ 48%] [32mBuilding CXX object CMakeFiles/hiwin_interfaces__rosidl_typesupport_fastrtps_cpp.dir/rosidl_typesupport_fastrtps_cpp/hiwin_interfaces/srv/detail/dds_fastrtps/robot_command__type_support.cpp.o[0m
[2.825s] [ 51%] [32m[1mLinking CXX shared library libhiwin_interfaces__rosidl_typesupport_c.so[0m
[2.914s] [ 53%] [32mBuilding C object CMakeFiles/hiwin_interfaces__rosidl_typesupport_introspection_c.dir/rosidl_typesupport_introspection_c/hiwin_interfaces/srv/detail/hiwinmodbus__type_support.c.o[0m
[2.923s] [ 56%] [32mBuilding C object CMakeFiles/hiwin_interfaces__rosidl_typesupport_introspection_c.dir/rosidl_typesupport_introspection_c/hiwin_interfaces/srv/detail/robot_command__type_support.c.o[0m
[2.985s] [ 56%] Built target hiwin_interfaces__rosidl_typesupport_c
[3.168s] [ 58%] [32m[1mLinking C shared library libhiwin_interfaces__rosidl_typesupport_introspection_c.so[0m
[3.210s] [ 61%] [32mBuilding CXX object CMakeFiles/hiwin_interfaces__rosidl_typesupport_introspection_cpp.dir/rosidl_typesupport_introspection_cpp/hiwin_interfaces/srv/detail/hiwinmodbus__type_support.cpp.o[0m
[3.210s] [ 64%] [32mBuilding CXX object CMakeFiles/hiwin_interfaces__rosidl_typesupport_introspection_cpp.dir/rosidl_typesupport_introspection_cpp/hiwin_interfaces/srv/detail/robot_command__type_support.cpp.o[0m
[3.340s] [ 64%] Built target hiwin_interfaces__rosidl_typesupport_introspection_c
[3.697s] [ 66%] [32m[1mLinking CXX shared library libhiwin_interfaces__rosidl_typesupport_cpp.so[0m
[3.844s] [ 66%] Built target hiwin_interfaces__rosidl_typesupport_cpp
[3.972s] [ 69%] [32m[1mLinking CXX shared library libhiwin_interfaces__rosidl_typesupport_fastrtps_c.so[0m
[4.253s] [ 69%] Built target hiwin_interfaces__rosidl_typesupport_fastrtps_c
[4.396s] [ 71%] [32m[1mLinking CXX shared library libhiwin_interfaces__rosidl_typesupport_fastrtps_cpp.so[0m
[4.428s] [ 74%] [32m[1mLinking CXX shared library libhiwin_interfaces__rosidl_typesupport_introspection_cpp.so[0m
[4.468s] [ 74%] Built target hiwin_interfaces__rosidl_typesupport_fastrtps_cpp
[4.492s] [ 74%] Built target hiwin_interfaces__rosidl_typesupport_introspection_cpp
[4.507s] [ 74%] Built target hiwin_interfaces
[4.521s] [ 76%] [34m[1mGenerating Python code for ROS interfaces[0m
[5.622s] [ 76%] Built target hiwin_interfaces__py
[5.644s] [ 79%] [32mBuilding C object CMakeFiles/hiwin_interfaces__rosidl_generator_py.dir/rosidl_generator_py/hiwin_interfaces/srv/_hiwinmodbus_s.c.o[0m
[5.644s] [ 82%] [32mBuilding C object CMakeFiles/hiwin_interfaces__rosidl_generator_py.dir/rosidl_generator_py/hiwin_interfaces/srv/_robot_command_s.c.o[0m
[5.833s] [ 84%] [32m[1mLinking C shared library rosidl_generator_py/hiwin_interfaces/libhiwin_interfaces__rosidl_generator_py.so[0m
[5.865s] [ 84%] Built target hiwin_interfaces__rosidl_generator_py
[5.882s] [ 87%] [32mBuilding C object CMakeFiles/hiwin_interfaces__rosidl_typesupport_c__pyext.dir/rosidl_generator_py/hiwin_interfaces/_hiwin_interfaces_s.ep.rosidl_typesupport_c.c.o[0m
[5.883s] [ 89%] [32mBuilding C object CMakeFiles/hiwin_interfaces__rosidl_typesupport_fastrtps_c__pyext.dir/rosidl_generator_py/hiwin_interfaces/_hiwin_interfaces_s.ep.rosidl_typesupport_fastrtps_c.c.o[0m
[5.883s] [ 92%] [32mBuilding C object CMakeFiles/hiwin_interfaces__rosidl_typesupport_introspection_c__pyext.dir/rosidl_generator_py/hiwin_interfaces/_hiwin_interfaces_s.ep.rosidl_typesupport_introspection_c.c.o[0m
[5.981s] [ 94%] [32m[1mLinking C shared library rosidl_generator_py/hiwin_interfaces/hiwin_interfaces_s__rosidl_typesupport_introspection_c.cpython-310-x86_64-linux-gnu.so[0m
[6.019s] [ 94%] Built target hiwin_interfaces__rosidl_typesupport_introspection_c__pyext
[6.026s] [100%] [32m[1mLinking C shared library rosidl_generator_py/hiwin_interfaces/hiwin_interfaces_s__rosidl_typesupport_fastrtps_c.cpython-310-x86_64-linux-gnu.so[0m
[6.026s] [100%] [32m[1mLinking C shared library rosidl_generator_py/hiwin_interfaces/hiwin_interfaces_s__rosidl_typesupport_c.cpython-310-x86_64-linux-gnu.so[0m
[6.058s] [100%] Built target hiwin_interfaces__rosidl_typesupport_fastrtps_c__pyext
[6.058s] [100%] Built target hiwin_interfaces__rosidl_typesupport_c__pyext
